<?xml version="1.0" encoding="UTF-8"?>
<coverage generated="1499786504003" clover="3.2.0">
  <project timestamp="1499786504004" name="All files">
    <metrics statements="187" coveredstatements="163" conditionals="455" coveredconditionals="275" methods="179" coveredmethods="155" elements="821" coveredelements="593" complexity="0" loc="187" ncloc="187" packages="9" files="22" classes="22">
      <package name="actions">
        <metrics statements="7" coveredstatements="7" conditionals="14" coveredconditionals="9" methods="14" coveredmethods="11"/>
        <file name="HeadlineAction.js" path="/Users/andeladeveloper/Desktop/headlines/src/js/actions/HeadlineAction.js">
          <metrics statements="7" coveredstatements="7" conditionals="14" coveredconditionals="9" methods="14" coveredmethods="11"/>
          <line num="1" count="20" type="cond" truecount="5" falsecount="3"/>
          <line num="4" count="20" type="cond" truecount="4" falsecount="2"/>
          <line num="10" count="5" type="stmt"/>
          <line num="20" count="2" type="stmt"/>
          <line num="52" count="4" type="stmt"/>
          <line num="69" count="1" type="stmt"/>
          <line num="75" count="5" type="stmt"/>
        </file>
      </package>
      <package name="components">
        <metrics statements="19" coveredstatements="12" conditionals="39" coveredconditionals="22" methods="15" coveredmethods="12"/>
        <file name="App.jsx" path="/Users/andeladeveloper/Desktop/headlines/src/js/components/App.jsx">
          <metrics statements="19" coveredstatements="12" conditionals="39" coveredconditionals="22" methods="15" coveredmethods="12"/>
          <line num="1" count="5" type="cond" truecount="5" falsecount="3"/>
          <line num="10" count="8" type="cond" truecount="14" falsecount="9"/>
          <line num="18" count="1" type="stmt"/>
          <line num="19" count="2" type="cond" truecount="1" falsecount="1"/>
          <line num="28" count="1" type="stmt"/>
          <line num="45" count="1" type="stmt"/>
          <line num="48" count="1" type="cond" truecount="1" falsecount="1"/>
          <line num="49" count="1" type="stmt"/>
          <line num="59" count="0" type="stmt"/>
          <line num="65" count="4" type="stmt"/>
          <line num="66" count="4" type="cond" truecount="1" falsecount="1"/>
          <line num="67" count="4" type="stmt"/>
          <line num="72" count="0" type="stmt"/>
          <line num="73" count="0" type="stmt"/>
          <line num="74" count="0" type="stmt"/>
          <line num="75" count="0" type="stmt"/>
          <line num="76" count="0" type="stmt"/>
          <line num="77" count="0" type="stmt"/>
          <line num="111" count="1" type="stmt"/>
        </file>
      </package>
      <package name="components.articles">
        <metrics statements="28" coveredstatements="24" conditionals="74" coveredconditionals="42" methods="27" coveredmethods="24"/>
        <file name="ArticleDetailsPage.jsx" path="/Users/andeladeveloper/Desktop/headlines/src/js/components/articles/ArticleDetailsPage.jsx">
          <metrics statements="11" coveredstatements="9" conditionals="35" coveredconditionals="21" methods="12" coveredmethods="11"/>
          <line num="1" count="3" type="cond" truecount="5" falsecount="3"/>
          <line num="7" count="6" type="cond" truecount="14" falsecount="9"/>
          <line num="14" count="1" type="stmt"/>
          <line num="15" count="1" type="cond" truecount="1" falsecount="1"/>
          <line num="23" count="1" type="stmt"/>
          <line num="35" count="0" type="stmt"/>
          <line num="41" count="2" type="stmt"/>
          <line num="42" count="2" type="cond" truecount="1" falsecount="1"/>
          <line num="43" count="2" type="stmt"/>
          <line num="48" count="0" type="stmt"/>
          <line num="74" count="1" type="stmt"/>
        </file>
        <file name="ArticlesPage.jsx" path="/Users/andeladeveloper/Desktop/headlines/src/js/components/articles/ArticlesPage.jsx">
          <metrics statements="17" coveredstatements="15" conditionals="39" coveredconditionals="21" methods="15" coveredmethods="13"/>
          <line num="1" count="4" type="cond" truecount="5" falsecount="3"/>
          <line num="10" count="8" type="cond" truecount="14" falsecount="9"/>
          <line num="19" count="1" type="stmt"/>
          <line num="20" count="2" type="cond" truecount="1" falsecount="1"/>
          <line num="29" count="1" type="stmt"/>
          <line num="32" count="2" type="stmt"/>
          <line num="33" count="2" type="stmt"/>
          <line num="34" count="2" type="stmt"/>
          <line num="35" count="2" type="stmt"/>
          <line num="54" count="2" type="stmt"/>
          <line num="60" count="5" type="stmt"/>
          <line num="61" count="5" type="cond" truecount="1" falsecount="1"/>
          <line num="62" count="5" type="stmt"/>
          <line num="67" count="0" type="stmt"/>
          <line num="91" count="0" type="stmt"/>
          <line num="101" count="1" type="stmt"/>
          <line num="104" count="1" type="stmt"/>
        </file>
      </package>
      <package name="components.favourites">
        <metrics statements="7" coveredstatements="7" conditionals="5" coveredconditionals="5" methods="3" coveredmethods="3"/>
        <file name="FavouritesPage.jsx" path="/Users/andeladeveloper/Desktop/headlines/src/js/components/favourites/FavouritesPage.jsx">
          <metrics statements="7" coveredstatements="7" conditionals="5" coveredconditionals="5" methods="3" coveredmethods="3"/>
          <line num="1" count="1" type="stmt"/>
          <line num="4" count="4" type="cond" truecount="4" falsecount="0"/>
          <line num="12" count="1" type="stmt"/>
          <line num="13" count="1" type="stmt"/>
          <line num="14" count="1" type="stmt"/>
          <line num="15" count="1" type="stmt"/>
          <line num="34" count="1" type="stmt"/>
        </file>
      </package>
      <package name="components.partials.in">
        <metrics statements="75" coveredstatements="63" conditionals="183" coveredconditionals="112" methods="74" coveredmethods="62"/>
        <file name="EmptyNotification.jsx" path="/Users/andeladeveloper/Desktop/headlines/src/js/components/partials/in/EmptyNotification.jsx">
          <metrics statements="2" coveredstatements="2" conditionals="4" coveredconditionals="3" methods="2" coveredmethods="2"/>
          <line num="1" count="2" type="cond" truecount="3" falsecount="1"/>
          <line num="8" count="1" type="stmt"/>
        </file>
        <file name="Favourite.jsx" path="/Users/andeladeveloper/Desktop/headlines/src/js/components/partials/in/Favourite.jsx">
          <metrics statements="10" coveredstatements="9" conditionals="33" coveredconditionals="20" methods="12" coveredmethods="10"/>
          <line num="1" count="2" type="cond" truecount="5" falsecount="3"/>
          <line num="4" count="3" type="cond" truecount="14" falsecount="9"/>
          <line num="6" count="1" type="stmt"/>
          <line num="7" count="1" type="cond" truecount="1" falsecount="1"/>
          <line num="16" count="1" type="stmt"/>
          <line num="19" count="0" type="stmt"/>
          <line num="23" count="1" type="stmt"/>
          <line num="24" count="1" type="stmt"/>
          <line num="46" count="1" type="stmt"/>
          <line num="49" count="1" type="stmt"/>
        </file>
        <file name="Footer.jsx" path="/Users/andeladeveloper/Desktop/headlines/src/js/components/partials/in/Footer.jsx">
          <metrics statements="3" coveredstatements="3" conditionals="4" coveredconditionals="3" methods="2" coveredmethods="2"/>
          <line num="1" count="4" type="cond" truecount="3" falsecount="1"/>
          <line num="3" count="4" type="stmt"/>
          <line num="4" count="1" type="stmt"/>
        </file>
        <file name="Nav.jsx" path="/Users/andeladeveloper/Desktop/headlines/src/js/components/partials/in/Nav.jsx">
          <metrics statements="15" coveredstatements="8" conditionals="35" coveredconditionals="20" methods="15" coveredmethods="10"/>
          <line num="1" count="12" type="cond" truecount="5" falsecount="3"/>
          <line num="5" count="8" type="cond" truecount="14" falsecount="9"/>
          <line num="13" count="2" type="stmt"/>
          <line num="15" count="1" type="cond" truecount="1" falsecount="1"/>
          <line num="31" count="2" type="stmt"/>
          <line num="50" count="0" type="stmt"/>
          <line num="62" count="0" type="stmt"/>
          <line num="63" count="0" type="cond" truecount="0" falsecount="2"/>
          <line num="64" count="0" type="stmt"/>
          <line num="65" count="0" type="stmt"/>
          <line num="76" count="0" type="stmt"/>
          <line num="77" count="0" type="stmt"/>
          <line num="82" count="1" type="stmt"/>
          <line num="117" count="2" type="stmt"/>
          <line num="120" count="2" type="stmt"/>
        </file>
        <file name="NavBar.jsx" path="/Users/andeladeveloper/Desktop/headlines/src/js/components/partials/in/NavBar.jsx">
          <metrics statements="10" coveredstatements="8" conditionals="33" coveredconditionals="20" methods="11" coveredmethods="10"/>
          <line num="1" count="6" type="cond" truecount="5" falsecount="3"/>
          <line num="4" count="9" type="cond" truecount="14" falsecount="9"/>
          <line num="11" count="3" type="stmt"/>
          <line num="13" count="1" type="cond" truecount="1" falsecount="1"/>
          <line num="24" count="3" type="stmt"/>
          <line num="26" count="0" type="stmt"/>
          <line num="27" count="0" type="stmt"/>
          <line num="32" count="1" type="stmt"/>
          <line num="53" count="3" type="stmt"/>
          <line num="56" count="3" type="stmt"/>
        </file>
        <file name="SelectedSources.jsx" path="/Users/andeladeveloper/Desktop/headlines/src/js/components/partials/in/SelectedSources.jsx">
          <metrics statements="4" coveredstatements="4" conditionals="4" coveredconditionals="4" methods="2" coveredmethods="2"/>
          <line num="1" count="2" type="stmt"/>
          <line num="3" count="6" type="cond" truecount="4" falsecount="0"/>
          <line num="11" count="1" type="stmt"/>
          <line num="18" count="2" type="stmt"/>
        </file>
        <file name="SideBar.jsx" path="/Users/andeladeveloper/Desktop/headlines/src/js/components/partials/in/SideBar.jsx">
          <metrics statements="6" coveredstatements="6" conditionals="0" coveredconditionals="0" methods="1" coveredmethods="1"/>
          <line num="1" count="5" type="stmt"/>
          <line num="11" count="5" type="stmt"/>
          <line num="12" count="5" type="stmt"/>
          <line num="13" count="5" type="stmt"/>
          <line num="15" count="3" type="stmt"/>
          <line num="21" count="5" type="stmt"/>
        </file>
        <file name="Source.jsx" path="/Users/andeladeveloper/Desktop/headlines/src/js/components/partials/in/Source.jsx">
          <metrics statements="15" coveredstatements="13" conditionals="33" coveredconditionals="19" methods="16" coveredmethods="12"/>
          <line num="1" count="12" type="cond" truecount="5" falsecount="3"/>
          <line num="6" count="12" type="cond" truecount="13" falsecount="10"/>
          <line num="13" count="3" type="stmt"/>
          <line num="14" count="5" type="cond" truecount="1" falsecount="1"/>
          <line num="21" count="3" type="stmt"/>
          <line num="24" count="5" type="stmt"/>
          <line num="36" count="0" type="stmt"/>
          <line num="45" count="0" type="stmt"/>
          <line num="51" count="5" type="stmt"/>
          <line num="52" count="5" type="stmt"/>
          <line num="53" count="5" type="stmt"/>
          <line num="54" count="7" type="stmt"/>
          <line num="56" count="5" type="stmt"/>
          <line num="103" count="3" type="stmt"/>
          <line num="106" count="3" type="stmt"/>
        </file>
        <file name="Sources.jsx" path="/Users/andeladeveloper/Desktop/headlines/src/js/components/partials/in/Sources.jsx">
          <metrics statements="7" coveredstatements="7" conditionals="33" coveredconditionals="20" methods="11" coveredmethods="11"/>
          <line num="1" count="3" type="cond" truecount="5" falsecount="3"/>
          <line num="2" count="6" type="cond" truecount="14" falsecount="9"/>
          <line num="9" count="3" type="cond" truecount="1" falsecount="1"/>
          <line num="11" count="3" type="stmt"/>
          <line num="12" count="3" type="stmt"/>
          <line num="16" count="12" type="stmt"/>
          <line num="21" count="3" type="stmt"/>
        </file>
        <file name="Spinner.jsx" path="/Users/andeladeveloper/Desktop/headlines/src/js/components/partials/in/Spinner.jsx">
          <metrics statements="3" coveredstatements="3" conditionals="4" coveredconditionals="3" methods="2" coveredmethods="2"/>
          <line num="1" count="3" type="cond" truecount="3" falsecount="1"/>
          <line num="8" count="3" type="stmt"/>
          <line num="9" count="1" type="stmt"/>
        </file>
      </package>
      <package name="constants">
        <metrics statements="1" coveredstatements="1" conditionals="0" coveredconditionals="0" methods="0" coveredmethods="0"/>
        <file name="HeadlineActionTypes.js" path="/Users/andeladeveloper/Desktop/headlines/src/js/constants/HeadlineActionTypes.js">
          <metrics statements="1" coveredstatements="1" conditionals="0" coveredconditionals="0" methods="0" coveredmethods="0"/>
          <line num="1" count="8" type="stmt"/>
        </file>
      </package>
      <package name="dispatcher">
        <metrics statements="1" coveredstatements="1" conditionals="0" coveredconditionals="0" methods="0" coveredmethods="0"/>
        <file name="HeadlineDispatcher.js" path="/Users/andeladeveloper/Desktop/headlines/src/js/dispatcher/HeadlineDispatcher.js">
          <metrics statements="1" coveredstatements="1" conditionals="0" coveredconditionals="0" methods="0" coveredmethods="0"/>
          <line num="1" count="8" type="stmt"/>
        </file>
      </package>
      <package name="stores">
        <metrics statements="44" coveredstatements="43" conditionals="112" coveredconditionals="69" methods="36" coveredmethods="35"/>
        <file name="HeadlineArticleStore.js" path="/Users/andeladeveloper/Desktop/headlines/src/js/stores/HeadlineArticleStore.js">
          <metrics statements="11" coveredstatements="11" conditionals="35" coveredconditionals="21" methods="11" coveredmethods="11"/>
          <line num="1" count="4" type="cond" truecount="5" falsecount="3"/>
          <line num="3" count="4" type="cond" truecount="13" falsecount="10"/>
          <line num="10" count="2" type="stmt"/>
          <line num="16" count="2" type="cond" truecount="1" falsecount="1"/>
          <line num="25" count="2" type="stmt"/>
          <line num="27" count="4" type="stmt"/>
          <line num="37" count="4" type="cond" truecount="2" falsecount="0"/>
          <line num="38" count="3" type="stmt"/>
          <line num="39" count="3" type="stmt"/>
          <line num="41" count="2" type="stmt"/>
          <line num="44" count="2" type="stmt"/>
        </file>
        <file name="HeadlineScrapeStore.js" path="/Users/andeladeveloper/Desktop/headlines/src/js/stores/HeadlineScrapeStore.js">
          <metrics statements="10" coveredstatements="9" conditionals="35" coveredconditionals="21" methods="12" coveredmethods="11"/>
          <line num="1" count="6" type="cond" truecount="5" falsecount="3"/>
          <line num="3" count="4" type="cond" truecount="13" falsecount="10"/>
          <line num="10" count="2" type="cond" truecount="1" falsecount="1"/>
          <line num="12" count="0" type="stmt"/>
          <line num="21" count="1" type="stmt"/>
          <line num="30" count="4" type="cond" truecount="2" falsecount="0"/>
          <line num="31" count="2" type="stmt"/>
          <line num="32" count="2" type="stmt"/>
          <line num="34" count="2" type="stmt"/>
          <line num="37" count="2" type="stmt"/>
        </file>
        <file name="HeadlineSourceStore.js" path="/Users/andeladeveloper/Desktop/headlines/src/js/stores/HeadlineSourceStore.js">
          <metrics statements="23" coveredstatements="23" conditionals="42" coveredconditionals="27" methods="13" coveredmethods="13"/>
          <line num="1" count="6" type="cond" truecount="5" falsecount="3"/>
          <line num="3" count="4" type="cond" truecount="13" falsecount="10"/>
          <line num="10" count="2" type="stmt"/>
          <line num="15" count="2" type="cond" truecount="1" falsecount="1"/>
          <line num="25" count="2" type="stmt"/>
          <line num="27" count="6" type="stmt"/>
          <line num="37" count="3" type="stmt"/>
          <line num="38" count="3" type="cond" truecount="1" falsecount="1"/>
          <line num="39" count="3" type="stmt"/>
          <line num="41" count="3" type="cond" truecount="4" falsecount="0"/>
          <line num="42" count="1" type="stmt"/>
          <line num="44" count="2" type="stmt"/>
          <line num="45" count="8" type="stmt"/>
          <line num="50" count="2" type="stmt"/>
          <line num="60" count="8" type="cond" truecount="3" falsecount="0"/>
          <line num="62" count="6" type="stmt"/>
          <line num="63" count="6" type="stmt"/>
          <line num="64" count="6" type="stmt"/>
          <line num="66" count="1" type="stmt"/>
          <line num="67" count="1" type="stmt"/>
          <line num="68" count="1" type="stmt"/>
          <line num="71" count="2" type="stmt"/>
          <line num="74" count="2" type="stmt"/>
        </file>
      </package>
      <package name="utils">
        <metrics statements="5" coveredstatements="5" conditionals="28" coveredconditionals="16" methods="10" coveredmethods="8"/>
        <file name="ArticleScraperAPI.js" path="/Users/andeladeveloper/Desktop/headlines/src/js/utils/ArticleScraperAPI.js">
          <metrics statements="2" coveredstatements="2" conditionals="14" coveredconditionals="8" methods="5" coveredmethods="4"/>
          <line num="1" count="5" type="cond" truecount="8" falsecount="6"/>
          <line num="3" count="5" type="stmt"/>
        </file>
        <file name="HeadlineAPI.js" path="/Users/andeladeveloper/Desktop/headlines/src/js/utils/HeadlineAPI.js">
          <metrics statements="3" coveredstatements="3" conditionals="14" coveredconditionals="8" methods="5" coveredmethods="4"/>
          <line num="1" count="8" type="cond" truecount="8" falsecount="6"/>
          <line num="3" count="4" type="stmt"/>
          <line num="4" count="4" type="stmt"/>
        </file>
      </package>
    </metrics>
  </project>
</coverage>
