<?xml version="1.0" encoding="UTF-8"?>
<coverage generated="1500479895231" clover="3.2.0">
  <project timestamp="1500479895232" name="All files">
    <metrics statements="171" coveredstatements="156" conditionals="414" coveredconditionals="256" methods="167" coveredmethods="144" elements="752" coveredelements="556" complexity="0" loc="171" ncloc="171" packages="9" files="21" classes="21">
      <package name="actions">
        <metrics statements="7" coveredstatements="7" conditionals="14" coveredconditionals="9" methods="14" coveredmethods="11"/>
        <file name="HeadlineAction.js" path="/Users/andeladeveloper/Desktop/headlines/src/js/actions/HeadlineAction.js">
          <metrics statements="7" coveredstatements="7" conditionals="14" coveredconditionals="9" methods="14" coveredmethods="11"/>
          <line num="1" count="20" type="cond" truecount="5" falsecount="3"/>
          <line num="4" count="20" type="cond" truecount="4" falsecount="2"/>
          <line num="10" count="5" type="stmt"/>
          <line num="20" count="1" type="stmt"/>
          <line num="52" count="3" type="stmt"/>
          <line num="69" count="1" type="stmt"/>
          <line num="75" count="5" type="stmt"/>
        </file>
      </package>
      <package name="components">
        <metrics statements="18" coveredstatements="15" conditionals="37" coveredconditionals="22" methods="15" coveredmethods="11"/>
        <file name="App.jsx" path="/Users/andeladeveloper/Desktop/headlines/src/js/components/App.jsx">
          <metrics statements="18" coveredstatements="15" conditionals="37" coveredconditionals="22" methods="15" coveredmethods="11"/>
          <line num="1" count="5" type="cond" truecount="5" falsecount="3"/>
          <line num="9" count="8" type="cond" truecount="14" falsecount="9"/>
          <line num="17" count="1" type="stmt"/>
          <line num="18" count="1" type="cond" truecount="1" falsecount="1"/>
          <line num="27" count="1" type="stmt"/>
          <line num="44" count="0" type="stmt"/>
          <line num="47" count="0" type="cond" truecount="0" falsecount="2"/>
          <line num="48" count="0" type="stmt"/>
          <line num="58" count="1" type="stmt"/>
          <line num="64" count="2" type="stmt"/>
          <line num="65" count="2" type="stmt"/>
          <line num="66" count="2" type="stmt"/>
          <line num="67" count="2" type="stmt"/>
          <line num="68" count="2" type="stmt"/>
          <line num="69" count="2" type="stmt"/>
          <line num="71" count="2" type="stmt"/>
          <line num="72" count="2" type="stmt"/>
          <line num="106" count="1" type="stmt"/>
        </file>
      </package>
      <package name="components.articles">
        <metrics statements="24" coveredstatements="22" conditionals="70" coveredconditionals="43" methods="27" coveredmethods="24"/>
        <file name="ArticleDetailsPage.jsx" path="/Users/andeladeveloper/Desktop/headlines/src/js/components/articles/ArticleDetailsPage.jsx">
          <metrics statements="9" coveredstatements="8" conditionals="33" coveredconditionals="20" methods="12" coveredmethods="11"/>
          <line num="1" count="3" type="cond" truecount="5" falsecount="3"/>
          <line num="6" count="6" type="cond" truecount="14" falsecount="9"/>
          <line num="13" count="1" type="stmt"/>
          <line num="14" count="1" type="cond" truecount="1" falsecount="1"/>
          <line num="22" count="1" type="stmt"/>
          <line num="34" count="0" type="stmt"/>
          <line num="40" count="1" type="stmt"/>
          <line num="42" count="1" type="stmt"/>
          <line num="69" count="1" type="stmt"/>
        </file>
        <file name="ArticlesPage.jsx" path="/Users/andeladeveloper/Desktop/headlines/src/js/components/articles/ArticlesPage.jsx">
          <metrics statements="15" coveredstatements="14" conditionals="37" coveredconditionals="23" methods="15" coveredmethods="13"/>
          <line num="1" count="4" type="cond" truecount="5" falsecount="3"/>
          <line num="9" count="8" type="cond" truecount="14" falsecount="9"/>
          <line num="18" count="1" type="stmt"/>
          <line num="19" count="1" type="cond" truecount="1" falsecount="1"/>
          <line num="28" count="1" type="stmt"/>
          <line num="31" count="1" type="stmt"/>
          <line num="32" count="1" type="stmt"/>
          <line num="33" count="1" type="stmt"/>
          <line num="34" count="1" type="stmt"/>
          <line num="53" count="1" type="stmt"/>
          <line num="59" count="2" type="stmt"/>
          <line num="61" count="2" type="stmt"/>
          <line num="85" count="0" type="stmt"/>
          <line num="95" count="1" type="stmt"/>
          <line num="98" count="1" type="stmt"/>
        </file>
      </package>
      <package name="components.favourites">
        <metrics statements="10" coveredstatements="9" conditionals="5" coveredconditionals="5" methods="3" coveredmethods="3"/>
        <file name="FavouritesPage.jsx" path="/Users/andeladeveloper/Desktop/headlines/src/js/components/favourites/FavouritesPage.jsx">
          <metrics statements="10" coveredstatements="9" conditionals="5" coveredconditionals="5" methods="3" coveredmethods="3"/>
          <line num="1" count="1" type="stmt"/>
          <line num="4" count="4" type="cond" truecount="4" falsecount="0"/>
          <line num="12" count="1" type="stmt"/>
          <line num="13" count="1" type="stmt"/>
          <line num="14" count="1" type="stmt"/>
          <line num="15" count="1" type="stmt"/>
          <line num="16" count="1" type="stmt"/>
          <line num="18" count="0" type="stmt"/>
          <line num="20" count="1" type="stmt"/>
          <line num="39" count="1" type="stmt"/>
        </file>
      </package>
      <package name="components.partials.in">
        <metrics statements="61" coveredstatements="53" conditionals="148" coveredconditionals="92" methods="62" coveredmethods="52"/>
        <file name="EmptyNotification.jsx" path="/Users/andeladeveloper/Desktop/headlines/src/js/components/partials/in/EmptyNotification.jsx">
          <metrics statements="2" coveredstatements="2" conditionals="4" coveredconditionals="3" methods="2" coveredmethods="2"/>
          <line num="1" count="2" type="cond" truecount="3" falsecount="1"/>
          <line num="8" count="1" type="stmt"/>
        </file>
        <file name="Favourite.jsx" path="/Users/andeladeveloper/Desktop/headlines/src/js/components/partials/in/Favourite.jsx">
          <metrics statements="9" coveredstatements="8" conditionals="33" coveredconditionals="20" methods="12" coveredmethods="10"/>
          <line num="1" count="2" type="cond" truecount="5" falsecount="3"/>
          <line num="4" count="2" type="cond" truecount="14" falsecount="9"/>
          <line num="6" count="1" type="stmt"/>
          <line num="7" count="1" type="cond" truecount="1" falsecount="1"/>
          <line num="16" count="1" type="stmt"/>
          <line num="19" count="0" type="stmt"/>
          <line num="23" count="1" type="stmt"/>
          <line num="24" count="1" type="stmt"/>
          <line num="46" count="1" type="stmt"/>
        </file>
        <file name="Footer.jsx" path="/Users/andeladeveloper/Desktop/headlines/src/js/components/partials/in/Footer.jsx">
          <metrics statements="3" coveredstatements="3" conditionals="4" coveredconditionals="3" methods="2" coveredmethods="2"/>
          <line num="1" count="4" type="cond" truecount="3" falsecount="1"/>
          <line num="3" count="4" type="stmt"/>
          <line num="4" count="1" type="stmt"/>
        </file>
        <file name="NavBar.jsx" path="/Users/andeladeveloper/Desktop/headlines/src/js/components/partials/in/NavBar.jsx">
          <metrics statements="11" coveredstatements="8" conditionals="33" coveredconditionals="20" methods="12" coveredmethods="10"/>
          <line num="1" count="6" type="cond" truecount="5" falsecount="3"/>
          <line num="4" count="6" type="cond" truecount="14" falsecount="9"/>
          <line num="11" count="3" type="stmt"/>
          <line num="13" count="2" type="cond" truecount="1" falsecount="1"/>
          <line num="24" count="3" type="stmt"/>
          <line num="26" count="0" type="stmt"/>
          <line num="27" count="0" type="stmt"/>
          <line num="28" count="0" type="stmt"/>
          <line num="32" count="2" type="stmt"/>
          <line num="33" count="2" type="stmt"/>
          <line num="54" count="3" type="stmt"/>
        </file>
        <file name="SelectedSources.jsx" path="/Users/andeladeveloper/Desktop/headlines/src/js/components/partials/in/SelectedSources.jsx">
          <metrics statements="4" coveredstatements="4" conditionals="4" coveredconditionals="4" methods="2" coveredmethods="2"/>
          <line num="1" count="2" type="stmt"/>
          <line num="3" count="6" type="cond" truecount="4" falsecount="0"/>
          <line num="11" count="1" type="stmt"/>
          <line num="18" count="2" type="stmt"/>
        </file>
        <file name="SideBar.jsx" path="/Users/andeladeveloper/Desktop/headlines/src/js/components/partials/in/SideBar.jsx">
          <metrics statements="7" coveredstatements="5" conditionals="0" coveredconditionals="0" methods="3" coveredmethods="1"/>
          <line num="1" count="5" type="stmt"/>
          <line num="9" count="0" type="stmt"/>
          <line num="19" count="3" type="stmt"/>
          <line num="20" count="3" type="stmt"/>
          <line num="21" count="3" type="stmt"/>
          <line num="23" count="0" type="stmt"/>
          <line num="29" count="3" type="stmt"/>
        </file>
        <file name="Source.jsx" path="/Users/andeladeveloper/Desktop/headlines/src/js/components/partials/in/Source.jsx">
          <metrics statements="15" coveredstatements="13" conditionals="33" coveredconditionals="19" methods="16" coveredmethods="12"/>
          <line num="1" count="12" type="cond" truecount="5" falsecount="3"/>
          <line num="6" count="12" type="cond" truecount="13" falsecount="10"/>
          <line num="13" count="3" type="stmt"/>
          <line num="14" count="5" type="cond" truecount="1" falsecount="1"/>
          <line num="21" count="3" type="stmt"/>
          <line num="24" count="5" type="stmt"/>
          <line num="36" count="0" type="stmt"/>
          <line num="45" count="0" type="stmt"/>
          <line num="51" count="5" type="stmt"/>
          <line num="52" count="5" type="stmt"/>
          <line num="53" count="5" type="stmt"/>
          <line num="54" count="7" type="stmt"/>
          <line num="56" count="5" type="stmt"/>
          <line num="103" count="3" type="stmt"/>
          <line num="106" count="3" type="stmt"/>
        </file>
        <file name="Sources.jsx" path="/Users/andeladeveloper/Desktop/headlines/src/js/components/partials/in/Sources.jsx">
          <metrics statements="7" coveredstatements="7" conditionals="33" coveredconditionals="20" methods="11" coveredmethods="11"/>
          <line num="1" count="3" type="cond" truecount="5" falsecount="3"/>
          <line num="2" count="6" type="cond" truecount="14" falsecount="9"/>
          <line num="9" count="3" type="cond" truecount="1" falsecount="1"/>
          <line num="11" count="3" type="stmt"/>
          <line num="12" count="3" type="stmt"/>
          <line num="16" count="12" type="stmt"/>
          <line num="21" count="3" type="stmt"/>
        </file>
        <file name="Spinner.jsx" path="/Users/andeladeveloper/Desktop/headlines/src/js/components/partials/in/Spinner.jsx">
          <metrics statements="3" coveredstatements="3" conditionals="4" coveredconditionals="3" methods="2" coveredmethods="2"/>
          <line num="1" count="3" type="cond" truecount="3" falsecount="1"/>
          <line num="8" count="3" type="stmt"/>
          <line num="9" count="2" type="stmt"/>
        </file>
      </package>
      <package name="constants">
        <metrics statements="1" coveredstatements="1" conditionals="0" coveredconditionals="0" methods="0" coveredmethods="0"/>
        <file name="HeadlineActionTypes.js" path="/Users/andeladeveloper/Desktop/headlines/src/js/constants/HeadlineActionTypes.js">
          <metrics statements="1" coveredstatements="1" conditionals="0" coveredconditionals="0" methods="0" coveredmethods="0"/>
          <line num="1" count="8" type="stmt"/>
        </file>
      </package>
      <package name="dispatcher">
        <metrics statements="1" coveredstatements="1" conditionals="0" coveredconditionals="0" methods="0" coveredmethods="0"/>
        <file name="HeadlineDispatcher.js" path="/Users/andeladeveloper/Desktop/headlines/src/js/dispatcher/HeadlineDispatcher.js">
          <metrics statements="1" coveredstatements="1" conditionals="0" coveredconditionals="0" methods="0" coveredmethods="0"/>
          <line num="1" count="8" type="stmt"/>
        </file>
      </package>
      <package name="stores">
        <metrics statements="44" coveredstatements="43" conditionals="112" coveredconditionals="69" methods="36" coveredmethods="35"/>
        <file name="HeadlineArticleStore.js" path="/Users/andeladeveloper/Desktop/headlines/src/js/stores/HeadlineArticleStore.js">
          <metrics statements="11" coveredstatements="11" conditionals="35" coveredconditionals="21" methods="11" coveredmethods="11"/>
          <line num="1" count="4" type="cond" truecount="5" falsecount="3"/>
          <line num="3" count="4" type="cond" truecount="13" falsecount="10"/>
          <line num="10" count="2" type="stmt"/>
          <line num="16" count="2" type="cond" truecount="1" falsecount="1"/>
          <line num="25" count="2" type="stmt"/>
          <line num="27" count="3" type="stmt"/>
          <line num="37" count="4" type="cond" truecount="2" falsecount="0"/>
          <line num="38" count="3" type="stmt"/>
          <line num="39" count="3" type="stmt"/>
          <line num="41" count="2" type="stmt"/>
          <line num="44" count="2" type="stmt"/>
        </file>
        <file name="HeadlineScrapeStore.js" path="/Users/andeladeveloper/Desktop/headlines/src/js/stores/HeadlineScrapeStore.js">
          <metrics statements="10" coveredstatements="9" conditionals="35" coveredconditionals="21" methods="12" coveredmethods="11"/>
          <line num="1" count="6" type="cond" truecount="5" falsecount="3"/>
          <line num="3" count="4" type="cond" truecount="13" falsecount="10"/>
          <line num="10" count="2" type="cond" truecount="1" falsecount="1"/>
          <line num="12" count="0" type="stmt"/>
          <line num="21" count="1" type="stmt"/>
          <line num="30" count="4" type="cond" truecount="2" falsecount="0"/>
          <line num="31" count="2" type="stmt"/>
          <line num="32" count="2" type="stmt"/>
          <line num="34" count="2" type="stmt"/>
          <line num="37" count="2" type="stmt"/>
        </file>
        <file name="HeadlineSourceStore.js" path="/Users/andeladeveloper/Desktop/headlines/src/js/stores/HeadlineSourceStore.js">
          <metrics statements="23" coveredstatements="23" conditionals="42" coveredconditionals="27" methods="13" coveredmethods="13"/>
          <line num="1" count="6" type="cond" truecount="5" falsecount="3"/>
          <line num="3" count="4" type="cond" truecount="13" falsecount="10"/>
          <line num="10" count="2" type="stmt"/>
          <line num="15" count="2" type="cond" truecount="1" falsecount="1"/>
          <line num="25" count="2" type="stmt"/>
          <line num="27" count="5" type="stmt"/>
          <line num="37" count="3" type="stmt"/>
          <line num="38" count="3" type="cond" truecount="1" falsecount="1"/>
          <line num="39" count="3" type="stmt"/>
          <line num="41" count="3" type="cond" truecount="4" falsecount="0"/>
          <line num="42" count="1" type="stmt"/>
          <line num="44" count="2" type="stmt"/>
          <line num="45" count="8" type="stmt"/>
          <line num="50" count="2" type="stmt"/>
          <line num="60" count="7" type="cond" truecount="3" falsecount="0"/>
          <line num="62" count="5" type="stmt"/>
          <line num="63" count="5" type="stmt"/>
          <line num="64" count="5" type="stmt"/>
          <line num="66" count="1" type="stmt"/>
          <line num="67" count="1" type="stmt"/>
          <line num="68" count="1" type="stmt"/>
          <line num="71" count="2" type="stmt"/>
          <line num="74" count="2" type="stmt"/>
        </file>
      </package>
      <package name="utils">
        <metrics statements="5" coveredstatements="5" conditionals="28" coveredconditionals="16" methods="10" coveredmethods="8"/>
        <file name="ArticleScraperAPI.js" path="/Users/andeladeveloper/Desktop/headlines/src/js/utils/ArticleScraperAPI.js">
          <metrics statements="2" coveredstatements="2" conditionals="14" coveredconditionals="8" methods="5" coveredmethods="4"/>
          <line num="1" count="5" type="cond" truecount="8" falsecount="6"/>
          <line num="3" count="5" type="stmt"/>
        </file>
        <file name="HeadlineAPI.js" path="/Users/andeladeveloper/Desktop/headlines/src/js/utils/HeadlineAPI.js">
          <metrics statements="3" coveredstatements="3" conditionals="14" coveredconditionals="8" methods="5" coveredmethods="4"/>
          <line num="1" count="8" type="cond" truecount="8" falsecount="6"/>
          <line num="3" count="4" type="stmt"/>
          <line num="4" count="4" type="stmt"/>
        </file>
      </package>
    </metrics>
  </project>
</coverage>
