{"/Users/andeladeveloper/Downloads/headlines/src/js/actions/HeadlineAction.js": {"path":"/Users/andeladeveloper/Downloads/headlines/src/js/actions/HeadlineAction.js","statementMap":{"0":{"start":{"line":20,"column":4},"end":{"line":25,"column":7}},"1":{"start":{"line":21,"column":6},"end":{"line":24,"column":9}},"2":{"start":{"line":36,"column":4},"end":{"line":39,"column":7}},"3":{"start":{"line":53,"column":4},"end":{"line":58,"column":7}},"4":{"start":{"line":54,"column":6},"end":{"line":57,"column":9}},"5":{"start":{"line":71,"column":4},"end":{"line":76,"column":7}},"6":{"start":{"line":72,"column":6},"end":{"line":75,"column":9}}},"fnMap":{"0":{"name":"(anonymous_0)","decl":{"start":{"line":19,"column":2},"end":{"line":19,"column":3}},"loc":{"start":{"line":19,"column":22},"end":{"line":26,"column":3}},"line":19},"1":{"name":"(anonymous_1)","decl":{"start":{"line":20,"column":33},"end":{"line":20,"column":34}},"loc":{"start":{"line":20,"column":46},"end":{"line":25,"column":5}},"line":20},"2":{"name":"(anonymous_2)","decl":{"start":{"line":35,"column":2},"end":{"line":35,"column":3}},"loc":{"start":{"line":35,"column":30},"end":{"line":40,"column":3}},"line":35},"3":{"name":"(anonymous_3)","decl":{"start":{"line":52,"column":2},"end":{"line":52,"column":3}},"loc":{"start":{"line":52,"column":37},"end":{"line":59,"column":3}},"line":52},"4":{"name":"(anonymous_4)","decl":{"start":{"line":53,"column":49},"end":{"line":53,"column":50}},"loc":{"start":{"line":53,"column":63},"end":{"line":58,"column":5}},"line":53},"5":{"name":"(anonymous_5)","decl":{"start":{"line":70,"column":2},"end":{"line":70,"column":3}},"loc":{"start":{"line":70,"column":30},"end":{"line":77,"column":3}},"line":70},"6":{"name":"(anonymous_6)","decl":{"start":{"line":71,"column":46},"end":{"line":71,"column":47}},"loc":{"start":{"line":71,"column":59},"end":{"line":76,"column":5}},"line":71}},"branchMap":{},"s":{"0":0,"1":0,"2":0,"3":0,"4":0,"5":0,"6":0},"f":{"0":0,"1":0,"2":0,"3":0,"4":0,"5":0,"6":0},"b":{},"_coverageSchema":"332fd63041d2c1bcb487cc26dd0d5f7d97098a6c","hash":"d192021f345e1a15b3b1b90049ab2465febd2493"}
,"/Users/andeladeveloper/Downloads/headlines/src/js/constants/HeadlineActionTypes.js": {"path":"/Users/andeladeveloper/Downloads/headlines/src/js/constants/HeadlineActionTypes.js","statementMap":{"0":{"start":{"line":1,"column":28},"end":{"line":7,"column":1}}},"fnMap":{},"branchMap":{},"s":{"0":1},"f":{},"b":{},"_coverageSchema":"332fd63041d2c1bcb487cc26dd0d5f7d97098a6c","hash":"dc6ee8483f28bde03d86fda47d1698b903bc94fe"}
,"/Users/andeladeveloper/Downloads/headlines/src/js/dispatcher/HeadlineDispatcher.js": {"path":"/Users/andeladeveloper/Downloads/headlines/src/js/dispatcher/HeadlineDispatcher.js","statementMap":{},"fnMap":{},"branchMap":{},"s":{},"f":{},"b":{},"_coverageSchema":"332fd63041d2c1bcb487cc26dd0d5f7d97098a6c","hash":"64afabf1130e244f7c83e13d536d6a231eb68095"}
,"/Users/andeladeveloper/Downloads/headlines/src/js/stores/HeadlineSourceStore.js": {"path":"/Users/andeladeveloper/Downloads/headlines/src/js/stores/HeadlineSourceStore.js","statementMap":{"0":{"start":{"line":16,"column":4},"end":{"line":16,"column":12}},"1":{"start":{"line":17,"column":4},"end":{"line":17,"column":22}},"2":{"start":{"line":18,"column":4},"end":{"line":18,"column":30}},"3":{"start":{"line":27,"column":4},"end":{"line":27,"column":24}},"4":{"start":{"line":38,"column":24},"end":{"line":38,"column":44}},"5":{"start":{"line":39,"column":4},"end":{"line":41,"column":5}},"6":{"start":{"line":40,"column":6},"end":{"line":40,"column":25}},"7":{"start":{"line":42,"column":4},"end":{"line":44,"column":7}},"8":{"start":{"line":43,"column":6},"end":{"line":43,"column":89}},"9":{"start":{"line":45,"column":4},"end":{"line":45,"column":24}},"10":{"start":{"line":55,"column":4},"end":{"line":64,"column":5}},"11":{"start":{"line":57,"column":8},"end":{"line":57,"column":38}},"12":{"start":{"line":58,"column":8},"end":{"line":58,"column":28}},"13":{"start":{"line":59,"column":8},"end":{"line":59,"column":14}},"14":{"start":{"line":61,"column":8},"end":{"line":61,"column":47}},"15":{"start":{"line":62,"column":8},"end":{"line":62,"column":28}},"16":{"start":{"line":63,"column":8},"end":{"line":63,"column":14}},"17":{"start":{"line":68,"column":28},"end":{"line":68,"column":53}},"18":{"start":{"line":69,"column":0},"end":{"line":69,"column":89}}},"fnMap":{"0":{"name":"(anonymous_0)","decl":{"start":{"line":15,"column":2},"end":{"line":15,"column":3}},"loc":{"start":{"line":15,"column":16},"end":{"line":19,"column":3}},"line":15},"1":{"name":"(anonymous_1)","decl":{"start":{"line":26,"column":2},"end":{"line":26,"column":3}},"loc":{"start":{"line":26,"column":18},"end":{"line":28,"column":3}},"line":26},"2":{"name":"(anonymous_2)","decl":{"start":{"line":37,"column":2},"end":{"line":37,"column":3}},"loc":{"start":{"line":37,"column":27},"end":{"line":46,"column":3}},"line":37},"3":{"name":"(anonymous_3)","decl":{"start":{"line":42,"column":38},"end":{"line":42,"column":39}},"loc":{"start":{"line":42,"column":50},"end":{"line":44,"column":5}},"line":42},"4":{"name":"(anonymous_4)","decl":{"start":{"line":54,"column":2},"end":{"line":54,"column":3}},"loc":{"start":{"line":54,"column":24},"end":{"line":65,"column":3}},"line":54}},"branchMap":{"0":{"loc":{"start":{"line":39,"column":4},"end":{"line":41,"column":5}},"type":"if","locations":[{"start":{"line":39,"column":4},"end":{"line":41,"column":5}},{"start":{"line":39,"column":4},"end":{"line":41,"column":5}}],"line":39},"1":{"loc":{"start":{"line":55,"column":4},"end":{"line":64,"column":5}},"type":"switch","locations":[{"start":{"line":56,"column":6},"end":{"line":59,"column":14}},{"start":{"line":60,"column":6},"end":{"line":63,"column":14}}],"line":55}},"s":{"0":1,"1":1,"2":1,"3":1,"4":0,"5":0,"6":0,"7":0,"8":0,"9":0,"10":0,"11":0,"12":0,"13":0,"14":0,"15":0,"16":0,"17":1,"18":1},"f":{"0":1,"1":1,"2":0,"3":0,"4":0},"b":{"0":[0,0],"1":[0,0]},"_coverageSchema":"332fd63041d2c1bcb487cc26dd0d5f7d97098a6c","hash":"e0c54a3ccc60c40742702ea1ce1766269ff8ecb9"}
,"/Users/andeladeveloper/Downloads/headlines/src/js/utils/ArticleScraperAPI.js": {"path":"/Users/andeladeveloper/Downloads/headlines/src/js/utils/ArticleScraperAPI.js","statementMap":{"0":{"start":{"line":4,"column":16},"end":{"line":4,"column":73}},"1":{"start":{"line":8,"column":4},"end":{"line":19,"column":7}},"2":{"start":{"line":9,"column":6},"end":{"line":9,"column":28}},"3":{"start":{"line":10,"column":6},"end":{"line":16,"column":8}},"4":{"start":{"line":18,"column":6},"end":{"line":18,"column":34}}},"fnMap":{"0":{"name":"(anonymous_0)","decl":{"start":{"line":7,"column":2},"end":{"line":7,"column":3}},"loc":{"start":{"line":7,"column":28},"end":{"line":20,"column":3}},"line":7},"1":{"name":"(anonymous_1)","decl":{"start":{"line":8,"column":35},"end":{"line":8,"column":36}},"loc":{"start":{"line":8,"column":49},"end":{"line":17,"column":5}},"line":8},"2":{"name":"(anonymous_2)","decl":{"start":{"line":17,"column":13},"end":{"line":17,"column":14}},"loc":{"start":{"line":17,"column":22},"end":{"line":19,"column":5}},"line":17}},"branchMap":{},"s":{"0":1,"1":0,"2":0,"3":0,"4":0},"f":{"0":0,"1":0,"2":0},"b":{},"_coverageSchema":"332fd63041d2c1bcb487cc26dd0d5f7d97098a6c","hash":"ba116f41f111c0f9208794f19af1bc5bd3238110"}
,"/Users/andeladeveloper/Downloads/headlines/src/js/utils/HeadlineAPI.js": {"path":"/Users/andeladeveloper/Downloads/headlines/src/js/utils/HeadlineAPI.js","statementMap":{"0":{"start":{"line":3,"column":17},"end":{"line":3,"column":42}},"1":{"start":{"line":4,"column":16},"end":{"line":4,"column":50}},"2":{"start":{"line":8,"column":16},"end":{"line":8,"column":66}},"3":{"start":{"line":9,"column":4},"end":{"line":10,"column":59}},"4":{"start":{"line":10,"column":19},"end":{"line":10,"column":35}},"5":{"start":{"line":10,"column":52},"end":{"line":10,"column":57}},"6":{"start":{"line":14,"column":16},"end":{"line":14,"column":54}},"7":{"start":{"line":15,"column":24},"end":{"line":15,"column":67}},"8":{"start":{"line":16,"column":4},"end":{"line":17,"column":60}},"9":{"start":{"line":17,"column":19},"end":{"line":17,"column":36}},"10":{"start":{"line":17,"column":53},"end":{"line":17,"column":58}}},"fnMap":{"0":{"name":"(anonymous_0)","decl":{"start":{"line":7,"column":2},"end":{"line":7,"column":3}},"loc":{"start":{"line":7,"column":22},"end":{"line":11,"column":3}},"line":7},"1":{"name":"(anonymous_1)","decl":{"start":{"line":10,"column":12},"end":{"line":10,"column":13}},"loc":{"start":{"line":10,"column":19},"end":{"line":10,"column":35}},"line":10},"2":{"name":"(anonymous_2)","decl":{"start":{"line":10,"column":43},"end":{"line":10,"column":44}},"loc":{"start":{"line":10,"column":52},"end":{"line":10,"column":57}},"line":10},"3":{"name":"(anonymous_3)","decl":{"start":{"line":13,"column":2},"end":{"line":13,"column":3}},"loc":{"start":{"line":13,"column":38},"end":{"line":18,"column":3}},"line":13},"4":{"name":"(anonymous_4)","decl":{"start":{"line":17,"column":12},"end":{"line":17,"column":13}},"loc":{"start":{"line":17,"column":19},"end":{"line":17,"column":36}},"line":17},"5":{"name":"(anonymous_5)","decl":{"start":{"line":17,"column":44},"end":{"line":17,"column":45}},"loc":{"start":{"line":17,"column":53},"end":{"line":17,"column":58}},"line":17}},"branchMap":{},"s":{"0":1,"1":1,"2":0,"3":0,"4":0,"5":0,"6":0,"7":0,"8":0,"9":0,"10":0},"f":{"0":0,"1":0,"2":0,"3":0,"4":0,"5":0},"b":{},"_coverageSchema":"332fd63041d2c1bcb487cc26dd0d5f7d97098a6c","hash":"c480e9682622b7bab81e008f14222bb1ee92be57"}
}
