{"/Users/andeladeveloper/Desktop/headlines/src/js/actions/HeadlineAction.js": {"path":"/Users/andeladeveloper/Desktop/headlines/src/js/actions/HeadlineAction.js","statementMap":{"0":{"start":{"line":1,"column":39},"end":{"line":1,"column":101}},"1":{"start":{"line":1,"column":120},"end":{"line":1,"column":649}},"2":{"start":{"line":1,"column":175},"end":{"line":1,"column":440}},"3":{"start":{"line":1,"column":232},"end":{"line":1,"column":240}},"4":{"start":{"line":1,"column":241},"end":{"line":1,"column":296}},"5":{"start":{"line":1,"column":296},"end":{"line":1,"column":327}},"6":{"start":{"line":1,"column":327},"end":{"line":1,"column":381}},"7":{"start":{"line":1,"column":354},"end":{"line":1,"column":381}},"8":{"start":{"line":1,"column":381},"end":{"line":1,"column":439}},"9":{"start":{"line":1,"column":441},"end":{"line":1,"column":646}},"10":{"start":{"line":1,"column":497},"end":{"line":1,"column":565}},"11":{"start":{"line":1,"column":513},"end":{"line":1,"column":565}},"12":{"start":{"line":1,"column":565},"end":{"line":1,"column":625}},"13":{"start":{"line":1,"column":582},"end":{"line":1,"column":625}},"14":{"start":{"line":1,"column":625},"end":{"line":1,"column":644}},"15":{"start":{"line":4,"column":223},"end":{"line":4,"column":277}},"16":{"start":{"line":4,"column":327},"end":{"line":4,"column":426}},"17":{"start":{"line":4,"column":368},"end":{"line":4,"column":425}},"18":{"start":{"line":10,"column":18},"end":{"line":75,"column":36}},"19":{"start":{"line":10,"column":59},"end":{"line":10,"column":98}},"20":{"start":{"line":10,"column":99},"end":{"line":75,"column":10}},"21":{"start":{"line":20,"column":6},"end":{"line":25,"column":12}},"22":{"start":{"line":52,"column":6},"end":{"line":57,"column":12}},"23":{"start":{"line":69,"column":6},"end":{"line":74,"column":12}},"24":{"start":{"line":75,"column":10},"end":{"line":75,"column":33}}},"fnMap":{"0":{"name":"(anonymous_0)","decl":{"start":{"line":1,"column":120},"end":{"line":1,"column":121}},"loc":{"start":{"line":1,"column":132},"end":{"line":1,"column":647}},"line":1},"1":{"name":"defineProperties","decl":{"start":{"line":1,"column":142},"end":{"line":1,"column":158}},"loc":{"start":{"line":1,"column":174},"end":{"line":1,"column":441}},"line":1},"2":{"name":"(anonymous_2)","decl":{"start":{"line":1,"column":448},"end":{"line":1,"column":449}},"loc":{"start":{"line":1,"column":496},"end":{"line":1,"column":645}},"line":1},"3":{"name":"_interopRequireDefault","decl":{"start":{"line":4,"column":194},"end":{"line":4,"column":216}},"loc":{"start":{"line":4,"column":222},"end":{"line":4,"column":278}},"line":4},"4":{"name":"_classCallCheck","decl":{"start":{"line":4,"column":287},"end":{"line":4,"column":302}},"loc":{"start":{"line":4,"column":326},"end":{"line":4,"column":427}},"line":4},"5":{"name":"(anonymous_5)","decl":{"start":{"line":10,"column":18},"end":{"line":10,"column":19}},"loc":{"start":{"line":10,"column":30},"end":{"line":75,"column":34}},"line":10},"6":{"name":"HeadlineActions","decl":{"start":{"line":10,"column":40},"end":{"line":10,"column":55}},"loc":{"start":{"line":10,"column":58},"end":{"line":10,"column":99}},"line":10},"7":{"name":"getSources","decl":{"start":{"line":18,"column":176},"end":{"line":18,"column":186}},"loc":{"start":{"line":19,"column":4},"end":{"line":26,"column":5}},"line":19},"8":{"name":"(anonymous_8)","decl":{"start":{"line":20,"column":80},"end":{"line":20,"column":81}},"loc":{"start":{"line":20,"column":99},"end":{"line":25,"column":9}},"line":20},"9":{"name":"searchSources","decl":{"start":{"line":34,"column":53},"end":{"line":34,"column":66}},"loc":{"start":{"line":35,"column":11},"end":{"line":40,"column":5}},"line":35},"10":{"name":"getArticles","decl":{"start":{"line":50,"column":51},"end":{"line":50,"column":62}},"loc":{"start":{"line":51,"column":20},"end":{"line":58,"column":5}},"line":51},"11":{"name":"(anonymous_11)","decl":{"start":{"line":52,"column":96},"end":{"line":52,"column":97}},"loc":{"start":{"line":52,"column":116},"end":{"line":57,"column":9}},"line":52},"12":{"name":"showFullArticle","decl":{"start":{"line":67,"column":55},"end":{"line":67,"column":70}},"loc":{"start":{"line":68,"column":9},"end":{"line":75,"column":5}},"line":68},"13":{"name":"(anonymous_13)","decl":{"start":{"line":69,"column":92},"end":{"line":69,"column":93}},"loc":{"start":{"line":69,"column":111},"end":{"line":74,"column":9}},"line":69}},"branchMap":{"0":{"loc":{"start":{"line":1,"column":265},"end":{"line":1,"column":295}},"type":"binary-expr","locations":[{"start":{"line":1,"column":265},"end":{"line":1,"column":286}},{"start":{"line":1,"column":290},"end":{"line":1,"column":295}}],"line":1},"1":{"loc":{"start":{"line":1,"column":327},"end":{"line":1,"column":381}},"type":"if","locations":[{"start":{"line":1,"column":327},"end":{"line":1,"column":381}},{"start":{"line":1,"column":327},"end":{"line":1,"column":381}}],"line":1},"2":{"loc":{"start":{"line":1,"column":497},"end":{"line":1,"column":565}},"type":"if","locations":[{"start":{"line":1,"column":497},"end":{"line":1,"column":565}},{"start":{"line":1,"column":497},"end":{"line":1,"column":565}}],"line":1},"3":{"loc":{"start":{"line":1,"column":565},"end":{"line":1,"column":625}},"type":"if","locations":[{"start":{"line":1,"column":565},"end":{"line":1,"column":625}},{"start":{"line":1,"column":565},"end":{"line":1,"column":625}}],"line":1},"4":{"loc":{"start":{"line":4,"column":230},"end":{"line":4,"column":276}},"type":"cond-expr","locations":[{"start":{"line":4,"column":254},"end":{"line":4,"column":257}},{"start":{"line":4,"column":260},"end":{"line":4,"column":276}}],"line":4},"5":{"loc":{"start":{"line":4,"column":230},"end":{"line":4,"column":251}},"type":"binary-expr","locations":[{"start":{"line":4,"column":230},"end":{"line":4,"column":233}},{"start":{"line":4,"column":237},"end":{"line":4,"column":251}}],"line":4},"6":{"loc":{"start":{"line":4,"column":327},"end":{"line":4,"column":426}},"type":"if","locations":[{"start":{"line":4,"column":327},"end":{"line":4,"column":426}},{"start":{"line":4,"column":327},"end":{"line":4,"column":426}}],"line":4}},"s":{"0":5,"1":5,"2":5,"3":20,"4":20,"5":20,"6":20,"7":20,"8":20,"9":5,"10":5,"11":0,"12":5,"13":5,"14":5,"15":20,"16":0,"17":0,"18":5,"19":0,"20":5,"21":2,"22":3,"23":0,"24":5},"f":{"0":5,"1":5,"2":5,"3":20,"4":0,"5":5,"6":0,"7":2,"8":2,"9":0,"10":3,"11":3,"12":0,"13":0},"b":{"0":[20,20],"1":[20,0],"2":[0,5],"3":[5,0],"4":[19,1],"5":[20,20],"6":[0,0]},"_coverageSchema":"332fd63041d2c1bcb487cc26dd0d5f7d97098a6c","hash":"4f782649a04ca48a46890ccbfb945f57f4fe3de7"}
,"/Users/andeladeveloper/Desktop/headlines/src/js/components/App.jsx": {"path":"/Users/andeladeveloper/Desktop/headlines/src/js/components/App.jsx","statementMap":{"0":{"start":{"line":1,"column":39},"end":{"line":1,"column":101}},"1":{"start":{"line":1,"column":120},"end":{"line":1,"column":649}},"2":{"start":{"line":1,"column":175},"end":{"line":1,"column":440}},"3":{"start":{"line":1,"column":232},"end":{"line":1,"column":240}},"4":{"start":{"line":1,"column":241},"end":{"line":1,"column":296}},"5":{"start":{"line":1,"column":296},"end":{"line":1,"column":327}},"6":{"start":{"line":1,"column":327},"end":{"line":1,"column":381}},"7":{"start":{"line":1,"column":354},"end":{"line":1,"column":381}},"8":{"start":{"line":1,"column":381},"end":{"line":1,"column":439}},"9":{"start":{"line":1,"column":441},"end":{"line":1,"column":646}},"10":{"start":{"line":1,"column":497},"end":{"line":1,"column":565}},"11":{"start":{"line":1,"column":513},"end":{"line":1,"column":565}},"12":{"start":{"line":1,"column":565},"end":{"line":1,"column":625}},"13":{"start":{"line":1,"column":582},"end":{"line":1,"column":625}},"14":{"start":{"line":1,"column":625},"end":{"line":1,"column":644}},"15":{"start":{"line":9,"column":213},"end":{"line":9,"column":267}},"16":{"start":{"line":9,"column":317},"end":{"line":9,"column":416}},"17":{"start":{"line":9,"column":358},"end":{"line":9,"column":415}},"18":{"start":{"line":9,"column":466},"end":{"line":9,"column":565}},"19":{"start":{"line":9,"column":478},"end":{"line":9,"column":564}},"20":{"start":{"line":9,"column":565},"end":{"line":9,"column":651}},"21":{"start":{"line":9,"column":694},"end":{"line":9,"column":857}},"22":{"start":{"line":9,"column":756},"end":{"line":9,"column":856}},"23":{"start":{"line":9,"column":857},"end":{"line":9,"column":1021}},"24":{"start":{"line":9,"column":1021},"end":{"line":9,"column":1139}},"25":{"start":{"line":9,"column":1037},"end":{"line":9,"column":1139}},"26":{"start":{"line":17,"column":6},"end":{"line":118,"column":76}},"27":{"start":{"line":17,"column":35},"end":{"line":17,"column":68}},"28":{"start":{"line":18,"column":109},"end":{"line":18,"column":199}},"29":{"start":{"line":27,"column":3},"end":{"line":118,"column":10}},"30":{"start":{"line":44,"column":6},"end":{"line":45,"column":96}},"31":{"start":{"line":55,"column":6},"end":{"line":56,"column":36}},"32":{"start":{"line":61,"column":17},"end":{"line":61,"column":52}},"33":{"start":{"line":62,"column":6},"end":{"line":66,"column":7}},"34":{"start":{"line":63,"column":8},"end":{"line":64,"column":159}},"35":{"start":{"line":68,"column":23},"end":{"line":68,"column":30}},"36":{"start":{"line":69,"column":26},"end":{"line":69,"column":27}},"37":{"start":{"line":70,"column":16},"end":{"line":70,"column":43}},"38":{"start":{"line":71,"column":18},"end":{"line":71,"column":37}},"39":{"start":{"line":73,"column":6},"end":{"line":73,"column":48}},"40":{"start":{"line":76,"column":32},"end":{"line":77,"column":161}},"41":{"start":{"line":82,"column":32},"end":{"line":83,"column":221}},"42":{"start":{"line":87,"column":6},"end":{"line":115,"column":169}},"43":{"start":{"line":118,"column":10},"end":{"line":118,"column":21}}},"fnMap":{"0":{"name":"(anonymous_0)","decl":{"start":{"line":1,"column":120},"end":{"line":1,"column":121}},"loc":{"start":{"line":1,"column":132},"end":{"line":1,"column":647}},"line":1},"1":{"name":"defineProperties","decl":{"start":{"line":1,"column":142},"end":{"line":1,"column":158}},"loc":{"start":{"line":1,"column":174},"end":{"line":1,"column":441}},"line":1},"2":{"name":"(anonymous_2)","decl":{"start":{"line":1,"column":448},"end":{"line":1,"column":449}},"loc":{"start":{"line":1,"column":496},"end":{"line":1,"column":645}},"line":1},"3":{"name":"_interopRequireDefault","decl":{"start":{"line":9,"column":184},"end":{"line":9,"column":206}},"loc":{"start":{"line":9,"column":212},"end":{"line":9,"column":268}},"line":9},"4":{"name":"_classCallCheck","decl":{"start":{"line":9,"column":277},"end":{"line":9,"column":292}},"loc":{"start":{"line":9,"column":316},"end":{"line":9,"column":417}},"line":9},"5":{"name":"_possibleConstructorReturn","decl":{"start":{"line":9,"column":426},"end":{"line":9,"column":452}},"loc":{"start":{"line":9,"column":465},"end":{"line":9,"column":652}},"line":9},"6":{"name":"_inherits","decl":{"start":{"line":9,"column":661},"end":{"line":9,"column":670}},"loc":{"start":{"line":9,"column":693},"end":{"line":9,"column":1140}},"line":9},"7":{"name":"(anonymous_7)","decl":{"start":{"line":17,"column":6},"end":{"line":17,"column":7}},"loc":{"start":{"line":17,"column":34},"end":{"line":118,"column":22}},"line":17},"8":{"name":"App","decl":{"start":{"line":18,"column":37},"end":{"line":18,"column":40}},"loc":{"start":{"line":18,"column":43},"end":{"line":27,"column":3}},"line":18},"9":{"name":"componentWillMount","decl":{"start":{"line":27,"column":67},"end":{"line":27,"column":85}},"loc":{"start":{"line":29,"column":4},"end":{"line":32,"column":5}},"line":29},"10":{"name":"componentWillUnmount","decl":{"start":{"line":32,"column":56},"end":{"line":32,"column":76}},"loc":{"start":{"line":34,"column":4},"end":{"line":36,"column":5}},"line":34},"11":{"name":"getSources","decl":{"start":{"line":42,"column":50},"end":{"line":42,"column":60}},"loc":{"start":{"line":43,"column":4},"end":{"line":47,"column":5}},"line":43},"12":{"name":"changePage","decl":{"start":{"line":53,"column":50},"end":{"line":53,"column":60}},"loc":{"start":{"line":54,"column":17},"end":{"line":58,"column":5}},"line":54},"13":{"name":"render","decl":{"start":{"line":58,"column":42},"end":{"line":58,"column":48}},"loc":{"start":{"line":60,"column":4},"end":{"line":118,"column":5}},"line":60},"14":{"name":"onSelect","decl":{"start":{"line":109,"column":61},"end":{"line":109,"column":69}},"loc":{"start":{"line":109,"column":105},"end":{"line":109,"column":169}},"line":109}},"branchMap":{"0":{"loc":{"start":{"line":1,"column":265},"end":{"line":1,"column":295}},"type":"binary-expr","locations":[{"start":{"line":1,"column":265},"end":{"line":1,"column":286}},{"start":{"line":1,"column":290},"end":{"line":1,"column":295}}],"line":1},"1":{"loc":{"start":{"line":1,"column":327},"end":{"line":1,"column":381}},"type":"if","locations":[{"start":{"line":1,"column":327},"end":{"line":1,"column":381}},{"start":{"line":1,"column":327},"end":{"line":1,"column":381}}],"line":1},"2":{"loc":{"start":{"line":1,"column":497},"end":{"line":1,"column":565}},"type":"if","locations":[{"start":{"line":1,"column":497},"end":{"line":1,"column":565}},{"start":{"line":1,"column":497},"end":{"line":1,"column":565}}],"line":1},"3":{"loc":{"start":{"line":1,"column":565},"end":{"line":1,"column":625}},"type":"if","locations":[{"start":{"line":1,"column":565},"end":{"line":1,"column":625}},{"start":{"line":1,"column":565},"end":{"line":1,"column":625}}],"line":1},"4":{"loc":{"start":{"line":9,"column":220},"end":{"line":9,"column":266}},"type":"cond-expr","locations":[{"start":{"line":9,"column":244},"end":{"line":9,"column":247}},{"start":{"line":9,"column":250},"end":{"line":9,"column":266}}],"line":9},"5":{"loc":{"start":{"line":9,"column":220},"end":{"line":9,"column":241}},"type":"binary-expr","locations":[{"start":{"line":9,"column":220},"end":{"line":9,"column":223}},{"start":{"line":9,"column":227},"end":{"line":9,"column":241}}],"line":9},"6":{"loc":{"start":{"line":9,"column":317},"end":{"line":9,"column":416}},"type":"if","locations":[{"start":{"line":9,"column":317},"end":{"line":9,"column":416}},{"start":{"line":9,"column":317},"end":{"line":9,"column":416}}],"line":9},"7":{"loc":{"start":{"line":9,"column":466},"end":{"line":9,"column":565}},"type":"if","locations":[{"start":{"line":9,"column":466},"end":{"line":9,"column":565}},{"start":{"line":9,"column":466},"end":{"line":9,"column":565}}],"line":9},"8":{"loc":{"start":{"line":9,"column":572},"end":{"line":9,"column":650}},"type":"cond-expr","locations":[{"start":{"line":9,"column":639},"end":{"line":9,"column":643}},{"start":{"line":9,"column":646},"end":{"line":9,"column":650}}],"line":9},"9":{"loc":{"start":{"line":9,"column":572},"end":{"line":9,"column":636}},"type":"binary-expr","locations":[{"start":{"line":9,"column":572},"end":{"line":9,"column":576}},{"start":{"line":9,"column":581},"end":{"line":9,"column":605}},{"start":{"line":9,"column":609},"end":{"line":9,"column":635}}],"line":9},"10":{"loc":{"start":{"line":9,"column":694},"end":{"line":9,"column":857}},"type":"if","locations":[{"start":{"line":9,"column":694},"end":{"line":9,"column":857}},{"start":{"line":9,"column":694},"end":{"line":9,"column":857}}],"line":9},"11":{"loc":{"start":{"line":9,"column":698},"end":{"line":9,"column":753}},"type":"binary-expr","locations":[{"start":{"line":9,"column":698},"end":{"line":9,"column":730}},{"start":{"line":9,"column":734},"end":{"line":9,"column":753}}],"line":9},"12":{"loc":{"start":{"line":9,"column":892},"end":{"line":9,"column":926}},"type":"binary-expr","locations":[{"start":{"line":9,"column":892},"end":{"line":9,"column":902}},{"start":{"line":9,"column":906},"end":{"line":9,"column":926}}],"line":9},"13":{"loc":{"start":{"line":9,"column":1021},"end":{"line":9,"column":1139}},"type":"if","locations":[{"start":{"line":9,"column":1021},"end":{"line":9,"column":1139}},{"start":{"line":9,"column":1021},"end":{"line":9,"column":1139}}],"line":9},"14":{"loc":{"start":{"line":9,"column":1037},"end":{"line":9,"column":1138}},"type":"cond-expr","locations":[{"start":{"line":9,"column":1061},"end":{"line":9,"column":1104}},{"start":{"line":9,"column":1107},"end":{"line":9,"column":1138}}],"line":9},"15":{"loc":{"start":{"line":18,"column":143},"end":{"line":18,"column":186}},"type":"binary-expr","locations":[{"start":{"line":18,"column":143},"end":{"line":18,"column":156}},{"start":{"line":18,"column":160},"end":{"line":18,"column":186}}],"line":18},"16":{"loc":{"start":{"line":62,"column":6},"end":{"line":66,"column":7}},"type":"if","locations":[{"start":{"line":62,"column":6},"end":{"line":66,"column":7}},{"start":{"line":62,"column":6},"end":{"line":66,"column":7}}],"line":62},"17":{"loc":{"start":{"line":97,"column":12},"end":{"line":98,"column":145}},"type":"binary-expr","locations":[{"start":{"line":97,"column":12},"end":{"line":97,"column":23}}],"line":97},"18":{"loc":{"start":{"line":101,"column":12},"end":{"line":101,"column":73}},"type":"cond-expr","locations":[{"start":{"line":101,"column":38},"end":{"line":101,"column":55}},{"start":{"line":101,"column":58},"end":{"line":101,"column":73}}],"line":101},"19":{"loc":{"start":{"line":104,"column":14},"end":{"line":109,"column":172}},"type":"binary-expr","locations":[{"start":{"line":104,"column":14},"end":{"line":104,"column":26}}],"line":104}},"s":{"0":1,"1":1,"2":1,"3":5,"4":5,"5":5,"6":5,"7":5,"8":5,"9":1,"10":1,"11":1,"12":1,"13":0,"14":1,"15":7,"16":1,"17":0,"18":1,"19":0,"20":1,"21":1,"22":0,"23":1,"24":1,"25":1,"26":1,"27":1,"28":1,"29":1,"30":1,"31":0,"32":2,"33":2,"34":2,"35":0,"36":0,"37":0,"38":0,"39":0,"40":0,"41":0,"42":0,"43":1},"f":{"0":1,"1":1,"2":1,"3":7,"4":1,"5":1,"6":1,"7":1,"8":1,"9":1,"10":0,"11":1,"12":0,"13":2,"14":0},"b":{"0":[5,5],"1":[5,0],"2":[1,0],"3":[0,1],"4":[6,1],"5":[7,7],"6":[0,1],"7":[0,1],"8":[0,1],"9":[1,0,0],"10":[0,1],"11":[1,0],"12":[1,1],"13":[1,0],"14":[1,0],"15":[1,0],"16":[2,0],"17":[0],"18":[0,0],"19":[0]},"_coverageSchema":"332fd63041d2c1bcb487cc26dd0d5f7d97098a6c","hash":"ae2c06222903b976de6a347822846b5f3bb0f5fe"}
,"/Users/andeladeveloper/Desktop/headlines/src/js/components/articles/ArticleDetailsPage.jsx": {"path":"/Users/andeladeveloper/Desktop/headlines/src/js/components/articles/ArticleDetailsPage.jsx","statementMap":{"0":{"start":{"line":1,"column":39},"end":{"line":1,"column":101}},"1":{"start":{"line":1,"column":120},"end":{"line":1,"column":649}},"2":{"start":{"line":1,"column":175},"end":{"line":1,"column":440}},"3":{"start":{"line":1,"column":232},"end":{"line":1,"column":240}},"4":{"start":{"line":1,"column":241},"end":{"line":1,"column":296}},"5":{"start":{"line":1,"column":296},"end":{"line":1,"column":327}},"6":{"start":{"line":1,"column":327},"end":{"line":1,"column":381}},"7":{"start":{"line":1,"column":354},"end":{"line":1,"column":381}},"8":{"start":{"line":1,"column":381},"end":{"line":1,"column":439}},"9":{"start":{"line":1,"column":441},"end":{"line":1,"column":646}},"10":{"start":{"line":1,"column":497},"end":{"line":1,"column":565}},"11":{"start":{"line":1,"column":513},"end":{"line":1,"column":565}},"12":{"start":{"line":1,"column":565},"end":{"line":1,"column":625}},"13":{"start":{"line":1,"column":582},"end":{"line":1,"column":625}},"14":{"start":{"line":1,"column":625},"end":{"line":1,"column":644}},"15":{"start":{"line":7,"column":235},"end":{"line":7,"column":289}},"16":{"start":{"line":7,"column":339},"end":{"line":7,"column":438}},"17":{"start":{"line":7,"column":380},"end":{"line":7,"column":437}},"18":{"start":{"line":7,"column":488},"end":{"line":7,"column":587}},"19":{"start":{"line":7,"column":500},"end":{"line":7,"column":586}},"20":{"start":{"line":7,"column":587},"end":{"line":7,"column":673}},"21":{"start":{"line":7,"column":716},"end":{"line":7,"column":879}},"22":{"start":{"line":7,"column":778},"end":{"line":7,"column":878}},"23":{"start":{"line":7,"column":879},"end":{"line":7,"column":1043}},"24":{"start":{"line":7,"column":1043},"end":{"line":7,"column":1161}},"25":{"start":{"line":7,"column":1059},"end":{"line":7,"column":1161}},"26":{"start":{"line":14,"column":21},"end":{"line":74,"column":91}},"27":{"start":{"line":14,"column":50},"end":{"line":14,"column":98}},"28":{"start":{"line":15,"column":139},"end":{"line":15,"column":259}},"29":{"start":{"line":23,"column":3},"end":{"line":74,"column":10}},"30":{"start":{"line":35,"column":6},"end":{"line":36,"column":97}},"31":{"start":{"line":41,"column":17},"end":{"line":41,"column":52}},"32":{"start":{"line":42,"column":6},"end":{"line":46,"column":7}},"33":{"start":{"line":43,"column":8},"end":{"line":44,"column":159}},"34":{"start":{"line":48,"column":6},"end":{"line":71,"column":146}},"35":{"start":{"line":74,"column":10},"end":{"line":74,"column":36}}},"fnMap":{"0":{"name":"(anonymous_0)","decl":{"start":{"line":1,"column":120},"end":{"line":1,"column":121}},"loc":{"start":{"line":1,"column":132},"end":{"line":1,"column":647}},"line":1},"1":{"name":"defineProperties","decl":{"start":{"line":1,"column":142},"end":{"line":1,"column":158}},"loc":{"start":{"line":1,"column":174},"end":{"line":1,"column":441}},"line":1},"2":{"name":"(anonymous_2)","decl":{"start":{"line":1,"column":448},"end":{"line":1,"column":449}},"loc":{"start":{"line":1,"column":496},"end":{"line":1,"column":645}},"line":1},"3":{"name":"_interopRequireDefault","decl":{"start":{"line":7,"column":206},"end":{"line":7,"column":228}},"loc":{"start":{"line":7,"column":234},"end":{"line":7,"column":290}},"line":7},"4":{"name":"_classCallCheck","decl":{"start":{"line":7,"column":299},"end":{"line":7,"column":314}},"loc":{"start":{"line":7,"column":338},"end":{"line":7,"column":439}},"line":7},"5":{"name":"_possibleConstructorReturn","decl":{"start":{"line":7,"column":448},"end":{"line":7,"column":474}},"loc":{"start":{"line":7,"column":487},"end":{"line":7,"column":674}},"line":7},"6":{"name":"_inherits","decl":{"start":{"line":7,"column":683},"end":{"line":7,"column":692}},"loc":{"start":{"line":7,"column":715},"end":{"line":7,"column":1162}},"line":7},"7":{"name":"(anonymous_7)","decl":{"start":{"line":14,"column":21},"end":{"line":14,"column":22}},"loc":{"start":{"line":14,"column":49},"end":{"line":74,"column":37}},"line":14},"8":{"name":"ArticleDetailsPage","decl":{"start":{"line":15,"column":37},"end":{"line":15,"column":55}},"loc":{"start":{"line":15,"column":58},"end":{"line":23,"column":3}},"line":15},"9":{"name":"componentDidMount","decl":{"start":{"line":23,"column":81},"end":{"line":23,"column":98}},"loc":{"start":{"line":25,"column":4},"end":{"line":27,"column":5}},"line":25},"10":{"name":"getFullArticle","decl":{"start":{"line":33,"column":54},"end":{"line":33,"column":68}},"loc":{"start":{"line":34,"column":4},"end":{"line":38,"column":5}},"line":34},"11":{"name":"render","decl":{"start":{"line":38,"column":42},"end":{"line":38,"column":48}},"loc":{"start":{"line":40,"column":4},"end":{"line":74,"column":5}},"line":40}},"branchMap":{"0":{"loc":{"start":{"line":1,"column":265},"end":{"line":1,"column":295}},"type":"binary-expr","locations":[{"start":{"line":1,"column":265},"end":{"line":1,"column":286}},{"start":{"line":1,"column":290},"end":{"line":1,"column":295}}],"line":1},"1":{"loc":{"start":{"line":1,"column":327},"end":{"line":1,"column":381}},"type":"if","locations":[{"start":{"line":1,"column":327},"end":{"line":1,"column":381}},{"start":{"line":1,"column":327},"end":{"line":1,"column":381}}],"line":1},"2":{"loc":{"start":{"line":1,"column":497},"end":{"line":1,"column":565}},"type":"if","locations":[{"start":{"line":1,"column":497},"end":{"line":1,"column":565}},{"start":{"line":1,"column":497},"end":{"line":1,"column":565}}],"line":1},"3":{"loc":{"start":{"line":1,"column":565},"end":{"line":1,"column":625}},"type":"if","locations":[{"start":{"line":1,"column":565},"end":{"line":1,"column":625}},{"start":{"line":1,"column":565},"end":{"line":1,"column":625}}],"line":1},"4":{"loc":{"start":{"line":7,"column":242},"end":{"line":7,"column":288}},"type":"cond-expr","locations":[{"start":{"line":7,"column":266},"end":{"line":7,"column":269}},{"start":{"line":7,"column":272},"end":{"line":7,"column":288}}],"line":7},"5":{"loc":{"start":{"line":7,"column":242},"end":{"line":7,"column":263}},"type":"binary-expr","locations":[{"start":{"line":7,"column":242},"end":{"line":7,"column":245}},{"start":{"line":7,"column":249},"end":{"line":7,"column":263}}],"line":7},"6":{"loc":{"start":{"line":7,"column":339},"end":{"line":7,"column":438}},"type":"if","locations":[{"start":{"line":7,"column":339},"end":{"line":7,"column":438}},{"start":{"line":7,"column":339},"end":{"line":7,"column":438}}],"line":7},"7":{"loc":{"start":{"line":7,"column":488},"end":{"line":7,"column":587}},"type":"if","locations":[{"start":{"line":7,"column":488},"end":{"line":7,"column":587}},{"start":{"line":7,"column":488},"end":{"line":7,"column":587}}],"line":7},"8":{"loc":{"start":{"line":7,"column":594},"end":{"line":7,"column":672}},"type":"cond-expr","locations":[{"start":{"line":7,"column":661},"end":{"line":7,"column":665}},{"start":{"line":7,"column":668},"end":{"line":7,"column":672}}],"line":7},"9":{"loc":{"start":{"line":7,"column":594},"end":{"line":7,"column":658}},"type":"binary-expr","locations":[{"start":{"line":7,"column":594},"end":{"line":7,"column":598}},{"start":{"line":7,"column":603},"end":{"line":7,"column":627}},{"start":{"line":7,"column":631},"end":{"line":7,"column":657}}],"line":7},"10":{"loc":{"start":{"line":7,"column":716},"end":{"line":7,"column":879}},"type":"if","locations":[{"start":{"line":7,"column":716},"end":{"line":7,"column":879}},{"start":{"line":7,"column":716},"end":{"line":7,"column":879}}],"line":7},"11":{"loc":{"start":{"line":7,"column":720},"end":{"line":7,"column":775}},"type":"binary-expr","locations":[{"start":{"line":7,"column":720},"end":{"line":7,"column":752}},{"start":{"line":7,"column":756},"end":{"line":7,"column":775}}],"line":7},"12":{"loc":{"start":{"line":7,"column":914},"end":{"line":7,"column":948}},"type":"binary-expr","locations":[{"start":{"line":7,"column":914},"end":{"line":7,"column":924}},{"start":{"line":7,"column":928},"end":{"line":7,"column":948}}],"line":7},"13":{"loc":{"start":{"line":7,"column":1043},"end":{"line":7,"column":1161}},"type":"if","locations":[{"start":{"line":7,"column":1043},"end":{"line":7,"column":1161}},{"start":{"line":7,"column":1043},"end":{"line":7,"column":1161}}],"line":7},"14":{"loc":{"start":{"line":7,"column":1059},"end":{"line":7,"column":1160}},"type":"cond-expr","locations":[{"start":{"line":7,"column":1083},"end":{"line":7,"column":1126}},{"start":{"line":7,"column":1129},"end":{"line":7,"column":1160}}],"line":7},"15":{"loc":{"start":{"line":15,"column":173},"end":{"line":15,"column":246}},"type":"binary-expr","locations":[{"start":{"line":15,"column":173},"end":{"line":15,"column":201}},{"start":{"line":15,"column":205},"end":{"line":15,"column":246}}],"line":15},"16":{"loc":{"start":{"line":42,"column":6},"end":{"line":46,"column":7}},"type":"if","locations":[{"start":{"line":42,"column":6},"end":{"line":46,"column":7}},{"start":{"line":42,"column":6},"end":{"line":46,"column":7}}],"line":42}},"s":{"0":1,"1":1,"2":1,"3":3,"4":3,"5":3,"6":3,"7":3,"8":3,"9":1,"10":1,"11":1,"12":1,"13":0,"14":1,"15":6,"16":1,"17":0,"18":1,"19":0,"20":1,"21":1,"22":0,"23":1,"24":1,"25":1,"26":1,"27":1,"28":1,"29":1,"30":0,"31":1,"32":1,"33":1,"34":0,"35":1},"f":{"0":1,"1":1,"2":1,"3":6,"4":1,"5":1,"6":1,"7":1,"8":1,"9":0,"10":0,"11":1},"b":{"0":[3,3],"1":[3,0],"2":[1,0],"3":[0,1],"4":[4,2],"5":[6,6],"6":[0,1],"7":[0,1],"8":[0,1],"9":[1,0,0],"10":[0,1],"11":[1,0],"12":[1,1],"13":[1,0],"14":[1,0],"15":[1,0],"16":[1,0]},"_coverageSchema":"332fd63041d2c1bcb487cc26dd0d5f7d97098a6c","hash":"7db9e20239e528e591c6573cecd4285b48bcb68e"}
,"/Users/andeladeveloper/Desktop/headlines/src/js/components/articles/ArticlesPage.jsx": {"path":"/Users/andeladeveloper/Desktop/headlines/src/js/components/articles/ArticlesPage.jsx","statementMap":{"0":{"start":{"line":1,"column":39},"end":{"line":1,"column":101}},"1":{"start":{"line":1,"column":120},"end":{"line":1,"column":649}},"2":{"start":{"line":1,"column":175},"end":{"line":1,"column":440}},"3":{"start":{"line":1,"column":232},"end":{"line":1,"column":240}},"4":{"start":{"line":1,"column":241},"end":{"line":1,"column":296}},"5":{"start":{"line":1,"column":296},"end":{"line":1,"column":327}},"6":{"start":{"line":1,"column":327},"end":{"line":1,"column":381}},"7":{"start":{"line":1,"column":354},"end":{"line":1,"column":381}},"8":{"start":{"line":1,"column":381},"end":{"line":1,"column":439}},"9":{"start":{"line":1,"column":441},"end":{"line":1,"column":646}},"10":{"start":{"line":1,"column":497},"end":{"line":1,"column":565}},"11":{"start":{"line":1,"column":513},"end":{"line":1,"column":565}},"12":{"start":{"line":1,"column":565},"end":{"line":1,"column":625}},"13":{"start":{"line":1,"column":582},"end":{"line":1,"column":625}},"14":{"start":{"line":1,"column":625},"end":{"line":1,"column":644}},"15":{"start":{"line":10,"column":189},"end":{"line":10,"column":243}},"16":{"start":{"line":10,"column":293},"end":{"line":10,"column":392}},"17":{"start":{"line":10,"column":334},"end":{"line":10,"column":391}},"18":{"start":{"line":10,"column":442},"end":{"line":10,"column":541}},"19":{"start":{"line":10,"column":454},"end":{"line":10,"column":540}},"20":{"start":{"line":10,"column":541},"end":{"line":10,"column":627}},"21":{"start":{"line":10,"column":670},"end":{"line":10,"column":833}},"22":{"start":{"line":10,"column":732},"end":{"line":10,"column":832}},"23":{"start":{"line":10,"column":833},"end":{"line":10,"column":997}},"24":{"start":{"line":10,"column":997},"end":{"line":10,"column":1115}},"25":{"start":{"line":10,"column":1013},"end":{"line":10,"column":1115}},"26":{"start":{"line":19,"column":14},"end":{"line":101,"column":84}},"27":{"start":{"line":19,"column":43},"end":{"line":19,"column":84}},"28":{"start":{"line":20,"column":125},"end":{"line":20,"column":231}},"29":{"start":{"line":29,"column":3},"end":{"line":101,"column":10}},"30":{"start":{"line":32,"column":23},"end":{"line":32,"column":59}},"31":{"start":{"line":33,"column":25},"end":{"line":33,"column":70}},"32":{"start":{"line":34,"column":28},"end":{"line":34,"column":52}},"33":{"start":{"line":35,"column":6},"end":{"line":40,"column":9}},"34":{"start":{"line":54,"column":6},"end":{"line":55,"column":95}},"35":{"start":{"line":60,"column":17},"end":{"line":60,"column":52}},"36":{"start":{"line":61,"column":6},"end":{"line":65,"column":7}},"37":{"start":{"line":62,"column":8},"end":{"line":63,"column":159}},"38":{"start":{"line":67,"column":6},"end":{"line":98,"column":145}},"39":{"start":{"line":91,"column":16},"end":{"line":91,"column":193}},"40":{"start":{"line":101,"column":10},"end":{"line":101,"column":29}},"41":{"start":{"line":104,"column":0},"end":{"line":105,"column":66}}},"fnMap":{"0":{"name":"(anonymous_0)","decl":{"start":{"line":1,"column":120},"end":{"line":1,"column":121}},"loc":{"start":{"line":1,"column":132},"end":{"line":1,"column":647}},"line":1},"1":{"name":"defineProperties","decl":{"start":{"line":1,"column":142},"end":{"line":1,"column":158}},"loc":{"start":{"line":1,"column":174},"end":{"line":1,"column":441}},"line":1},"2":{"name":"(anonymous_2)","decl":{"start":{"line":1,"column":448},"end":{"line":1,"column":449}},"loc":{"start":{"line":1,"column":496},"end":{"line":1,"column":645}},"line":1},"3":{"name":"_interopRequireDefault","decl":{"start":{"line":10,"column":160},"end":{"line":10,"column":182}},"loc":{"start":{"line":10,"column":188},"end":{"line":10,"column":244}},"line":10},"4":{"name":"_classCallCheck","decl":{"start":{"line":10,"column":253},"end":{"line":10,"column":268}},"loc":{"start":{"line":10,"column":292},"end":{"line":10,"column":393}},"line":10},"5":{"name":"_possibleConstructorReturn","decl":{"start":{"line":10,"column":402},"end":{"line":10,"column":428}},"loc":{"start":{"line":10,"column":441},"end":{"line":10,"column":628}},"line":10},"6":{"name":"_inherits","decl":{"start":{"line":10,"column":637},"end":{"line":10,"column":646}},"loc":{"start":{"line":10,"column":669},"end":{"line":10,"column":1116}},"line":10},"7":{"name":"(anonymous_7)","decl":{"start":{"line":19,"column":14},"end":{"line":19,"column":15}},"loc":{"start":{"line":19,"column":42},"end":{"line":101,"column":30}},"line":19},"8":{"name":"ArticlePage","decl":{"start":{"line":20,"column":37},"end":{"line":20,"column":48}},"loc":{"start":{"line":20,"column":51},"end":{"line":29,"column":3}},"line":20},"9":{"name":"componentWillMount","decl":{"start":{"line":29,"column":75},"end":{"line":29,"column":93}},"loc":{"start":{"line":31,"column":4},"end":{"line":42,"column":5}},"line":31},"10":{"name":"(anonymous_10)","decl":{"start":{"line":38,"column":6},"end":{"line":38,"column":7}},"loc":{"start":{"line":38,"column":18},"end":{"line":40,"column":7}},"line":38},"11":{"name":"componentWillUnmount","decl":{"start":{"line":42,"column":56},"end":{"line":42,"column":76}},"loc":{"start":{"line":44,"column":4},"end":{"line":46,"column":5}},"line":44},"12":{"name":"getArticles","decl":{"start":{"line":52,"column":51},"end":{"line":52,"column":62}},"loc":{"start":{"line":53,"column":4},"end":{"line":57,"column":5}},"line":53},"13":{"name":"render","decl":{"start":{"line":57,"column":42},"end":{"line":57,"column":48}},"loc":{"start":{"line":59,"column":4},"end":{"line":101,"column":5}},"line":59},"14":{"name":"(anonymous_14)","decl":{"start":{"line":90,"column":27},"end":{"line":90,"column":28}},"loc":{"start":{"line":90,"column":46},"end":{"line":92,"column":15}},"line":90}},"branchMap":{"0":{"loc":{"start":{"line":1,"column":265},"end":{"line":1,"column":295}},"type":"binary-expr","locations":[{"start":{"line":1,"column":265},"end":{"line":1,"column":286}},{"start":{"line":1,"column":290},"end":{"line":1,"column":295}}],"line":1},"1":{"loc":{"start":{"line":1,"column":327},"end":{"line":1,"column":381}},"type":"if","locations":[{"start":{"line":1,"column":327},"end":{"line":1,"column":381}},{"start":{"line":1,"column":327},"end":{"line":1,"column":381}}],"line":1},"2":{"loc":{"start":{"line":1,"column":497},"end":{"line":1,"column":565}},"type":"if","locations":[{"start":{"line":1,"column":497},"end":{"line":1,"column":565}},{"start":{"line":1,"column":497},"end":{"line":1,"column":565}}],"line":1},"3":{"loc":{"start":{"line":1,"column":565},"end":{"line":1,"column":625}},"type":"if","locations":[{"start":{"line":1,"column":565},"end":{"line":1,"column":625}},{"start":{"line":1,"column":565},"end":{"line":1,"column":625}}],"line":1},"4":{"loc":{"start":{"line":10,"column":196},"end":{"line":10,"column":242}},"type":"cond-expr","locations":[{"start":{"line":10,"column":220},"end":{"line":10,"column":223}},{"start":{"line":10,"column":226},"end":{"line":10,"column":242}}],"line":10},"5":{"loc":{"start":{"line":10,"column":196},"end":{"line":10,"column":217}},"type":"binary-expr","locations":[{"start":{"line":10,"column":196},"end":{"line":10,"column":199}},{"start":{"line":10,"column":203},"end":{"line":10,"column":217}}],"line":10},"6":{"loc":{"start":{"line":10,"column":293},"end":{"line":10,"column":392}},"type":"if","locations":[{"start":{"line":10,"column":293},"end":{"line":10,"column":392}},{"start":{"line":10,"column":293},"end":{"line":10,"column":392}}],"line":10},"7":{"loc":{"start":{"line":10,"column":442},"end":{"line":10,"column":541}},"type":"if","locations":[{"start":{"line":10,"column":442},"end":{"line":10,"column":541}},{"start":{"line":10,"column":442},"end":{"line":10,"column":541}}],"line":10},"8":{"loc":{"start":{"line":10,"column":548},"end":{"line":10,"column":626}},"type":"cond-expr","locations":[{"start":{"line":10,"column":615},"end":{"line":10,"column":619}},{"start":{"line":10,"column":622},"end":{"line":10,"column":626}}],"line":10},"9":{"loc":{"start":{"line":10,"column":548},"end":{"line":10,"column":612}},"type":"binary-expr","locations":[{"start":{"line":10,"column":548},"end":{"line":10,"column":552}},{"start":{"line":10,"column":557},"end":{"line":10,"column":581}},{"start":{"line":10,"column":585},"end":{"line":10,"column":611}}],"line":10},"10":{"loc":{"start":{"line":10,"column":670},"end":{"line":10,"column":833}},"type":"if","locations":[{"start":{"line":10,"column":670},"end":{"line":10,"column":833}},{"start":{"line":10,"column":670},"end":{"line":10,"column":833}}],"line":10},"11":{"loc":{"start":{"line":10,"column":674},"end":{"line":10,"column":729}},"type":"binary-expr","locations":[{"start":{"line":10,"column":674},"end":{"line":10,"column":706}},{"start":{"line":10,"column":710},"end":{"line":10,"column":729}}],"line":10},"12":{"loc":{"start":{"line":10,"column":868},"end":{"line":10,"column":902}},"type":"binary-expr","locations":[{"start":{"line":10,"column":868},"end":{"line":10,"column":878}},{"start":{"line":10,"column":882},"end":{"line":10,"column":902}}],"line":10},"13":{"loc":{"start":{"line":10,"column":997},"end":{"line":10,"column":1115}},"type":"if","locations":[{"start":{"line":10,"column":997},"end":{"line":10,"column":1115}},{"start":{"line":10,"column":997},"end":{"line":10,"column":1115}}],"line":10},"14":{"loc":{"start":{"line":10,"column":1013},"end":{"line":10,"column":1114}},"type":"cond-expr","locations":[{"start":{"line":10,"column":1037},"end":{"line":10,"column":1080}},{"start":{"line":10,"column":1083},"end":{"line":10,"column":1114}}],"line":10},"15":{"loc":{"start":{"line":20,"column":159},"end":{"line":20,"column":218}},"type":"binary-expr","locations":[{"start":{"line":20,"column":159},"end":{"line":20,"column":180}},{"start":{"line":20,"column":184},"end":{"line":20,"column":218}}],"line":20},"16":{"loc":{"start":{"line":61,"column":6},"end":{"line":65,"column":7}},"type":"if","locations":[{"start":{"line":61,"column":6},"end":{"line":65,"column":7}},{"start":{"line":61,"column":6},"end":{"line":65,"column":7}}],"line":61},"17":{"loc":{"start":{"line":70,"column":10},"end":{"line":73,"column":146}},"type":"binary-expr","locations":[{"start":{"line":70,"column":10},"end":{"line":70,"column":19}}],"line":70},"18":{"loc":{"start":{"line":78,"column":10},"end":{"line":92,"column":24}},"type":"binary-expr","locations":[{"start":{"line":78,"column":10},"end":{"line":78,"column":20}}],"line":78},"19":{"loc":{"start":{"line":89,"column":14},"end":{"line":92,"column":22}},"type":"binary-expr","locations":[{"start":{"line":89,"column":14},"end":{"line":89,"column":33}},{"start":{"line":90,"column":14},"end":{"line":92,"column":22}}],"line":89}},"s":{"0":1,"1":1,"2":1,"3":4,"4":4,"5":4,"6":4,"7":4,"8":4,"9":1,"10":1,"11":1,"12":1,"13":0,"14":1,"15":8,"16":1,"17":0,"18":1,"19":0,"20":1,"21":1,"22":0,"23":1,"24":1,"25":1,"26":1,"27":1,"28":1,"29":1,"30":1,"31":1,"32":1,"33":1,"34":1,"35":2,"36":2,"37":2,"38":0,"39":0,"40":1,"41":1},"f":{"0":1,"1":1,"2":1,"3":8,"4":1,"5":1,"6":1,"7":1,"8":1,"9":1,"10":1,"11":0,"12":1,"13":2,"14":0},"b":{"0":[4,4],"1":[4,0],"2":[1,0],"3":[0,1],"4":[6,2],"5":[8,8],"6":[0,1],"7":[0,1],"8":[0,1],"9":[1,0,0],"10":[0,1],"11":[1,0],"12":[1,1],"13":[1,0],"14":[1,0],"15":[1,0],"16":[2,0],"17":[0],"18":[0],"19":[0,0]},"_coverageSchema":"332fd63041d2c1bcb487cc26dd0d5f7d97098a6c","hash":"efbc65abb9adedea17e492d08df94127f1335f5e"}
,"/Users/andeladeveloper/Desktop/headlines/src/js/components/favourites/FavouritesPage.jsx": {"path":"/Users/andeladeveloper/Desktop/headlines/src/js/components/favourites/FavouritesPage.jsx","statementMap":{"0":{"start":{"line":1,"column":39},"end":{"line":1,"column":101}},"1":{"start":{"line":4,"column":189},"end":{"line":4,"column":243}},"2":{"start":{"line":12,"column":13},"end":{"line":12,"column":48}},"3":{"start":{"line":13,"column":29},"end":{"line":13,"column":67}},"4":{"start":{"line":14,"column":19},"end":{"line":14,"column":51}},"5":{"start":{"line":15,"column":2},"end":{"line":38,"column":141}},"6":{"start":{"line":34,"column":10},"end":{"line":34,"column":187}}},"fnMap":{"0":{"name":"_interopRequireDefault","decl":{"start":{"line":4,"column":160},"end":{"line":4,"column":182}},"loc":{"start":{"line":4,"column":188},"end":{"line":4,"column":244}},"line":4},"1":{"name":"FavouritesPage","decl":{"start":{"line":11,"column":9},"end":{"line":11,"column":23}},"loc":{"start":{"line":11,"column":26},"end":{"line":41,"column":1}},"line":11},"2":{"name":"(anonymous_2)","decl":{"start":{"line":33,"column":23},"end":{"line":33,"column":24}},"loc":{"start":{"line":33,"column":51},"end":{"line":35,"column":9}},"line":33}},"branchMap":{"0":{"loc":{"start":{"line":4,"column":196},"end":{"line":4,"column":242}},"type":"cond-expr","locations":[{"start":{"line":4,"column":220},"end":{"line":4,"column":223}},{"start":{"line":4,"column":226},"end":{"line":4,"column":242}}],"line":4},"1":{"loc":{"start":{"line":4,"column":196},"end":{"line":4,"column":217}},"type":"binary-expr","locations":[{"start":{"line":4,"column":196},"end":{"line":4,"column":199}},{"start":{"line":4,"column":203},"end":{"line":4,"column":217}}],"line":4},"2":{"loc":{"start":{"line":26,"column":8},"end":{"line":28,"column":207}},"type":"binary-expr","locations":[{"start":{"line":26,"column":8},"end":{"line":26,"column":31}}],"line":26}},"s":{"0":1,"1":4,"2":1,"3":1,"4":1,"5":1,"6":1},"f":{"0":4,"1":1,"2":1},"b":{"0":[3,1],"1":[4,4],"2":[1]},"_coverageSchema":"332fd63041d2c1bcb487cc26dd0d5f7d97098a6c","hash":"89fbbab8de45107081d195c2934a4c96532ff57d"}
,"/Users/andeladeveloper/Desktop/headlines/src/js/components/login/LogInPage.jsx": {"path":"/Users/andeladeveloper/Desktop/headlines/src/js/components/login/LogInPage.jsx","statementMap":{"0":{"start":{"line":1,"column":39},"end":{"line":1,"column":101}},"1":{"start":{"line":1,"column":120},"end":{"line":1,"column":649}},"2":{"start":{"line":1,"column":175},"end":{"line":1,"column":440}},"3":{"start":{"line":1,"column":232},"end":{"line":1,"column":240}},"4":{"start":{"line":1,"column":241},"end":{"line":1,"column":296}},"5":{"start":{"line":1,"column":296},"end":{"line":1,"column":327}},"6":{"start":{"line":1,"column":327},"end":{"line":1,"column":381}},"7":{"start":{"line":1,"column":354},"end":{"line":1,"column":381}},"8":{"start":{"line":1,"column":381},"end":{"line":1,"column":439}},"9":{"start":{"line":1,"column":441},"end":{"line":1,"column":646}},"10":{"start":{"line":1,"column":497},"end":{"line":1,"column":565}},"11":{"start":{"line":1,"column":513},"end":{"line":1,"column":565}},"12":{"start":{"line":1,"column":565},"end":{"line":1,"column":625}},"13":{"start":{"line":1,"column":582},"end":{"line":1,"column":625}},"14":{"start":{"line":1,"column":625},"end":{"line":1,"column":644}},"15":{"start":{"line":5,"column":231},"end":{"line":5,"column":330}},"16":{"start":{"line":5,"column":272},"end":{"line":5,"column":329}},"17":{"start":{"line":5,"column":380},"end":{"line":5,"column":479}},"18":{"start":{"line":5,"column":392},"end":{"line":5,"column":478}},"19":{"start":{"line":5,"column":479},"end":{"line":5,"column":565}},"20":{"start":{"line":5,"column":608},"end":{"line":5,"column":771}},"21":{"start":{"line":5,"column":670},"end":{"line":5,"column":770}},"22":{"start":{"line":5,"column":771},"end":{"line":5,"column":935}},"23":{"start":{"line":5,"column":935},"end":{"line":5,"column":1053}},"24":{"start":{"line":5,"column":951},"end":{"line":5,"column":1053}},"25":{"start":{"line":14,"column":12},"end":{"line":63,"column":82}},"26":{"start":{"line":14,"column":41},"end":{"line":14,"column":80}},"27":{"start":{"line":15,"column":121},"end":{"line":15,"column":223}},"28":{"start":{"line":25,"column":7},"end":{"line":63,"column":10}},"29":{"start":{"line":27,"column":25},"end":{"line":27,"column":51}},"30":{"start":{"line":28,"column":24},"end":{"line":28,"column":26}},"31":{"start":{"line":29,"column":6},"end":{"line":29,"column":48}},"32":{"start":{"line":30,"column":6},"end":{"line":30,"column":50}},"33":{"start":{"line":31,"column":6},"end":{"line":31,"column":43}},"34":{"start":{"line":32,"column":6},"end":{"line":32,"column":46}},"35":{"start":{"line":33,"column":6},"end":{"line":33,"column":71}},"36":{"start":{"line":34,"column":6},"end":{"line":34,"column":42}},"37":{"start":{"line":38,"column":21},"end":{"line":38,"column":42}},"38":{"start":{"line":39,"column":6},"end":{"line":57,"column":39}},"39":{"start":{"line":63,"column":10},"end":{"line":63,"column":27}},"40":{"start":{"line":66,"column":0},"end":{"line":67,"column":66}}},"fnMap":{"0":{"name":"(anonymous_0)","decl":{"start":{"line":1,"column":120},"end":{"line":1,"column":121}},"loc":{"start":{"line":1,"column":132},"end":{"line":1,"column":647}},"line":1},"1":{"name":"defineProperties","decl":{"start":{"line":1,"column":142},"end":{"line":1,"column":158}},"loc":{"start":{"line":1,"column":174},"end":{"line":1,"column":441}},"line":1},"2":{"name":"(anonymous_2)","decl":{"start":{"line":1,"column":448},"end":{"line":1,"column":449}},"loc":{"start":{"line":1,"column":496},"end":{"line":1,"column":645}},"line":1},"3":{"name":"_classCallCheck","decl":{"start":{"line":5,"column":191},"end":{"line":5,"column":206}},"loc":{"start":{"line":5,"column":230},"end":{"line":5,"column":331}},"line":5},"4":{"name":"_possibleConstructorReturn","decl":{"start":{"line":5,"column":340},"end":{"line":5,"column":366}},"loc":{"start":{"line":5,"column":379},"end":{"line":5,"column":566}},"line":5},"5":{"name":"_inherits","decl":{"start":{"line":5,"column":575},"end":{"line":5,"column":584}},"loc":{"start":{"line":5,"column":607},"end":{"line":5,"column":1054}},"line":5},"6":{"name":"(anonymous_6)","decl":{"start":{"line":14,"column":12},"end":{"line":14,"column":13}},"loc":{"start":{"line":14,"column":40},"end":{"line":63,"column":28}},"line":14},"7":{"name":"LogInPage","decl":{"start":{"line":15,"column":37},"end":{"line":15,"column":46}},"loc":{"start":{"line":15,"column":49},"end":{"line":18,"column":3}},"line":15},"8":{"name":"responseGoogle","decl":{"start":{"line":25,"column":73},"end":{"line":25,"column":87}},"loc":{"start":{"line":26,"column":14},"end":{"line":35,"column":5}},"line":26},"9":{"name":"render","decl":{"start":{"line":35,"column":42},"end":{"line":35,"column":48}},"loc":{"start":{"line":37,"column":4},"end":{"line":63,"column":5}},"line":37}},"branchMap":{"0":{"loc":{"start":{"line":1,"column":265},"end":{"line":1,"column":295}},"type":"binary-expr","locations":[{"start":{"line":1,"column":265},"end":{"line":1,"column":286}},{"start":{"line":1,"column":290},"end":{"line":1,"column":295}}],"line":1},"1":{"loc":{"start":{"line":1,"column":327},"end":{"line":1,"column":381}},"type":"if","locations":[{"start":{"line":1,"column":327},"end":{"line":1,"column":381}},{"start":{"line":1,"column":327},"end":{"line":1,"column":381}}],"line":1},"2":{"loc":{"start":{"line":1,"column":497},"end":{"line":1,"column":565}},"type":"if","locations":[{"start":{"line":1,"column":497},"end":{"line":1,"column":565}},{"start":{"line":1,"column":497},"end":{"line":1,"column":565}}],"line":1},"3":{"loc":{"start":{"line":1,"column":565},"end":{"line":1,"column":625}},"type":"if","locations":[{"start":{"line":1,"column":565},"end":{"line":1,"column":625}},{"start":{"line":1,"column":565},"end":{"line":1,"column":625}}],"line":1},"4":{"loc":{"start":{"line":5,"column":231},"end":{"line":5,"column":330}},"type":"if","locations":[{"start":{"line":5,"column":231},"end":{"line":5,"column":330}},{"start":{"line":5,"column":231},"end":{"line":5,"column":330}}],"line":5},"5":{"loc":{"start":{"line":5,"column":380},"end":{"line":5,"column":479}},"type":"if","locations":[{"start":{"line":5,"column":380},"end":{"line":5,"column":479}},{"start":{"line":5,"column":380},"end":{"line":5,"column":479}}],"line":5},"6":{"loc":{"start":{"line":5,"column":486},"end":{"line":5,"column":564}},"type":"cond-expr","locations":[{"start":{"line":5,"column":553},"end":{"line":5,"column":557}},{"start":{"line":5,"column":560},"end":{"line":5,"column":564}}],"line":5},"7":{"loc":{"start":{"line":5,"column":486},"end":{"line":5,"column":550}},"type":"binary-expr","locations":[{"start":{"line":5,"column":486},"end":{"line":5,"column":490}},{"start":{"line":5,"column":495},"end":{"line":5,"column":519}},{"start":{"line":5,"column":523},"end":{"line":5,"column":549}}],"line":5},"8":{"loc":{"start":{"line":5,"column":608},"end":{"line":5,"column":771}},"type":"if","locations":[{"start":{"line":5,"column":608},"end":{"line":5,"column":771}},{"start":{"line":5,"column":608},"end":{"line":5,"column":771}}],"line":5},"9":{"loc":{"start":{"line":5,"column":612},"end":{"line":5,"column":667}},"type":"binary-expr","locations":[{"start":{"line":5,"column":612},"end":{"line":5,"column":644}},{"start":{"line":5,"column":648},"end":{"line":5,"column":667}}],"line":5},"10":{"loc":{"start":{"line":5,"column":806},"end":{"line":5,"column":840}},"type":"binary-expr","locations":[{"start":{"line":5,"column":806},"end":{"line":5,"column":816}},{"start":{"line":5,"column":820},"end":{"line":5,"column":840}}],"line":5},"11":{"loc":{"start":{"line":5,"column":935},"end":{"line":5,"column":1053}},"type":"if","locations":[{"start":{"line":5,"column":935},"end":{"line":5,"column":1053}},{"start":{"line":5,"column":935},"end":{"line":5,"column":1053}}],"line":5},"12":{"loc":{"start":{"line":5,"column":951},"end":{"line":5,"column":1052}},"type":"cond-expr","locations":[{"start":{"line":5,"column":975},"end":{"line":5,"column":1018}},{"start":{"line":5,"column":1021},"end":{"line":5,"column":1052}}],"line":5},"13":{"loc":{"start":{"line":15,"column":155},"end":{"line":15,"column":210}},"type":"binary-expr","locations":[{"start":{"line":15,"column":155},"end":{"line":15,"column":174}},{"start":{"line":15,"column":178},"end":{"line":15,"column":210}}],"line":15}},"s":{"0":1,"1":1,"2":1,"3":2,"4":2,"5":2,"6":2,"7":2,"8":2,"9":1,"10":1,"11":1,"12":1,"13":0,"14":1,"15":0,"16":0,"17":0,"18":0,"19":0,"20":1,"21":0,"22":1,"23":1,"24":1,"25":1,"26":1,"27":0,"28":1,"29":0,"30":0,"31":0,"32":0,"33":0,"34":0,"35":0,"36":0,"37":0,"38":0,"39":1,"40":1},"f":{"0":1,"1":1,"2":1,"3":0,"4":0,"5":1,"6":1,"7":0,"8":0,"9":0},"b":{"0":[2,2],"1":[2,0],"2":[1,0],"3":[0,1],"4":[0,0],"5":[0,0],"6":[0,0],"7":[0,0,0],"8":[0,1],"9":[1,0],"10":[1,1],"11":[1,0],"12":[1,0],"13":[0,0]},"_coverageSchema":"332fd63041d2c1bcb487cc26dd0d5f7d97098a6c","hash":"2b04f6aaa5f7a0a3827f19f168b050e3746e3ea9"}
,"/Users/andeladeveloper/Desktop/headlines/src/js/components/partials/in/Article.jsx": {"path":"/Users/andeladeveloper/Desktop/headlines/src/js/components/partials/in/Article.jsx","statementMap":{"0":{"start":{"line":1,"column":39},"end":{"line":1,"column":101}},"1":{"start":{"line":1,"column":116},"end":{"line":1,"column":347}},"2":{"start":{"line":1,"column":152},"end":{"line":1,"column":332}},"3":{"start":{"line":1,"column":209},"end":{"line":1,"column":221}},"4":{"start":{"line":1,"column":222},"end":{"line":1,"column":331}},"5":{"start":{"line":1,"column":247},"end":{"line":1,"column":330}},"6":{"start":{"line":1,"column":303},"end":{"line":1,"column":329}},"7":{"start":{"line":1,"column":332},"end":{"line":1,"column":346}},"8":{"start":{"line":1,"column":362},"end":{"line":1,"column":612}},"9":{"start":{"line":1,"column":448},"end":{"line":1,"column":466}},"10":{"start":{"line":1,"column":486},"end":{"line":1,"column":611}},"11":{"start":{"line":1,"column":632},"end":{"line":1,"column":1161}},"12":{"start":{"line":1,"column":687},"end":{"line":1,"column":952}},"13":{"start":{"line":1,"column":744},"end":{"line":1,"column":752}},"14":{"start":{"line":1,"column":753},"end":{"line":1,"column":808}},"15":{"start":{"line":1,"column":808},"end":{"line":1,"column":839}},"16":{"start":{"line":1,"column":839},"end":{"line":1,"column":893}},"17":{"start":{"line":1,"column":866},"end":{"line":1,"column":893}},"18":{"start":{"line":1,"column":893},"end":{"line":1,"column":951}},"19":{"start":{"line":1,"column":953},"end":{"line":1,"column":1158}},"20":{"start":{"line":1,"column":1009},"end":{"line":1,"column":1077}},"21":{"start":{"line":1,"column":1025},"end":{"line":1,"column":1077}},"22":{"start":{"line":1,"column":1077},"end":{"line":1,"column":1137}},"23":{"start":{"line":1,"column":1094},"end":{"line":1,"column":1137}},"24":{"start":{"line":1,"column":1137},"end":{"line":1,"column":1156}},"25":{"start":{"line":9,"column":219},"end":{"line":9,"column":273}},"26":{"start":{"line":9,"column":323},"end":{"line":9,"column":422}},"27":{"start":{"line":9,"column":364},"end":{"line":9,"column":421}},"28":{"start":{"line":9,"column":472},"end":{"line":9,"column":571}},"29":{"start":{"line":9,"column":484},"end":{"line":9,"column":570}},"30":{"start":{"line":9,"column":571},"end":{"line":9,"column":657}},"31":{"start":{"line":9,"column":700},"end":{"line":9,"column":863}},"32":{"start":{"line":9,"column":762},"end":{"line":9,"column":862}},"33":{"start":{"line":9,"column":863},"end":{"line":9,"column":1027}},"34":{"start":{"line":9,"column":1027},"end":{"line":9,"column":1145}},"35":{"start":{"line":9,"column":1043},"end":{"line":9,"column":1145}},"36":{"start":{"line":11,"column":10},"end":{"line":190,"column":80}},"37":{"start":{"line":11,"column":39},"end":{"line":11,"column":76}},"38":{"start":{"line":12,"column":117},"end":{"line":12,"column":215}},"39":{"start":{"line":33,"column":7},"end":{"line":190,"column":10}},"40":{"start":{"line":36,"column":6},"end":{"line":36,"column":49}},"41":{"start":{"line":46,"column":27},"end":{"line":46,"column":32}},"42":{"start":{"line":48,"column":6},"end":{"line":48,"column":56}},"43":{"start":{"line":49,"column":6},"end":{"line":53,"column":9}},"44":{"start":{"line":50,"column":8},"end":{"line":52,"column":9}},"45":{"start":{"line":51,"column":10},"end":{"line":51,"column":32}},"46":{"start":{"line":54,"column":6},"end":{"line":54,"column":28}},"47":{"start":{"line":65,"column":20},"end":{"line":65,"column":22}},"48":{"start":{"line":66,"column":6},"end":{"line":66,"column":28}},"49":{"start":{"line":67,"column":6},"end":{"line":67,"column":24}},"50":{"start":{"line":68,"column":6},"end":{"line":68,"column":40}},"51":{"start":{"line":69,"column":31},"end":{"line":69,"column":81}},"52":{"start":{"line":70,"column":6},"end":{"line":73,"column":7}},"53":{"start":{"line":71,"column":8},"end":{"line":71,"column":32}},"54":{"start":{"line":72,"column":8},"end":{"line":72,"column":41}},"55":{"start":{"line":74,"column":6},"end":{"line":76,"column":7}},"56":{"start":{"line":75,"column":8},"end":{"line":75,"column":41}},"57":{"start":{"line":77,"column":6},"end":{"line":77,"column":81}},"58":{"start":{"line":78,"column":6},"end":{"line":79,"column":23}},"59":{"start":{"line":81,"column":6},"end":{"line":83,"column":27}},"60":{"start":{"line":88,"column":14},"end":{"line":88,"column":30}},"61":{"start":{"line":96,"column":51},"end":{"line":96,"column":97}},"62":{"start":{"line":97,"column":50},"end":{"line":97,"column":95}},"63":{"start":{"line":98,"column":51},"end":{"line":98,"column":97}},"64":{"start":{"line":99,"column":53},"end":{"line":99,"column":97}},"65":{"start":{"line":100,"column":6},"end":{"line":183,"column":205}},"66":{"start":{"line":190,"column":10},"end":{"line":190,"column":25}},"67":{"start":{"line":193,"column":0},"end":{"line":195,"column":66}}},"fnMap":{"0":{"name":"(anonymous_0)","decl":{"start":{"line":1,"column":133},"end":{"line":1,"column":134}},"loc":{"start":{"line":1,"column":151},"end":{"line":1,"column":347}},"line":1},"1":{"name":"(anonymous_1)","decl":{"start":{"line":1,"column":432},"end":{"line":1,"column":433}},"loc":{"start":{"line":1,"column":447},"end":{"line":1,"column":467}},"line":1},"2":{"name":"(anonymous_2)","decl":{"start":{"line":1,"column":470},"end":{"line":1,"column":471}},"loc":{"start":{"line":1,"column":485},"end":{"line":1,"column":612}},"line":1},"3":{"name":"(anonymous_3)","decl":{"start":{"line":1,"column":632},"end":{"line":1,"column":633}},"loc":{"start":{"line":1,"column":644},"end":{"line":1,"column":1159}},"line":1},"4":{"name":"defineProperties","decl":{"start":{"line":1,"column":654},"end":{"line":1,"column":670}},"loc":{"start":{"line":1,"column":686},"end":{"line":1,"column":953}},"line":1},"5":{"name":"(anonymous_5)","decl":{"start":{"line":1,"column":960},"end":{"line":1,"column":961}},"loc":{"start":{"line":1,"column":1008},"end":{"line":1,"column":1157}},"line":1},"6":{"name":"_interopRequireDefault","decl":{"start":{"line":9,"column":190},"end":{"line":9,"column":212}},"loc":{"start":{"line":9,"column":218},"end":{"line":9,"column":274}},"line":9},"7":{"name":"_classCallCheck","decl":{"start":{"line":9,"column":283},"end":{"line":9,"column":298}},"loc":{"start":{"line":9,"column":322},"end":{"line":9,"column":423}},"line":9},"8":{"name":"_possibleConstructorReturn","decl":{"start":{"line":9,"column":432},"end":{"line":9,"column":458}},"loc":{"start":{"line":9,"column":471},"end":{"line":9,"column":658}},"line":9},"9":{"name":"_inherits","decl":{"start":{"line":9,"column":667},"end":{"line":9,"column":676}},"loc":{"start":{"line":9,"column":699},"end":{"line":9,"column":1146}},"line":9},"10":{"name":"(anonymous_10)","decl":{"start":{"line":11,"column":10},"end":{"line":11,"column":11}},"loc":{"start":{"line":11,"column":38},"end":{"line":190,"column":26}},"line":11},"11":{"name":"Article","decl":{"start":{"line":12,"column":37},"end":{"line":12,"column":44}},"loc":{"start":{"line":12,"column":47},"end":{"line":27,"column":3}},"line":12},"12":{"name":"showFullArticle","decl":{"start":{"line":33,"column":72},"end":{"line":33,"column":87}},"loc":{"start":{"line":34,"column":9},"end":{"line":37,"column":5}},"line":34},"13":{"name":"preventSavedDuplicates","decl":{"start":{"line":44,"column":62},"end":{"line":44,"column":84}},"loc":{"start":{"line":45,"column":16},"end":{"line":55,"column":5}},"line":45},"14":{"name":"(anonymous_14)","decl":{"start":{"line":49,"column":33},"end":{"line":49,"column":34}},"loc":{"start":{"line":49,"column":52},"end":{"line":53,"column":7}},"line":49},"15":{"name":"addToCollections","decl":{"start":{"line":63,"column":56},"end":{"line":63,"column":72}},"loc":{"start":{"line":64,"column":29},"end":{"line":85,"column":5}},"line":64},"16":{"name":"render","decl":{"start":{"line":85,"column":42},"end":{"line":85,"column":48}},"loc":{"start":{"line":87,"column":4},"end":{"line":190,"column":5}},"line":87},"17":{"name":"ref","decl":{"start":{"line":158,"column":198},"end":{"line":158,"column":201}},"loc":{"start":{"line":158,"column":231},"end":{"line":158,"column":283}},"line":158},"18":{"name":"onClick","decl":{"start":{"line":164,"column":64},"end":{"line":164,"column":71}},"loc":{"start":{"line":164,"column":100},"end":{"line":164,"column":173}},"line":164},"19":{"name":"(anonymous_19)","decl":{"start":{"line":177,"column":39},"end":{"line":177,"column":40}},"loc":{"start":{"line":177,"column":77},"end":{"line":180,"column":47}},"line":177}},"branchMap":{"0":{"loc":{"start":{"line":1,"column":116},"end":{"line":1,"column":347}},"type":"binary-expr","locations":[{"start":{"line":1,"column":116},"end":{"line":1,"column":129}},{"start":{"line":1,"column":133},"end":{"line":1,"column":347}}],"line":1},"1":{"loc":{"start":{"line":1,"column":247},"end":{"line":1,"column":330}},"type":"if","locations":[{"start":{"line":1,"column":247},"end":{"line":1,"column":330}},{"start":{"line":1,"column":247},"end":{"line":1,"column":330}}],"line":1},"2":{"loc":{"start":{"line":1,"column":362},"end":{"line":1,"column":612}},"type":"cond-expr","locations":[{"start":{"line":1,"column":432},"end":{"line":1,"column":467}},{"start":{"line":1,"column":470},"end":{"line":1,"column":612}}],"line":1},"3":{"loc":{"start":{"line":1,"column":362},"end":{"line":1,"column":429}},"type":"binary-expr","locations":[{"start":{"line":1,"column":362},"end":{"line":1,"column":390}},{"start":{"line":1,"column":394},"end":{"line":1,"column":429}}],"line":1},"4":{"loc":{"start":{"line":1,"column":493},"end":{"line":1,"column":610}},"type":"cond-expr","locations":[{"start":{"line":1,"column":589},"end":{"line":1,"column":597}},{"start":{"line":1,"column":600},"end":{"line":1,"column":610}}],"line":1},"5":{"loc":{"start":{"line":1,"column":493},"end":{"line":1,"column":586}},"type":"binary-expr","locations":[{"start":{"line":1,"column":493},"end":{"line":1,"column":496}},{"start":{"line":1,"column":500},"end":{"line":1,"column":528}},{"start":{"line":1,"column":532},"end":{"line":1,"column":558}},{"start":{"line":1,"column":562},"end":{"line":1,"column":586}}],"line":1},"6":{"loc":{"start":{"line":1,"column":777},"end":{"line":1,"column":807}},"type":"binary-expr","locations":[{"start":{"line":1,"column":777},"end":{"line":1,"column":798}},{"start":{"line":1,"column":802},"end":{"line":1,"column":807}}],"line":1},"7":{"loc":{"start":{"line":1,"column":839},"end":{"line":1,"column":893}},"type":"if","locations":[{"start":{"line":1,"column":839},"end":{"line":1,"column":893}},{"start":{"line":1,"column":839},"end":{"line":1,"column":893}}],"line":1},"8":{"loc":{"start":{"line":1,"column":1009},"end":{"line":1,"column":1077}},"type":"if","locations":[{"start":{"line":1,"column":1009},"end":{"line":1,"column":1077}},{"start":{"line":1,"column":1009},"end":{"line":1,"column":1077}}],"line":1},"9":{"loc":{"start":{"line":1,"column":1077},"end":{"line":1,"column":1137}},"type":"if","locations":[{"start":{"line":1,"column":1077},"end":{"line":1,"column":1137}},{"start":{"line":1,"column":1077},"end":{"line":1,"column":1137}}],"line":1},"10":{"loc":{"start":{"line":9,"column":226},"end":{"line":9,"column":272}},"type":"cond-expr","locations":[{"start":{"line":9,"column":250},"end":{"line":9,"column":253}},{"start":{"line":9,"column":256},"end":{"line":9,"column":272}}],"line":9},"11":{"loc":{"start":{"line":9,"column":226},"end":{"line":9,"column":247}},"type":"binary-expr","locations":[{"start":{"line":9,"column":226},"end":{"line":9,"column":229}},{"start":{"line":9,"column":233},"end":{"line":9,"column":247}}],"line":9},"12":{"loc":{"start":{"line":9,"column":323},"end":{"line":9,"column":422}},"type":"if","locations":[{"start":{"line":9,"column":323},"end":{"line":9,"column":422}},{"start":{"line":9,"column":323},"end":{"line":9,"column":422}}],"line":9},"13":{"loc":{"start":{"line":9,"column":472},"end":{"line":9,"column":571}},"type":"if","locations":[{"start":{"line":9,"column":472},"end":{"line":9,"column":571}},{"start":{"line":9,"column":472},"end":{"line":9,"column":571}}],"line":9},"14":{"loc":{"start":{"line":9,"column":578},"end":{"line":9,"column":656}},"type":"cond-expr","locations":[{"start":{"line":9,"column":645},"end":{"line":9,"column":649}},{"start":{"line":9,"column":652},"end":{"line":9,"column":656}}],"line":9},"15":{"loc":{"start":{"line":9,"column":578},"end":{"line":9,"column":642}},"type":"binary-expr","locations":[{"start":{"line":9,"column":578},"end":{"line":9,"column":582}},{"start":{"line":9,"column":587},"end":{"line":9,"column":611}},{"start":{"line":9,"column":615},"end":{"line":9,"column":641}}],"line":9},"16":{"loc":{"start":{"line":9,"column":700},"end":{"line":9,"column":863}},"type":"if","locations":[{"start":{"line":9,"column":700},"end":{"line":9,"column":863}},{"start":{"line":9,"column":700},"end":{"line":9,"column":863}}],"line":9},"17":{"loc":{"start":{"line":9,"column":704},"end":{"line":9,"column":759}},"type":"binary-expr","locations":[{"start":{"line":9,"column":704},"end":{"line":9,"column":736}},{"start":{"line":9,"column":740},"end":{"line":9,"column":759}}],"line":9},"18":{"loc":{"start":{"line":9,"column":898},"end":{"line":9,"column":932}},"type":"binary-expr","locations":[{"start":{"line":9,"column":898},"end":{"line":9,"column":908}},{"start":{"line":9,"column":912},"end":{"line":9,"column":932}}],"line":9},"19":{"loc":{"start":{"line":9,"column":1027},"end":{"line":9,"column":1145}},"type":"if","locations":[{"start":{"line":9,"column":1027},"end":{"line":9,"column":1145}},{"start":{"line":9,"column":1027},"end":{"line":9,"column":1145}}],"line":9},"20":{"loc":{"start":{"line":9,"column":1043},"end":{"line":9,"column":1144}},"type":"cond-expr","locations":[{"start":{"line":9,"column":1067},"end":{"line":9,"column":1110}},{"start":{"line":9,"column":1113},"end":{"line":9,"column":1144}}],"line":9},"21":{"loc":{"start":{"line":12,"column":151},"end":{"line":12,"column":202}},"type":"binary-expr","locations":[{"start":{"line":12,"column":151},"end":{"line":12,"column":168}},{"start":{"line":12,"column":172},"end":{"line":12,"column":202}}],"line":12},"22":{"loc":{"start":{"line":50,"column":8},"end":{"line":52,"column":9}},"type":"if","locations":[{"start":{"line":50,"column":8},"end":{"line":52,"column":9}},{"start":{"line":50,"column":8},"end":{"line":52,"column":9}}],"line":50},"23":{"loc":{"start":{"line":70,"column":6},"end":{"line":73,"column":7}},"type":"if","locations":[{"start":{"line":70,"column":6},"end":{"line":73,"column":7}},{"start":{"line":70,"column":6},"end":{"line":73,"column":7}}],"line":70},"24":{"loc":{"start":{"line":74,"column":6},"end":{"line":76,"column":7}},"type":"if","locations":[{"start":{"line":74,"column":6},"end":{"line":76,"column":7}},{"start":{"line":74,"column":6},"end":{"line":76,"column":7}}],"line":74},"25":{"loc":{"start":{"line":173,"column":20},"end":{"line":175,"column":44}},"type":"cond-expr","locations":[{"start":{"line":174,"column":20},"end":{"line":174,"column":60}},{"start":{"line":175,"column":20},"end":{"line":175,"column":44}}],"line":173},"26":{"loc":{"start":{"line":177,"column":29},"end":{"line":180,"column":47}},"type":"binary-expr","locations":[{"start":{"line":177,"column":29},"end":{"line":177,"column":35}},{"start":{"line":177,"column":39},"end":{"line":180,"column":47}}],"line":177}},"s":{"0":1,"1":1,"2":0,"3":0,"4":0,"5":0,"6":0,"7":0,"8":1,"9":0,"10":0,"11":1,"12":1,"13":4,"14":4,"15":4,"16":4,"17":4,"18":4,"19":1,"20":1,"21":1,"22":1,"23":0,"24":1,"25":4,"26":0,"27":0,"28":0,"29":0,"30":0,"31":1,"32":0,"33":1,"34":1,"35":1,"36":1,"37":1,"38":0,"39":1,"40":0,"41":0,"42":0,"43":0,"44":0,"45":0,"46":0,"47":0,"48":0,"49":0,"50":0,"51":0,"52":0,"53":0,"54":0,"55":0,"56":0,"57":0,"58":0,"59":0,"60":0,"61":0,"62":0,"63":0,"64":0,"65":0,"66":1,"67":1},"f":{"0":0,"1":0,"2":0,"3":1,"4":1,"5":1,"6":4,"7":0,"8":0,"9":1,"10":1,"11":0,"12":0,"13":0,"14":0,"15":0,"16":0,"17":0,"18":0,"19":0},"b":{"0":[1,0],"1":[0,0],"2":[1,0],"3":[1,1],"4":[0,0],"5":[0,0,0,0],"6":[4,4],"7":[4,0],"8":[1,0],"9":[0,1],"10":[2,2],"11":[4,4],"12":[0,0],"13":[0,0],"14":[0,0],"15":[0,0,0],"16":[0,1],"17":[1,0],"18":[1,1],"19":[1,0],"20":[1,0],"21":[0,0],"22":[0,0],"23":[0,0],"24":[0,0],"25":[0,0],"26":[0,0]},"_coverageSchema":"332fd63041d2c1bcb487cc26dd0d5f7d97098a6c","hash":"89db7d7307d7b496b706747f8ccf1d637c0757bb"}
,"/Users/andeladeveloper/Desktop/headlines/src/js/components/partials/in/Favourite.jsx": {"path":"/Users/andeladeveloper/Desktop/headlines/src/js/components/partials/in/Favourite.jsx","statementMap":{"0":{"start":{"line":1,"column":39},"end":{"line":1,"column":101}},"1":{"start":{"line":3,"column":183},"end":{"line":3,"column":237}},"2":{"start":{"line":10,"column":2},"end":{"line":10,"column":41}},"3":{"start":{"line":19,"column":2},"end":{"line":31,"column":91}},"4":{"start":{"line":43,"column":0},"end":{"line":44,"column":68}}},"fnMap":{"0":{"name":"_interopRequireDefault","decl":{"start":{"line":3,"column":154},"end":{"line":3,"column":176}},"loc":{"start":{"line":3,"column":182},"end":{"line":3,"column":238}},"line":3},"1":{"name":"goToArticle","decl":{"start":{"line":9,"column":9},"end":{"line":9,"column":20}},"loc":{"start":{"line":9,"column":23},"end":{"line":11,"column":1}},"line":9},"2":{"name":"Favourite","decl":{"start":{"line":18,"column":9},"end":{"line":18,"column":18}},"loc":{"start":{"line":18,"column":52},"end":{"line":41,"column":1}},"line":18}},"branchMap":{"0":{"loc":{"start":{"line":3,"column":190},"end":{"line":3,"column":236}},"type":"cond-expr","locations":[{"start":{"line":3,"column":214},"end":{"line":3,"column":217}},{"start":{"line":3,"column":220},"end":{"line":3,"column":236}}],"line":3},"1":{"loc":{"start":{"line":3,"column":190},"end":{"line":3,"column":211}},"type":"binary-expr","locations":[{"start":{"line":3,"column":190},"end":{"line":3,"column":193}},{"start":{"line":3,"column":197},"end":{"line":3,"column":211}}],"line":3}},"s":{"0":1,"1":2,"2":0,"3":0,"4":1},"f":{"0":2,"1":0,"2":0},"b":{"0":[0,2],"1":[2,2]},"_coverageSchema":"332fd63041d2c1bcb487cc26dd0d5f7d97098a6c","hash":"959124dc2fa1b0840e7e2d7fa7d4c955322c96fc"}
,"/Users/andeladeveloper/Desktop/headlines/src/js/components/partials/in/Footer.jsx": {"path":"/Users/andeladeveloper/Desktop/headlines/src/js/components/partials/in/Footer.jsx","statementMap":{"0":{"start":{"line":1,"column":39},"end":{"line":1,"column":101}},"1":{"start":{"line":1,"column":267},"end":{"line":1,"column":321}},"2":{"start":{"line":3,"column":13},"end":{"line":46,"column":1}},"3":{"start":{"line":4,"column":2},"end":{"line":39,"column":234}}},"fnMap":{"0":{"name":"_interopRequireDefault","decl":{"start":{"line":1,"column":238},"end":{"line":1,"column":260}},"loc":{"start":{"line":1,"column":266},"end":{"line":1,"column":322}},"line":1},"1":{"name":"Footer","decl":{"start":{"line":3,"column":22},"end":{"line":3,"column":28}},"loc":{"start":{"line":3,"column":31},"end":{"line":46,"column":1}},"line":3}},"branchMap":{"0":{"loc":{"start":{"line":1,"column":274},"end":{"line":1,"column":320}},"type":"cond-expr","locations":[{"start":{"line":1,"column":298},"end":{"line":1,"column":301}},{"start":{"line":1,"column":304},"end":{"line":1,"column":320}}],"line":1},"1":{"loc":{"start":{"line":1,"column":274},"end":{"line":1,"column":295}},"type":"binary-expr","locations":[{"start":{"line":1,"column":274},"end":{"line":1,"column":277}},{"start":{"line":1,"column":281},"end":{"line":1,"column":295}}],"line":1}},"s":{"0":4,"1":4,"2":4,"3":1},"f":{"0":4,"1":1},"b":{"0":[0,4],"1":[4,4]},"_coverageSchema":"332fd63041d2c1bcb487cc26dd0d5f7d97098a6c","hash":"d05177d73b12002e8008dc2c67c38ae7f4410708"}
,"/Users/andeladeveloper/Desktop/headlines/src/js/components/partials/in/Nav.jsx": {"path":"/Users/andeladeveloper/Desktop/headlines/src/js/components/partials/in/Nav.jsx","statementMap":{"0":{"start":{"line":1,"column":39},"end":{"line":1,"column":101}},"1":{"start":{"line":1,"column":120},"end":{"line":1,"column":649}},"2":{"start":{"line":1,"column":175},"end":{"line":1,"column":440}},"3":{"start":{"line":1,"column":232},"end":{"line":1,"column":240}},"4":{"start":{"line":1,"column":241},"end":{"line":1,"column":296}},"5":{"start":{"line":1,"column":296},"end":{"line":1,"column":327}},"6":{"start":{"line":1,"column":327},"end":{"line":1,"column":381}},"7":{"start":{"line":1,"column":354},"end":{"line":1,"column":381}},"8":{"start":{"line":1,"column":381},"end":{"line":1,"column":439}},"9":{"start":{"line":1,"column":441},"end":{"line":1,"column":646}},"10":{"start":{"line":1,"column":497},"end":{"line":1,"column":565}},"11":{"start":{"line":1,"column":513},"end":{"line":1,"column":565}},"12":{"start":{"line":1,"column":565},"end":{"line":1,"column":625}},"13":{"start":{"line":1,"column":582},"end":{"line":1,"column":625}},"14":{"start":{"line":1,"column":625},"end":{"line":1,"column":644}},"15":{"start":{"line":5,"column":180},"end":{"line":5,"column":234}},"16":{"start":{"line":5,"column":284},"end":{"line":5,"column":383}},"17":{"start":{"line":5,"column":325},"end":{"line":5,"column":382}},"18":{"start":{"line":5,"column":433},"end":{"line":5,"column":532}},"19":{"start":{"line":5,"column":445},"end":{"line":5,"column":531}},"20":{"start":{"line":5,"column":532},"end":{"line":5,"column":618}},"21":{"start":{"line":5,"column":661},"end":{"line":5,"column":824}},"22":{"start":{"line":5,"column":723},"end":{"line":5,"column":823}},"23":{"start":{"line":5,"column":824},"end":{"line":5,"column":988}},"24":{"start":{"line":5,"column":988},"end":{"line":5,"column":1106}},"25":{"start":{"line":5,"column":1004},"end":{"line":5,"column":1106}},"26":{"start":{"line":13,"column":6},"end":{"line":117,"column":76}},"27":{"start":{"line":13,"column":35},"end":{"line":13,"column":68}},"28":{"start":{"line":15,"column":109},"end":{"line":15,"column":199}},"29":{"start":{"line":31,"column":7},"end":{"line":117,"column":10}},"30":{"start":{"line":50,"column":6},"end":{"line":51,"column":38}},"31":{"start":{"line":62,"column":18},"end":{"line":62,"column":35}},"32":{"start":{"line":63,"column":6},"end":{"line":68,"column":7}},"33":{"start":{"line":64,"column":8},"end":{"line":64,"column":34}},"34":{"start":{"line":65,"column":8},"end":{"line":66,"column":24}},"35":{"start":{"line":76,"column":6},"end":{"line":76,"column":45}},"36":{"start":{"line":77,"column":6},"end":{"line":77,"column":38}},"37":{"start":{"line":82,"column":6},"end":{"line":112,"column":317}},"38":{"start":{"line":117,"column":10},"end":{"line":117,"column":21}},"39":{"start":{"line":120,"column":0},"end":{"line":122,"column":63}}},"fnMap":{"0":{"name":"(anonymous_0)","decl":{"start":{"line":1,"column":120},"end":{"line":1,"column":121}},"loc":{"start":{"line":1,"column":132},"end":{"line":1,"column":647}},"line":1},"1":{"name":"defineProperties","decl":{"start":{"line":1,"column":142},"end":{"line":1,"column":158}},"loc":{"start":{"line":1,"column":174},"end":{"line":1,"column":441}},"line":1},"2":{"name":"(anonymous_2)","decl":{"start":{"line":1,"column":448},"end":{"line":1,"column":449}},"loc":{"start":{"line":1,"column":496},"end":{"line":1,"column":645}},"line":1},"3":{"name":"_interopRequireDefault","decl":{"start":{"line":5,"column":151},"end":{"line":5,"column":173}},"loc":{"start":{"line":5,"column":179},"end":{"line":5,"column":235}},"line":5},"4":{"name":"_classCallCheck","decl":{"start":{"line":5,"column":244},"end":{"line":5,"column":259}},"loc":{"start":{"line":5,"column":283},"end":{"line":5,"column":384}},"line":5},"5":{"name":"_possibleConstructorReturn","decl":{"start":{"line":5,"column":393},"end":{"line":5,"column":419}},"loc":{"start":{"line":5,"column":432},"end":{"line":5,"column":619}},"line":5},"6":{"name":"_inherits","decl":{"start":{"line":5,"column":628},"end":{"line":5,"column":637}},"loc":{"start":{"line":5,"column":660},"end":{"line":5,"column":1107}},"line":5},"7":{"name":"(anonymous_7)","decl":{"start":{"line":13,"column":6},"end":{"line":13,"column":7}},"loc":{"start":{"line":13,"column":34},"end":{"line":117,"column":22}},"line":13},"8":{"name":"Nav","decl":{"start":{"line":15,"column":37},"end":{"line":15,"column":40}},"loc":{"start":{"line":15,"column":43},"end":{"line":25,"column":3}},"line":15},"9":{"name":"searchSources","decl":{"start":{"line":31,"column":66},"end":{"line":31,"column":79}},"loc":{"start":{"line":32,"column":11},"end":{"line":34,"column":5}},"line":32},"10":{"name":"retrieveAllSources","decl":{"start":{"line":39,"column":58},"end":{"line":39,"column":76}},"loc":{"start":{"line":40,"column":4},"end":{"line":42,"column":5}},"line":40},"11":{"name":"onChange","decl":{"start":{"line":48,"column":48},"end":{"line":48,"column":56}},"loc":{"start":{"line":49,"column":11},"end":{"line":53,"column":5}},"line":49},"12":{"name":"onKeyDown","decl":{"start":{"line":60,"column":49},"end":{"line":60,"column":58}},"loc":{"start":{"line":61,"column":11},"end":{"line":69,"column":5}},"line":61},"13":{"name":"logout","decl":{"start":{"line":74,"column":46},"end":{"line":74,"column":52}},"loc":{"start":{"line":75,"column":4},"end":{"line":78,"column":5}},"line":75},"14":{"name":"render","decl":{"start":{"line":78,"column":42},"end":{"line":78,"column":48}},"loc":{"start":{"line":80,"column":4},"end":{"line":117,"column":5}},"line":80}},"branchMap":{"0":{"loc":{"start":{"line":1,"column":265},"end":{"line":1,"column":295}},"type":"binary-expr","locations":[{"start":{"line":1,"column":265},"end":{"line":1,"column":286}},{"start":{"line":1,"column":290},"end":{"line":1,"column":295}}],"line":1},"1":{"loc":{"start":{"line":1,"column":327},"end":{"line":1,"column":381}},"type":"if","locations":[{"start":{"line":1,"column":327},"end":{"line":1,"column":381}},{"start":{"line":1,"column":327},"end":{"line":1,"column":381}}],"line":1},"2":{"loc":{"start":{"line":1,"column":497},"end":{"line":1,"column":565}},"type":"if","locations":[{"start":{"line":1,"column":497},"end":{"line":1,"column":565}},{"start":{"line":1,"column":497},"end":{"line":1,"column":565}}],"line":1},"3":{"loc":{"start":{"line":1,"column":565},"end":{"line":1,"column":625}},"type":"if","locations":[{"start":{"line":1,"column":565},"end":{"line":1,"column":625}},{"start":{"line":1,"column":565},"end":{"line":1,"column":625}}],"line":1},"4":{"loc":{"start":{"line":5,"column":187},"end":{"line":5,"column":233}},"type":"cond-expr","locations":[{"start":{"line":5,"column":211},"end":{"line":5,"column":214}},{"start":{"line":5,"column":217},"end":{"line":5,"column":233}}],"line":5},"5":{"loc":{"start":{"line":5,"column":187},"end":{"line":5,"column":208}},"type":"binary-expr","locations":[{"start":{"line":5,"column":187},"end":{"line":5,"column":190}},{"start":{"line":5,"column":194},"end":{"line":5,"column":208}}],"line":5},"6":{"loc":{"start":{"line":5,"column":284},"end":{"line":5,"column":383}},"type":"if","locations":[{"start":{"line":5,"column":284},"end":{"line":5,"column":383}},{"start":{"line":5,"column":284},"end":{"line":5,"column":383}}],"line":5},"7":{"loc":{"start":{"line":5,"column":433},"end":{"line":5,"column":532}},"type":"if","locations":[{"start":{"line":5,"column":433},"end":{"line":5,"column":532}},{"start":{"line":5,"column":433},"end":{"line":5,"column":532}}],"line":5},"8":{"loc":{"start":{"line":5,"column":539},"end":{"line":5,"column":617}},"type":"cond-expr","locations":[{"start":{"line":5,"column":606},"end":{"line":5,"column":610}},{"start":{"line":5,"column":613},"end":{"line":5,"column":617}}],"line":5},"9":{"loc":{"start":{"line":5,"column":539},"end":{"line":5,"column":603}},"type":"binary-expr","locations":[{"start":{"line":5,"column":539},"end":{"line":5,"column":543}},{"start":{"line":5,"column":548},"end":{"line":5,"column":572}},{"start":{"line":5,"column":576},"end":{"line":5,"column":602}}],"line":5},"10":{"loc":{"start":{"line":5,"column":661},"end":{"line":5,"column":824}},"type":"if","locations":[{"start":{"line":5,"column":661},"end":{"line":5,"column":824}},{"start":{"line":5,"column":661},"end":{"line":5,"column":824}}],"line":5},"11":{"loc":{"start":{"line":5,"column":665},"end":{"line":5,"column":720}},"type":"binary-expr","locations":[{"start":{"line":5,"column":665},"end":{"line":5,"column":697}},{"start":{"line":5,"column":701},"end":{"line":5,"column":720}}],"line":5},"12":{"loc":{"start":{"line":5,"column":859},"end":{"line":5,"column":893}},"type":"binary-expr","locations":[{"start":{"line":5,"column":859},"end":{"line":5,"column":869}},{"start":{"line":5,"column":873},"end":{"line":5,"column":893}}],"line":5},"13":{"loc":{"start":{"line":5,"column":988},"end":{"line":5,"column":1106}},"type":"if","locations":[{"start":{"line":5,"column":988},"end":{"line":5,"column":1106}},{"start":{"line":5,"column":988},"end":{"line":5,"column":1106}}],"line":5},"14":{"loc":{"start":{"line":5,"column":1004},"end":{"line":5,"column":1105}},"type":"cond-expr","locations":[{"start":{"line":5,"column":1028},"end":{"line":5,"column":1071}},{"start":{"line":5,"column":1074},"end":{"line":5,"column":1105}}],"line":5},"15":{"loc":{"start":{"line":15,"column":143},"end":{"line":15,"column":186}},"type":"binary-expr","locations":[{"start":{"line":15,"column":143},"end":{"line":15,"column":156}},{"start":{"line":15,"column":160},"end":{"line":15,"column":186}}],"line":15},"16":{"loc":{"start":{"line":63,"column":6},"end":{"line":68,"column":7}},"type":"if","locations":[{"start":{"line":63,"column":6},"end":{"line":68,"column":7}},{"start":{"line":63,"column":6},"end":{"line":68,"column":7}}],"line":63}}
[...]
,"/Users/andeladeveloper/Desktop/headlines/src/js/stores/HeadlineSourceStore.js": {"path":"/Users/andeladeveloper/Desktop/headlines/src/js/stores/HeadlineSourceStore.js","statementMap":{"0":{"start":{"line":1,"column":39},"end":{"line":1,"column":101}},"1":{"start":{"line":1,"column":120},"end":{"line":1,"column":649}},"2":{"start":{"line":1,"column":175},"end":{"line":1,"column":440}},"3":{"start":{"line":1,"column":232},"end":{"line":1,"column":240}},"4":{"start":{"line":1,"column":241},"end":{"line":1,"column":296}},"5":{"start":{"line":1,"column":296},"end":{"line":1,"column":327}},"6":{"start":{"line":1,"column":327},"end":{"line":1,"column":381}},"7":{"start":{"line":1,"column":354},"end":{"line":1,"column":381}},"8":{"start":{"line":1,"column":381},"end":{"line":1,"column":439}},"9":{"start":{"line":1,"column":441},"end":{"line":1,"column":646}},"10":{"start":{"line":1,"column":497},"end":{"line":1,"column":565}},"11":{"start":{"line":1,"column":513},"end":{"line":1,"column":565}},"12":{"start":{"line":1,"column":565},"end":{"line":1,"column":625}},"13":{"start":{"line":1,"column":582},"end":{"line":1,"column":625}},"14":{"start":{"line":1,"column":625},"end":{"line":1,"column":644}},"15":{"start":{"line":3,"column":232},"end":{"line":3,"column":286}},"16":{"start":{"line":3,"column":336},"end":{"line":3,"column":435}},"17":{"start":{"line":3,"column":377},"end":{"line":3,"column":434}},"18":{"start":{"line":3,"column":485},"end":{"line":3,"column":584}},"19":{"start":{"line":3,"column":497},"end":{"line":3,"column":583}},"20":{"start":{"line":3,"column":584},"end":{"line":3,"column":670}},"21":{"start":{"line":3,"column":713},"end":{"line":3,"column":876}},"22":{"start":{"line":3,"column":775},"end":{"line":3,"column":875}},"23":{"start":{"line":3,"column":876},"end":{"line":3,"column":1040}},"24":{"start":{"line":3,"column":1040},"end":{"line":3,"column":1158}},"25":{"start":{"line":3,"column":1056},"end":{"line":3,"column":1158}},"26":{"start":{"line":10,"column":22},"end":{"line":68,"column":60}},"27":{"start":{"line":10,"column":48},"end":{"line":10,"column":94}},"28":{"start":{"line":15,"column":141},"end":{"line":15,"column":263}},"29":{"start":{"line":25,"column":7},"end":{"line":68,"column":10}},"30":{"start":{"line":27,"column":6},"end":{"line":27,"column":26}},"31":{"start":{"line":37,"column":24},"end":{"line":37,"column":44}},"32":{"start":{"line":38,"column":6},"end":{"line":40,"column":7}},"33":{"start":{"line":39,"column":8},"end":{"line":39,"column":27}},"34":{"start":{"line":41,"column":6},"end":{"line":46,"column":9}},"35":{"start":{"line":42,"column":8},"end":{"line":45,"column":51}},"36":{"start":{"line":47,"column":6},"end":{"line":47,"column":26}},"37":{"start":{"line":57,"column":6},"end":{"line":66,"column":17}},"38":{"start":{"line":59,"column":10},"end":{"line":59,"column":40}},"39":{"start":{"line":60,"column":10},"end":{"line":60,"column":30}},"40":{"start":{"line":61,"column":10},"end":{"line":61,"column":16}},"41":{"start":{"line":63,"column":10},"end":{"line":63,"column":49}},"42":{"start":{"line":64,"column":10},"end":{"line":64,"column":30}},"43":{"start":{"line":65,"column":10},"end":{"line":65,"column":16}},"44":{"start":{"line":68,"column":10},"end":{"line":68,"column":37}},"45":{"start":{"line":71,"column":26},"end":{"line":71,"column":51}}},"fnMap":{"0":{"name":"(anonymous_0)","decl":{"start":{"line":1,"column":120},"end":{"line":1,"column":121}},"loc":{"start":{"line":1,"column":132},"end":{"line":1,"column":647}},"line":1},"1":{"name":"defineProperties","decl":{"start":{"line":1,"column":142},"end":{"line":1,"column":158}},"loc":{"start":{"line":1,"column":174},"end":{"line":1,"column":441}},"line":1},"2":{"name":"(anonymous_2)","decl":{"start":{"line":1,"column":448},"end":{"line":1,"column":449}},"loc":{"start":{"line":1,"column":496},"end":{"line":1,"column":645}},"line":1},"3":{"name":"_interopRequireDefault","decl":{"start":{"line":3,"column":203},"end":{"line":3,"column":225}},"loc":{"start":{"line":3,"column":231},"end":{"line":3,"column":287}},"line":3},"4":{"name":"_classCallCheck","decl":{"start":{"line":3,"column":296},"end":{"line":3,"column":311}},"loc":{"start":{"line":3,"column":335},"end":{"line":3,"column":436}},"line":3},"5":{"name":"_possibleConstructorReturn","decl":{"start":{"line":3,"column":445},"end":{"line":3,"column":471}},"loc":{"start":{"line":3,"column":484},"end":{"line":3,"column":671}},"line":3},"6":{"name":"_inherits","decl":{"start":{"line":3,"column":680},"end":{"line":3,"column":689}},"loc":{"start":{"line":3,"column":712},"end":{"line":3,"column":1159}},"line":3},"7":{"name":"(anonymous_7)","decl":{"start":{"line":10,"column":22},"end":{"line":10,"column":23}},"loc":{"start":{"line":10,"column":47},"end":{"line":68,"column":38}},"line":10},"8":{"name":"HeadlineSourceStore","decl":{"start":{"line":15,"column":37},"end":{"line":15,"column":56}},"loc":{"start":{"line":15,"column":59},"end":{"line":19,"column":3}},"line":15},"9":{"name":"getAllSources","decl":{"start":{"line":25,"column":82},"end":{"line":25,"column":95}},"loc":{"start":{"line":26,"column":4},"end":{"line":28,"column":5}},"line":26},"10":{"name":"getFilteredSource","decl":{"start":{"line":35,"column":57},"end":{"line":35,"column":74}},"loc":{"start":{"line":36,"column":11},"end":{"line":48,"column":5}},"line":36},"11":{"name":"(anonymous_11)","decl":{"start":{"line":41,"column":40},"end":{"line":41,"column":41}},"loc":{"start":{"line":41,"column":58},"end":{"line":46,"column":7}},"line":41},"12":{"name":"handleActions","decl":{"start":{"line":55,"column":53},"end":{"line":55,"column":66}},"loc":{"start":{"line":56,"column":12},"end":{"line":68,"column":5}},"line":56}},"branchMap":{"0":{"loc":{"start":{"line":1,"column":265},"end":{"line":1,"column":295}},"type":"binary-expr","locations":[{"start":{"line":1,"column":265},"end":{"line":1,"column":286}},{"start":{"line":1,"column":290},"end":{"line":1,"column":295}}],"line":1},"1":{"loc":{"start":{"line":1,"column":327},"end":{"line":1,"column":381}},"type":"if","locations":[{"start":{"line":1,"column":327},"end":{"line":1,"column":381}},{"start":{"line":1,"column":327},"end":{"line":1,"column":381}}],"line":1},"2":{"loc":{"start":{"line":1,"column":497},"end":{"line":1,"column":565}},"type":"if","locations":[{"start":{"line":1,"column":497},"end":{"line":1,"column":565}},{"start":{"line":1,"column":497},"end":{"line":1,"column":565}}],"line":1},"3":{"loc":{"start":{"line":1,"column":565},"end":{"line":1,"column":625}},"type":"if","locations":[{"start":{"line":1,"column":565},"end":{"line":1,"column":625}},{"start":{"line":1,"column":565},"end":{"line":1,"column":625}}],"line":1},"4":{"loc":{"start":{"line":3,"column":239},"end":{"line":3,"column":285}},"type":"cond-expr","locations":[{"start":{"line":3,"column":263},"end":{"line":3,"column":266}},{"start":{"line":3,"column":269},"end":{"line":3,"column":285}}],"line":3},"5":{"loc":{"start":{"line":3,"column":239},"end":{"line":3,"column":260}},"type":"binary-expr","locations":[{"start":{"line":3,"column":239},"end":{"line":3,"column":242}},{"start":{"line":3,"column":246},"end":{"line":3,"column":260}}],"line":3},"6":{"loc":{"start":{"line":3,"column":336},"end":{"line":3,"column":435}},"type":"if","locations":[{"start":{"line":3,"column":336},"end":{"line":3,"column":435}},{"start":{"line":3,"column":336},"end":{"line":3,"column":435}}],"line":3},"7":{"loc":{"start":{"line":3,"column":485},"end":{"line":3,"column":584}},"type":"if","locations":[{"start":{"line":3,"column":485},"end":{"line":3,"column":584}},{"start":{"line":3,"column":485},"end":{"line":3,"column":584}}],"line":3},"8":{"loc":{"start":{"line":3,"column":591},"end":{"line":3,"column":669}},"type":"cond-expr","locations":[{"start":{"line":3,"column":658},"end":{"line":3,"column":662}},{"start":{"line":3,"column":665},"end":{"line":3,"column":669}}],"line":3},"9":{"loc":{"start":{"line":3,"column":591},"end":{"line":3,"column":655}},"type":"binary-expr","locations":[{"start":{"line":3,"column":591},"end":{"line":3,"column":595}},{"start":{"line":3,"column":600},"end":{"line":3,"column":624}},{"start":{"line":3,"column":628},"end":{"line":3,"column":654}}],"line":3},"10":{"loc":{"start":{"line":3,"column":713},"end":{"line":3,"column":876}},"type":"if","locations":[{"start":{"line":3,"column":713},"end":{"line":3,"column":876}},{"start":{"line":3,"column":713},"end":{"line":3,"column":876}}],"line":3},"11":{"loc":{"start":{"line":3,"column":717},"end":{"line":3,"column":772}},"type":"binary-expr","locations":[{"start":{"line":3,"column":717},"end":{"line":3,"column":749}},{"start":{"line":3,"column":753},"end":{"line":3,"column":772}}],"line":3},"12":{"loc":{"start":{"line":3,"column":911},"end":{"line":3,"column":945}},"type":"binary-expr","locations":[{"start":{"line":3,"column":911},"end":{"line":3,"column":921}},{"start":{"line":3,"column":925},"end":{"line":3,"column":945}}],"line":3},"13":{"loc":{"start":{"line":3,"column":1040},"end":{"line":3,"column":1158}},"type":"if","locations":[{"start":{"line":3,"column":1040},"end":{"line":3,"column":1158}},{"start":{"line":3,"column":1040},"end":{"line":3,"column":1158}}],"line":3},"14":{"loc":{"start":{"line":3,"column":1056},"end":{"line":3,"column":1157}},"type":"cond-expr","locations":[{"start":{"line":3,"column":1080},"end":{"line":3,"column":1123}},{"start":{"line":3,"column":1126},"end":{"line":3,"column":1157}}],"line":3},"15":{"loc":{"start":{"line":15,"column":175},"end":{"line":15,"column":250}},"type":"binary-expr","locations":[{"start":{"line":15,"column":175},"end":{"line":15,"column":204}},{"start":{"line":15,"column":208},"end":{"line":15,"column":250}}],"line":15},"16":{"loc":{"start":{"line":38,"column":6},"end":{"line":40,"column":7}},"type":"if","locations":[{"start":{"line":38,"column":6},"end":{"line":40,"column":7}},{"start":{"line":38,"column":6},"end":{"line":40,"column":7}}],"line":38},"17":{"loc":{"start":{"line":57,"column":6},"end":{"line":66,"column":17}},"type":"switch","locations":[{"start":{"line":58,"column":8},"end":{"line":61,"column":16}},{"start":{"line":62,"column":8},"end":{"line":65,"column":16}},{"start":{"line":66,"column":8},"end":{"line":66,"column":16}}],"line":57}},"s":{"0":2,"1":2,"2":2,"3":6,"4":6,"5":6,"6":6,"7":6,"8":6,"9":2,"10":2,"11":2,"12":2,"13":0,"14":2,"15":4,"16":2,"17":0,"18":2,"19":0,"20":2,"21":2,"22":0,"23":2,"24":2,"25":2,"26":2,"27":2,"28":2,"29":2,"30":5,"31":3,"32":3,"33":2,"34":1,"35":4,"36":1,"37":4,"38":4,"39":4,"40":4,"41":0,"42":0,"43":0,"44":2,"45":2},"f":{"0":2,"1":2,"2":2,"3":4,"4":2,"5":2,"6":2,"7":2,"8":2,"9":5,"10":3,"11":4,"12":4},"b":{"0":[6,6],"1":[6,0],"2":[2,0],"3":[0,2],"4":[4,0],"5":[4,4],"6":[0,2],"7":[0,2],"8":[0,2],"9":[2,0,0],"10":[0,2],"11":[2,0],"12":[2,2],"13":[2,0],"14":[2,0],"15":[2,0],"16":[2,1],"17":[4,0,0]},"_coverageSchema":"332fd63041d2c1bcb487cc26dd0d5f7d97098a6c","hash":"aac06eb6e28a5f530d8a6d94725c7d3229cbca23"}
,"/Users/andeladeveloper/Desktop/headlines/src/js/utils/ArticleScraperAPI.js": {"path":"/Users/andeladeveloper/Desktop/headlines/src/js/utils/ArticleScraperAPI.js","statementMap":{"0":{"start":{"line":1,"column":39},"end":{"line":1,"column":101}},"1":{"start":{"line":1,"column":120},"end":{"line":1,"column":649}},"2":{"start":{"line":1,"column":175},"end":{"line":1,"column":440}},"3":{"start":{"line":1,"column":232},"end":{"line":1,"column":240}},"4":{"start":{"line":1,"column":241},"end":{"line":1,"column":296}},"5":{"start":{"line":1,"column":296},"end":{"line":1,"column":327}},"6":{"start":{"line":1,"column":327},"end":{"line":1,"column":381}},"7":{"start":{"line":1,"column":354},"end":{"line":1,"column":381}},"8":{"start":{"line":1,"column":381},"end":{"line":1,"column":439}},"9":{"start":{"line":1,"column":441},"end":{"line":1,"column":646}},"10":{"start":{"line":1,"column":497},"end":{"line":1,"column":565}},"11":{"start":{"line":1,"column":513},"end":{"line":1,"column":565}},"12":{"start":{"line":1,"column":565},"end":{"line":1,"column":625}},"13":{"start":{"line":1,"column":582},"end":{"line":1,"column":625}},"14":{"start":{"line":1,"column":625},"end":{"line":1,"column":644}},"15":{"start":{"line":1,"column":849},"end":{"line":1,"column":903}},"16":{"start":{"line":1,"column":953},"end":{"line":1,"column":1052}},"17":{"start":{"line":1,"column":994},"end":{"line":1,"column":1051}},"18":{"start":{"line":3,"column":40},"end":{"line":3,"column":97}}},"fnMap":{"0":{"name":"(anonymous_0)","decl":{"start":{"line":1,"column":120},"end":{"line":1,"column":121}},"loc":{"start":{"line":1,"column":132},"end":{"line":1,"column":647}},"line":1},"1":{"name":"defineProperties","decl":{"start":{"line":1,"column":142},"end":{"line":1,"column":158}},"loc":{"start":{"line":1,"column":174},"end":{"line":1,"column":441}},"line":1},"2":{"name":"(anonymous_2)","decl":{"start":{"line":1,"column":448},"end":{"line":1,"column":449}},"loc":{"start":{"line":1,"column":496},"end":{"line":1,"column":645}},"line":1},"3":{"name":"_interopRequireDefault","decl":{"start":{"line":1,"column":820},"end":{"line":1,"column":842}},"loc":{"start":{"line":1,"column":848},"end":{"line":1,"column":904}},"line":1},"4":{"name":"_classCallCheck","decl":{"start":{"line":1,"column":913},"end":{"line":1,"column":928}},"loc":{"start":{"line":1,"column":952},"end":{"line":1,"column":1053}},"line":1}},"branchMap":{"0":{"loc":{"start":{"line":1,"column":265},"end":{"line":1,"column":295}},"type":"binary-expr","locations":[{"start":{"line":1,"column":265},"end":{"line":1,"column":286}},{"start":{"line":1,"column":290},"end":{"line":1,"column":295}}],"line":1},"1":{"loc":{"start":{"line":1,"column":327},"end":{"line":1,"column":381}},"type":"if","locations":[{"start":{"line":1,"column":327},"end":{"line":1,"column":381}},{"start":{"line":1,"column":327},"end":{"line":1,"column":381}}],"line":1},"2":{"loc":{"start":{"line":1,"column":497},"end":{"line":1,"column":565}},"type":"if","locations":[{"start":{"line":1,"column":497},"end":{"line":1,"column":565}},{"start":{"line":1,"column":497},"end":{"line":1,"column":565}}],"line":1},"3":{"loc":{"start":{"line":1,"column":565},"end":{"line":1,"column":625}},"type":"if","locations":[{"start":{"line":1,"column":565},"end":{"line":1,"column":625}},{"start":{"line":1,"column":565},"end":{"line":1,"column":625}}],"line":1},"4":{"loc":{"start":{"line":1,"column":856},"end":{"line":1,"column":902}},"type":"cond-expr","locations":[{"start":{"line":1,"column":880},"end":{"line":1,"column":883}},{"start":{"line":1,"column":886},"end":{"line":1,"column":902}}],"line":1},"5":{"loc":{"start":{"line":1,"column":856},"end":{"line":1,"column":877}},"type":"binary-expr","locations":[{"start":{"line":1,"column":856},"end":{"line":1,"column":859}},{"start":{"line":1,"column":863},"end":{"line":1,"column":877}}],"line":1},"6":{"loc":{"start":{"line":1,"column":953},"end":{"line":1,"column":1052}},"type":"if","locations":[{"start":{"line":1,"column":953},"end":{"line":1,"column":1052}},{"start":{"line":1,"column":953},"end":{"line":1,"column":1052}}],"line":1}},"s":{"0":5,"1":5,"2":5,"3":5,"4":5,"5":5,"6":5,"7":5,"8":5,"9":5,"10":5,"11":0,"12":5,"13":5,"14":5,"15":5,"16":0,"17":0,"18":5},"f":{"0":5,"1":5,"2":5,"3":5,"4":0},"b":{"0":[5,5],"1":[5,0],"2":[0,5],"3":[5,0],"4":[0,5],"5":[5,5],"6":[0,0]},"_coverageSchema":"332fd63041d2c1bcb487cc26dd0d5f7d97098a6c","hash":"f76783c467f4c92a1981edad9f31f8c042c4b620"}
,"/Users/andeladeveloper/Desktop/headlines/src/js/utils/HeadlineAPI.js": {"path":"/Users/andeladeveloper/Desktop/headlines/src/js/utils/HeadlineAPI.js","statementMap":{"0":{"start":{"line":1,"column":39},"end":{"line":1,"column":101}},"1":{"start":{"line":1,"column":120},"end":{"line":1,"column":649}},"2":{"start":{"line":1,"column":175},"end":{"line":1,"column":440}},"3":{"start":{"line":1,"column":232},"end":{"line":1,"column":240}},"4":{"start":{"line":1,"column":241},"end":{"line":1,"column":296}},"5":{"start":{"line":1,"column":296},"end":{"line":1,"column":327}},"6":{"start":{"line":1,"column":327},"end":{"line":1,"column":381}},"7":{"start":{"line":1,"column":354},"end":{"line":1,"column":381}},"8":{"start":{"line":1,"column":381},"end":{"line":1,"column":439}},"9":{"start":{"line":1,"column":441},"end":{"line":1,"column":646}},"10":{"start":{"line":1,"column":497},"end":{"line":1,"column":565}},"11":{"start":{"line":1,"column":513},"end":{"line":1,"column":565}},"12":{"start":{"line":1,"column":565},"end":{"line":1,"column":625}},"13":{"start":{"line":1,"column":582},"end":{"line":1,"column":625}},"14":{"start":{"line":1,"column":625},"end":{"line":1,"column":644}},"15":{"start":{"line":1,"column":816},"end":{"line":1,"column":870}},"16":{"start":{"line":1,"column":920},"end":{"line":1,"column":1019}},"17":{"start":{"line":1,"column":961},"end":{"line":1,"column":1018}},"18":{"start":{"line":3,"column":15},"end":{"line":3,"column":40}},"19":{"start":{"line":4,"column":14},"end":{"line":4,"column":33}}},"fnMap":{"0":{"name":"(anonymous_0)","decl":{"start":{"line":1,"column":120},"end":{"line":1,"column":121}},"loc":{"start":{"line":1,"column":132},"end":{"line":1,"column":647}},"line":1},"1":{"name":"defineProperties","decl":{"start":{"line":1,"column":142},"end":{"line":1,"column":158}},"loc":{"start":{"line":1,"column":174},"end":{"line":1,"column":441}},"line":1},"2":{"name":"(anonymous_2)","decl":{"start":{"line":1,"column":448},"end":{"line":1,"column":449}},"loc":{"start":{"line":1,"column":496},"end":{"line":1,"column":645}},"line":1},"3":{"name":"_interopRequireDefault","decl":{"start":{"line":1,"column":787},"end":{"line":1,"column":809}},"loc":{"start":{"line":1,"column":815},"end":{"line":1,"column":871}},"line":1},"4":{"name":"_classCallCheck","decl":{"start":{"line":1,"column":880},"end":{"line":1,"column":895}},"loc":{"start":{"line":1,"column":919},"end":{"line":1,"column":1020}},"line":1}},"branchMap":{"0":{"loc":{"start":{"line":1,"column":265},"end":{"line":1,"column":295}},"type":"binary-expr","locations":[{"start":{"line":1,"column":265},"end":{"line":1,"column":286}},{"start":{"line":1,"column":290},"end":{"line":1,"column":295}}],"line":1},"1":{"loc":{"start":{"line":1,"column":327},"end":{"line":1,"column":381}},"type":"if","locations":[{"start":{"line":1,"column":327},"end":{"line":1,"column":381}},{"start":{"line":1,"column":327},"end":{"line":1,"column":381}}],"line":1},"2":{"loc":{"start":{"line":1,"column":497},"end":{"line":1,"column":565}},"type":"if","locations":[{"start":{"line":1,"column":497},"end":{"line":1,"column":565}},{"start":{"line":1,"column":497},"end":{"line":1,"column":565}}],"line":1},"3":{"loc":{"start":{"line":1,"column":565},"end":{"line":1,"column":625}},"type":"if","locations":[{"start":{"line":1,"column":565},"end":{"line":1,"column":625}},{"start":{"line":1,"column":565},"end":{"line":1,"column":625}}],"line":1},"4":{"loc":{"start":{"line":1,"column":823},"end":{"line":1,"column":869}},"type":"cond-expr","locations":[{"start":{"line":1,"column":847},"end":{"line":1,"column":850}},{"start":{"line":1,"column":853},"end":{"line":1,"column":869}}],"line":1},"5":{"loc":{"start":{"line":1,"column":823},"end":{"line":1,"column":844}},"type":"binary-expr","locations":[{"start":{"line":1,"column":823},"end":{"line":1,"column":826}},{"start":{"line":1,"column":830},"end":{"line":1,"column":844}}],"line":1},"6":{"loc":{"start":{"line":1,"column":920},"end":{"line":1,"column":1019}},"type":"if","locations":[{"start":{"line":1,"column":920},"end":{"line":1,"column":1019}},{"start":{"line":1,"column":920},"end":{"line":1,"column":1019}}],"line":1}},"s":{"0":4,"1":4,"2":4,"3":8,"4":8,"5":8,"6":8,"7":8,"8":8,"9":4,"10":4,"11":0,"12":4,"13":4,"14":4,"15":4,"16":0,"17":0,"18":4,"19":4},"f":{"0":4,"1":4,"2":4,"3":4,"4":0},"b":{"0":[8,8],"1":[8,0],"2":[0,4],"3":[4,0],"4":[0,4],"5":[4,4],"6":[0,0]},"_coverageSchema":"332fd63041d2c1bcb487cc26dd0d5f7d97098a6c","hash":"3c7dff1ca1e6d30bc7a748348d7f419e88b80fb4"}
}
