TN:
SF:/Users/andeladeveloper/Desktop/headlines/src/js/actions/HeadlineAction.js
FN:1,(anonymous_0)
FN:1,defineProperties
FN:1,(anonymous_2)
FN:4,_interopRequireDefault
FN:4,_classCallCheck
FN:10,(anonymous_5)
FN:10,HeadlineActions
FN:18,getSources
FN:20,(anonymous_8)
FN:34,searchSources
FN:50,getArticles
FN:52,(anonymous_11)
FN:67,showFullArticle
FN:69,(anonymous_13)
FNF:14
FNH:11
FNDA:5,(anonymous_0)
FNDA:5,defineProperties
FNDA:5,(anonymous_2)
FNDA:20,_interopRequireDefault
FNDA:0,_classCallCheck
FNDA:5,(anonymous_5)
FNDA:0,HeadlineActions
FNDA:1,getSources
FNDA:1,(anonymous_8)
FNDA:0,searchSources
FNDA:3,getArticles
FNDA:3,(anonymous_11)
FNDA:1,showFullArticle
FNDA:1,(anonymous_13)
DA:1,20
DA:4,20
DA:10,5
DA:20,1
DA:52,3
DA:69,1
DA:75,5
LF:7
LH:7
BRDA:1,0,0,20
BRDA:1,0,1,20
BRDA:1,1,0,20
BRDA:1,1,1,0
BRDA:1,2,0,0
BRDA:1,2,1,5
BRDA:1,3,0,5
BRDA:1,3,1,0
BRDA:4,4,0,19
BRDA:4,4,1,1
BRDA:4,5,0,20
BRDA:4,5,1,20
BRDA:4,6,0,0
BRDA:4,6,1,0
BRF:14
BRH:9
end_of_record
TN:
SF:/Users/andeladeveloper/Desktop/headlines/src/js/components/App.jsx
FN:1,(anonymous_0)
FN:1,defineProperties
FN:1,(anonymous_2)
FN:9,_interopRequireDefault
FN:9,_classCallCheck
FN:9,_possibleConstructorReturn
FN:9,_inherits
FN:17,(anonymous_7)
FN:18,App
FN:27,componentDidMount
FN:32,componentWillUnmount
FN:42,getSources
FN:56,changePage
FN:61,render
FN:97,onSelect
FNF:15
FNH:11
FNDA:1,(anonymous_0)
FNDA:1,defineProperties
FNDA:1,(anonymous_2)
FNDA:8,_interopRequireDefault
FNDA:1,_classCallCheck
FNDA:1,_possibleConstructorReturn
FNDA:1,_inherits
FNDA:1,(anonymous_7)
FNDA:1,App
FNDA:0,componentDidMount
FNDA:0,componentWillUnmount
FNDA:0,getSources
FNDA:1,changePage
FNDA:2,render
FNDA:0,onSelect
DA:1,5
DA:9,8
DA:17,1
DA:18,1
DA:27,1
DA:44,0
DA:47,0
DA:48,0
DA:58,1
DA:64,2
DA:65,2
DA:66,2
DA:67,2
DA:68,2
DA:69,2
DA:71,2
DA:72,2
DA:106,1
LF:18
LH:15
BRDA:1,0,0,5
BRDA:1,0,1,5
BRDA:1,1,0,5
BRDA:1,1,1,0
BRDA:1,2,0,1
BRDA:1,2,1,0
BRDA:1,3,0,0
BRDA:1,3,1,1
BRDA:9,4,0,7
BRDA:9,4,1,1
BRDA:9,5,0,8
BRDA:9,5,1,8
BRDA:9,6,0,0
BRDA:9,6,1,1
BRDA:9,7,0,0
BRDA:9,7,1,1
BRDA:9,8,0,0
BRDA:9,8,1,1
BRDA:9,9,0,1
BRDA:9,9,1,0
BRDA:9,9,2,0
BRDA:9,10,0,0
BRDA:9,10,1,1
BRDA:9,11,0,1
BRDA:9,11,1,0
BRDA:9,12,0,1
BRDA:9,12,1,1
BRDA:9,13,0,1
BRDA:9,13,1,0
BRDA:9,14,0,1
BRDA:9,14,1,0
BRDA:18,15,0,1
BRDA:18,15,1,0
BRDA:47,16,0,0
BRDA:47,16,1,0
BRDA:82,17,0,2
BRDA:92,19,0,2
BRF:37
BRH:22
end_of_record
TN:
SF:/Users/andeladeveloper/Desktop/headlines/src/js/components/articles/ArticleDetailsPage.jsx
FN:1,(anonymous_0)
FN:1,defineProperties
FN:1,(anonymous_2)
FN:6,_interopRequireDefault
FN:6,_classCallCheck
FN:6,_possibleConstructorReturn
FN:6,_inherits
FN:13,(anonymous_7)
FN:14,ArticleDetailsPage
FN:22,componentDidMount
FN:32,getFullArticle
FN:37,render
FNF:12
FNH:11
FNDA:1,(anonymous_0)
FNDA:1,defineProperties
FNDA:1,(anonymous_2)
FNDA:6,_interopRequireDefault
FNDA:1,_classCallCheck
FNDA:1,_possibleConstructorReturn
FNDA:1,_inherits
FNDA:1,(anonymous_7)
FNDA:1,ArticleDetailsPage
FNDA:1,componentDidMount
FNDA:0,getFullArticle
FNDA:1,render
DA:1,3
DA:6,6
DA:13,1
DA:14,1
DA:22,1
DA:34,0
DA:40,1
DA:42,1
DA:69,1
LF:9
LH:8
BRDA:1,0,0,3
BRDA:1,0,1,3
BRDA:1,1,0,3
BRDA:1,1,1,0
BRDA:1,2,0,1
BRDA:1,2,1,0
BRDA:1,3,0,0
BRDA:1,3,1,1
BRDA:6,4,0,4
BRDA:6,4,1,2
BRDA:6,5,0,6
BRDA:6,5,1,6
BRDA:6,6,0,0
BRDA:6,6,1,1
BRDA:6,7,0,0
BRDA:6,7,1,1
BRDA:6,8,0,0
BRDA:6,8,1,1
BRDA:6,9,0,1
BRDA:6,9,1,0
BRDA:6,9,2,0
BRDA:6,10,0,0
BRDA:6,10,1,1
BRDA:6,11,0,1
BRDA:6,11,1,0
BRDA:6,12,0,1
BRDA:6,12,1,1
BRDA:6,13,0,1
BRDA:6,13,1,0
BRDA:6,14,0,1
BRDA:6,14,1,0
BRDA:14,15,0,1
BRDA:14,15,1,0
BRF:33
BRH:20
end_of_record
TN:
SF:/Users/andeladeveloper/Desktop/headlines/src/js/components/articles/ArticlesPage.jsx
FN:1,(anonymous_0)
FN:1,defineProperties
FN:1,(anonymous_2)
FN:9,_interopRequireDefault
FN:9,_classCallCheck
FN:9,_possibleConstructorReturn
FN:9,_inherits
FN:18,(anonymous_7)
FN:19,ArticlePage
FN:28,componentWillMount
FN:37,(anonymous_10)
FN:41,componentWillUnmount
FN:51,getArticles
FN:56,render
FN:84,(anonymous_14)
FNF:15
FNH:13
FNDA:1,(anonymous_0)
FNDA:1,defineProperties
FNDA:1,(anonymous_2)
FNDA:8,_interopRequireDefault
FNDA:1,_classCallCheck
FNDA:1,_possibleConstructorReturn
FNDA:1,_inherits
FNDA:1,(anonymous_7)
FNDA:1,ArticlePage
FNDA:1,componentWillMount
FNDA:1,(anonymous_10)
FNDA:0,componentWillUnmount
FNDA:1,getArticles
FNDA:2,render
FNDA:0,(anonymous_14)
DA:1,4
DA:9,8
DA:18,1
DA:19,1
DA:28,1
DA:31,1
DA:32,1
DA:33,1
DA:34,1
DA:53,1
DA:59,2
DA:61,2
DA:85,0
DA:95,1
DA:98,1
LF:15
LH:14
BRDA:1,0,0,4
BRDA:1,0,1,4
BRDA:1,1,0,4
BRDA:1,1,1,0
BRDA:1,2,0,1
BRDA:1,2,1,0
BRDA:1,3,0,0
BRDA:1,3,1,1
BRDA:9,4,0,6
BRDA:9,4,1,2
BRDA:9,5,0,8
BRDA:9,5,1,8
BRDA:9,6,0,0
BRDA:9,6,1,1
BRDA:9,7,0,0
BRDA:9,7,1,1
BRDA:9,8,0,0
BRDA:9,8,1,1
BRDA:9,9,0,1
BRDA:9,9,1,0
BRDA:9,9,2,0
BRDA:9,10,0,0
BRDA:9,10,1,1
BRDA:9,11,0,1
BRDA:9,11,1,0
BRDA:9,12,0,1
BRDA:9,12,1,1
BRDA:9,13,0,1
BRDA:9,13,1,0
BRDA:9,14,0,1
BRDA:9,14,1,0
BRDA:19,15,0,1
BRDA:19,15,1,0
BRDA:64,16,0,2
BRDA:72,17,0,2
BRDA:83,18,0,1
BRDA:83,18,1,0
BRF:37
BRH:23
end_of_record
TN:
SF:/Users/andeladeveloper/Desktop/headlines/src/js/components/favourites/FavouritesPage.jsx
FN:4,_interopRequireDefault
FN:11,FavouritesPage
FN:38,(anonymous_2)
FNF:3
FNH:3
FNDA:4,_interopRequireDefault
FNDA:1,FavouritesPage
FNDA:1,(anonymous_2)
DA:1,1
DA:4,4
DA:12,1
DA:13,1
DA:14,1
DA:15,1
DA:16,1
DA:18,0
DA:20,1
DA:39,1
LF:10
LH:9
BRDA:4,0,0,3
BRDA:4,0,1,1
BRDA:4,1,0,4
BRDA:4,1,1,4
BRDA:31,2,0,1
BRF:5
BRH:5
end_of_record
TN:
SF:/Users/andeladeveloper/Desktop/headlines/src/js/components/partials/in/EmptyNotification.jsx
FN:1,_interopRequireDefault
FN:7,EmptyNotification
FNF:2
FNH:2
FNDA:2,_interopRequireDefault
FNDA:1,EmptyNotification
DA:1,2
DA:8,1
LF:2
LH:2
BRDA:1,0,0,0
BRDA:1,0,1,2
BRDA:1,1,0,2
BRDA:1,1,1,2
BRF:4
BRH:3
end_of_record
TN:
SF:/Users/andeladeveloper/Desktop/headlines/src/js/components/partials/in/Favourite.jsx
FN:1,(anonymous_0)
FN:1,defineProperties
FN:1,(anonymous_2)
FN:4,_interopRequireDefault
FN:4,_classCallCheck
FN:4,_possibleConstructorReturn
FN:4,_inherits
FN:6,(anonymous_7)
FN:7,Favourite
FN:16,showFullArticle
FN:20,render
FN:36,onClick
FNF:12
FNH:10
FNDA:1,(anonymous_0)
FNDA:1,defineProperties
FNDA:1,(anonymous_2)
FNDA:2,_interopRequireDefault
FNDA:1,_classCallCheck
FNDA:1,_possibleConstructorReturn
FNDA:1,_inherits
FNDA:1,(anonymous_7)
FNDA:1,Favourite
FNDA:0,showFullArticle
FNDA:1,render
FNDA:0,onClick
DA:1,2
DA:4,2
DA:6,1
DA:7,1
DA:16,1
DA:19,0
DA:23,1
DA:24,1
DA:46,1
LF:9
LH:8
BRDA:1,0,0,2
BRDA:1,0,1,2
BRDA:1,1,0,2
BRDA:1,1,1,0
BRDA:1,2,0,1
BRDA:1,2,1,0
BRDA:1,3,0,0
BRDA:1,3,1,1
BRDA:4,4,0,1
BRDA:4,4,1,1
BRDA:4,5,0,2
BRDA:4,5,1,2
BRDA:4,6,0,0
BRDA:4,6,1,1
BRDA:4,7,0,0
BRDA:4,7,1,1
BRDA:4,8,0,0
BRDA:4,8,1,1
BRDA:4,9,0,1
BRDA:4,9,1,0
BRDA:4,9,2,0
BRDA:4,10,0,0
BRDA:4,10,1,1
BRDA:4,11,0,1
BRDA:4,11,1,0
BRDA:4,12,0,1
BRDA:4,12,1,1
BRDA:4,13,0,1
BRDA:4,13,1,0
BRDA:4,14,0,1
BRDA:4,14,1,0
BRDA:7,15,0,1
BRDA:7,15,1,0
BRF:33
BRH:20
end_of_record
TN:
SF:/Users/andeladeveloper/Desktop/headlines/src/js/components/partials/in/Footer.jsx
FN:1,_interopRequireDefault
FN:3,Footer
FNF:2
FNH:2
FNDA:4,_interopRequireDefault
FNDA:1,Footer
DA:1,4
DA:3,4
DA:4,1
LF:3
LH:3
BRDA:1,0,0,0
BRDA:1,0,1,4
BRDA:1,1,0,4
BRDA:1,1,1,4
BRF:4
BRH:3
end_of_record
TN:
SF:/Users/andeladeveloper/Desktop/headlines/src/js/components/partials/in/NavBar.jsx
FN:1,(anonymous_0)
FN:1,defineProperties
FN:1,(anonymous_2)
FN:4,_interopRequireDefault
FN:4,_classCallCheck
FN:4,_possibleConstructorReturn
FN:4,_inherits
FN:11,(anonymous_7)
FN:13,NavBar
FN:24,logout
FN:29,render
FN:40,onClick
FNF:12
FNH:10
FNDA:3,(anonymous_0)
FNDA:3,defineProperties
FNDA:3,(anonymous_2)
FNDA:6,_interopRequireDefault
FNDA:2,_classCallCheck
FNDA:2,_possibleConstructorReturn
FNDA:3,_inherits
FNDA:3,(anonymous_7)
FNDA:2,NavBar
FNDA:0,logout
FNDA:2,render
FNDA:0,onClick
DA:1,6
DA:4,6
DA:11,3
DA:13,2
DA:24,3
DA:26,0
DA:27,0
DA:28,0
DA:32,2
DA:33,2
DA:54,3
LF:11
LH:8
BRDA:1,0,0,6
BRDA:1,0,1,6
BRDA:1,1,0,6
BRDA:1,1,1,0
BRDA:1,2,0,3
BRDA:1,2,1,0
BRDA:1,3,0,0
BRDA:1,3,1,3
BRDA:4,4,0,3
BRDA:4,4,1,3
BRDA:4,5,0,6
BRDA:4,5,1,6
BRDA:4,6,0,0
BRDA:4,6,1,2
BRDA:4,7,0,0
BRDA:4,7,1,2
BRDA:4,8,0,0
BRDA:4,8,1,2
BRDA:4,9,0,2
BRDA:4,9,1,0
BRDA:4,9,2,0
BRDA:4,10,0,0
BRDA:4,10,1,3
BRDA:4,11,0,3
BRDA:4,11,1,0
BRDA:4,12,0,3
BRDA:4,12,1,3
BRDA:4,13,0,3
BRDA:4,13,1,0
BRDA:4,14,0,3
BRDA:4,14,1,0
BRDA:13,15,0,2
BRDA:13,15,1,0
BRF:33
BRH:20
end_of_record
TN:
SF:/Users/andeladeveloper/Desktop/headlines/src/js/components/partials/in/SelectedSources.jsx
FN:3,_interopRequireDefault
FN:10,SelectedSources
FNF:2
FNH:2
FNDA:6,_interopRequireDefault
FNDA:1,SelectedSources
DA:1,2
DA:3,6
DA:11,1
DA:18,2
LF:4
LH:4
BRDA:3,0,0,2
BRDA:3,0,1,4
BRDA:3,1,0,6
BRDA:3,1,1,6
BRF:4
BRH:4
end_of_record
TN:
SF:/Users/andeladeveloper/Desktop/headlines/src/js/components/partials/in/SideBar.jsx
FN:8,goToFavourites
FN:18,SideBar
FN:49,onClick
FNF:3
FNH:1
FNDA:0,goToFavourites
FNDA:3,SideBar
FNDA:0,onClick
DA:1,5
DA:9,0
DA:19,3
DA:20,3
DA:21,3
DA:23,0
DA:29,3
LF:7
LH:5
BRF:0
BRH:0
end_of_record
TN:
SF:/Users/andeladeveloper/Desktop/headlines/src/js/components/partials/in/Source.jsx
FN:1,(anonymous_0)
FN:1,defineProperties
FN:1,(anonymous_2)
FN:6,_interopRequireDefault
FN:6,_classCallCheck
FN:6,_possibleConstructorReturn
FN:6,_inherits
FN:13,(anonymous_7)
FN:14,Source
FN:21,componentWillMount
FN:34,showArticles
FN:43,onChange
FN:48,render
FN:53,(anonymous_13)
FN:83,onClick
FN:95,onChange
FNF:16
FNH:12
FNDA:3,(anonymous_0)
FNDA:3,defineProperties
FNDA:3,(anonymous_2)
FNDA:12,_interopRequireDefault
FNDA:5,_classCallCheck
FNDA:5,_possibleConstructorReturn
FNDA:3,_inherits
FNDA:3,(anonymous_7)
FNDA:5,Source
FNDA:5,componentWillMount
FNDA:0,showArticles
FNDA:0,onChange
FNDA:5,render
FNDA:7,(anonymous_13)
FNDA:0,onClick
FNDA:0,onChange
DA:1,12
DA:6,12
DA:13,3
DA:14,5
DA:21,3
DA:24,5
DA:36,0
DA:45,0
DA:51,5
DA:52,5
DA:53,5
DA:54,7
DA:56,5
DA:103,3
DA:106,3
LF:15
LH:13
BRDA:1,0,0,12
BRDA:1,0,1,12
BRDA:1,1,0,12
BRDA:1,1,1,0
BRDA:1,2,0,3
BRDA:1,2,1,0
BRDA:1,3,0,0
BRDA:1,3,1,3
BRDA:6,4,0,0
BRDA:6,4,1,12
BRDA:6,5,0,12
BRDA:6,5,1,12
BRDA:6,6,0,0
BRDA:6,6,1,5
BRDA:6,7,0,0
BRDA:6,7,1,5
BRDA:6,8,0,0
BRDA:6,8,1,5
BRDA:6,9,0,5
BRDA:6,9,1,0
BRDA:6,9,2,0
BRDA:6,10,0,0
BRDA:6,10,1,3
BRDA:6,11,0,3
BRDA:6,11,1,0
BRDA:6,12,0,3
BRDA:6,12,1,3
BRDA:6,13,0,3
BRDA:6,13,1,0
BRDA:6,14,0,3
BRDA:6,14,1,0
BRDA:14,15,0,5
BRDA:14,15,1,0
BRF:33
BRH:19
end_of_record
TN:
SF:/Users/andeladeveloper/Desktop/headlines/src/js/components/partials/in/Sources.jsx
FN:1,(anonymous_0)
FN:1,defineProperties
FN:1,(anonymous_2)
FN:2,_interopRequireDefault
FN:2,_classCallCheck
FN:2,_possibleConstructorReturn
FN:2,_inherits
FN:9,(anonymous_7)
FN:9,Sources
FN:9,render
FN:15,(anonymous_10)
FNF:11
FNH:11
FNDA:3,(anonymous_0)
FNDA:3,defineProperties
FNDA:3,(anonymous_2)
FNDA:6,_interopRequireDefault
FNDA:3,_classCallCheck
FNDA:3,_possibleConstructorReturn
FNDA:3,_inherits
FNDA:3,(anonymous_7)
FNDA:3,Sources
FNDA:3,render
FNDA:12,(anonymous_10)
DA:1,3
DA:2,6
DA:9,3
DA:11,3
DA:12,3
DA:16,12
DA:21,3
LF:7
LH:7
BRDA:1,0,0,3
BRDA:1,0,1,3
BRDA:1,1,0,3
BRDA:1,1,1,0
BRDA:1,2,0,3
BRDA:1,2,1,0
BRDA:1,3,0,0
BRDA:1,3,1,3
BRDA:2,4,0,3
BRDA:2,4,1,3
BRDA:2,5,0,6
BRDA:2,5,1,6
BRDA:2,6,0,0
BRDA:2,6,1,3
BRDA:2,7,0,0
BRDA:2,7,1,3
BRDA:2,8,0,0
BRDA:2,8,1,3
BRDA:2,9,0,3
BRDA:2,9,1,0
BRDA:2,9,2,0
BRDA:2,10,0,0
BRDA:2,10,1,3
BRDA:2,11,0,3
BRDA:2,11,1,0
BRDA:2,12,0,3
BRDA:2,12,1,3
BRDA:2,13,0,3
BRDA:2,13,1,0
BRDA:2,14,0,3
BRDA:2,14,1,0
BRDA:9,15,0,3
BRDA:9,15,1,0
BRF:33
BRH:20
end_of_record
TN:
SF:/Users/andeladeveloper/Desktop/headlines/src/js/components/partials/in/Spinner.jsx
FN:1,_interopRequireDefault
FN:8,Spinner
FNF:2
FNH:2
FNDA:3,_interopRequireDefault
FNDA:2,Spinner
DA:1,3
DA:8,3
DA:9,2
LF:3
LH:3
BRDA:1,0,0,0
BRDA:1,0,1,3
BRDA:1,1,0,3
BRDA:1,1,1,3
BRF:4
BRH:3
end_of_record
TN:
SF:/Users/andeladeveloper/Desktop/headlines/src/js/constants/HeadlineActionTypes.js
FNF:0
FNH:0
DA:1,8
LF:1
LH:1
BRF:0
BRH:0
end_of_record
TN:
SF:/Users/andeladeveloper/Desktop/headlines/src/js/dispatcher/HeadlineDispatcher.js
FNF:0
FNH:0
DA:1,8
LF:1
LH:1
BRF:0
BRH:0
end_of_record
TN:
SF:/Users/andeladeveloper/Desktop/headlines/src/js/stores/HeadlineArticleStore.js
FN:1,(anonymous_0)
FN:1,defineProperties
FN:1,(anonymous_2)
FN:3,_interopRequireDefault
FN:3,_classCallCheck
FN:3,_possibleConstructorReturn
FN:3,_inherits
FN:10,(anonymous_7)
FN:16,HeadlineArticleStore
FN:25,getAllArticles
FN:35,handleActions
FNF:11
FNH:11
FNDA:2,(anonymous_0)
FNDA:2,defineProperties
FNDA:2,(anonymous_2)
FNDA:4,_interopRequireDefault
FNDA:2,_classCallCheck
FNDA:2,_possibleConstructorReturn
FNDA:2,_inherits
FNDA:2,(anonymous_7)
FNDA:2,HeadlineArticleStore
FNDA:3,getAllArticles
FNDA:4,handleActions
DA:1,4
DA:3,4
DA:10,2
DA:16,2
DA:25,2
DA:27,3
DA:37,4
DA:38,3
DA:39,3
DA:41,2
DA:44,2
LF:11
LH:11
BRDA:1,0,0,4
BRDA:1,0,1,4
BRDA:1,1,0,4
BRDA:1,1,1,0
BRDA:1,2,0,2
BRDA:1,2,1,0
BRDA:1,3,0,0
BRDA:1,3,1,2
BRDA:3,4,0,4
BRDA:3,4,1,0
BRDA:3,5,0,4
BRDA:3,5,1,4
BRDA:3,6,0,0
BRDA:3,6,1,2
BRDA:3,7,0,0
BRDA:3,7,1,2
BRDA:3,8,0,0
BRDA:3,8,1,2
BRDA:3,9,0,2
BRDA:3,9,1,0
BRDA:3,9,2,0
BRDA:3,10,0,0
BRDA:3,10,1,2
BRDA:3,11,0,2
BRDA:3,11,1,0
BRDA:3,12,0,2
BRDA:3,12,1,2
BRDA:3,13,0,2
BRDA:3,13,1,0
BRDA:3,14,0,2
BRDA:3,14,1,0
BRDA:16,15,0,2
BRDA:16,15,1,0
BRDA:37,16,0,3
BRDA:37,16,1,1
BRF:35
BRH:21
end_of_record
TN:
SF:/Users/andeladeveloper/Desktop/headlines/src/js/stores/HeadlineScrapeStore.js
FN:1,(anonymous_0)
FN:1,defineProperties
FN:1,(anonymous_2)
FN:3,_interopRequireDefault
FN:3,_classCallCheck
FN:3,_possibleConstructorReturn
FN:3,_inherits
FN:10,(anonymous_7)
FN:10,HeadlineScrapeStore
FN:10,construtor
FN:19,getFullArticle
FN:28,handleActions
FNF:12
FNH:11
FNDA:2,(anonymous_0)
FNDA:2,defineProperties
FNDA:2,(anonymous_2)
FNDA:4,_interopRequireDefault
FNDA:2,_classCallCheck
FNDA:2,_possibleConstructorReturn
FNDA:2,_inherits
FNDA:2,(anonymous_7)
FNDA:2,HeadlineScrapeStore
FNDA:0,construtor
FNDA:1,getFullArticle
FNDA:4,handleActions
DA:1,6
DA:3,4
DA:10,2
DA:12,0
DA:21,1
DA:30,4
DA:31,2
DA:32,2
DA:34,2
DA:37,2
LF:10
LH:9
BRDA:1,0,0,6
BRDA:1,0,1,6
BRDA:1,1,0,6
BRDA:1,1,1,0
BRDA:1,2,0,2
BRDA:1,2,1,0
BRDA:1,3,0,0
BRDA:1,3,1,2
BRDA:3,4,0,4
BRDA:3,4,1,0
BRDA:3,5,0,4
BRDA:3,5,1,4
BRDA:3,6,0,0
BRDA:3,6,1,2
BRDA:3,7,0,0
BRDA:3,7,1,2
BRDA:3,8,0,0
BRDA:3,8,1,2
BRDA:3,9,0,2
BRDA:3,9,1,0
BRDA:3,9,2,0
BRDA:3,10,0,0
BRDA:3,10,1,2
BRDA:3,11,0,2
BRDA:3,11,1,0
BRDA:3,12,0,2
BRDA:3,12,1,2
BRDA:3,13,0,2
BRDA:3,13,1,0
BRDA:3,14,0,2
BRDA:3,14,1,0
BRDA:10,15,0,2
BRDA:10,15,1,0
BRDA:30,16,0,2
BRDA:30,16,1,2
BRF:35
BRH:21
end_of_record
TN:
SF:/Users/andeladeveloper/Desktop/headlines/src/js/stores/HeadlineSourceStore.js
FN:1,(anonymous_0)
FN:1,defineProperties
FN:1,(anonymous_2)
FN:3,_interopRequireDefault
FN:3,_classCallCheck
FN:3,_possibleConstructorReturn
FN:3,_inherits
FN:10,(anonymous_7)
FN:15,HeadlineSourceStore
FN:25,getAllSources
FN:35,getFilteredSource
FN:44,(anonymous_11)
FN:58,handleActions
FNF:13
FNH:13
FNDA:2,(anonymous_0)
FNDA:2,defineProperties
FNDA:2,(anonymous_2)
FNDA:4,_interopRequireDefault
FNDA:2,_classCallCheck
FNDA:2,_possibleConstructorReturn
FNDA:2,_inherits
FNDA:2,(anonymous_7)
FNDA:2,HeadlineSourceStore
FNDA:5,getAllSources
FNDA:3,getFilteredSource
FNDA:8,(anonymous_11)
FNDA:7,handleActions
DA:1,6
DA:3,4
DA:10,2
DA:15,2
DA:25,2
DA:27,5
DA:37,3
DA:38,3
DA:39,3
DA:41,3
DA:42,1
DA:44,2
DA:45,8
DA:50,2
DA:60,7
DA:62,5
DA:63,5
DA:64,5
DA:66,1
DA:67,1
DA:68,1
DA:71,2
DA:74,2
LF:23
LH:23
BRDA:1,0,0,6
BRDA:1,0,1,6
BRDA:1,1,0,6
BRDA:1,1,1,0
BRDA:1,2,0,2
BRDA:1,2,1,0
BRDA:1,3,0,0
BRDA:1,3,1,2
BRDA:3,4,0,4
BRDA:3,4,1,0
BRDA:3,5,0,4
BRDA:3,5,1,4
BRDA:3,6,0,0
BRDA:3,6,1,2
BRDA:3,7,0,0
BRDA:3,7,1,2
BRDA:3,8,0,0
BRDA:3,8,1,2
BRDA:3,9,0,2
BRDA:3,9,1,0
BRDA:3,9,2,0
BRDA:3,10,0,0
BRDA:3,10,1,2
BRDA:3,11,0,2
BRDA:3,11,1,0
BRDA:3,12,0,2
BRDA:3,12,1,2
BRDA:3,13,0,2
BRDA:3,13,1,0
BRDA:3,14,0,2
BRDA:3,14,1,0
BRDA:15,15,0,2
BRDA:15,15,1,0
BRDA:38,16,0,3
BRDA:38,16,1,0
BRDA:41,17,0,1
BRDA:41,17,1,2
BRDA:41,18,0,3
BRDA:41,18,1,2
BRDA:60,19,0,5
BRDA:60,19,1,1
BRDA:60,19,2,1
BRF:42
BRH:27
end_of_record
TN:
SF:/Users/andeladeveloper/Desktop/headlines/src/js/utils/ArticleScraperAPI.js
FN:1,(anonymous_0)
FN:1,defineProperties
FN:1,(anonymous_2)
FN:1,_interopRequireDefault
FN:1,_classCallCheck
FNF:5
FNH:4
FNDA:5,(anonymous_0)
FNDA:5,defineProperties
FNDA:5,(anonymous_2)
FNDA:5,_interopRequireDefault
FNDA:0,_classCallCheck
DA:1,5
DA:3,5
LF:2
LH:2
BRDA:1,0,0,5
BRDA:1,0,1,5
BRDA:1,1,0,5
BRDA:1,1,1,0
BRDA:1,2,0,0
BRDA:1,2,1,5
BRDA:1,3,0,5
BRDA:1,3,1,0
BRDA:1,4,0,0
BRDA:1,4,1,5
BRDA:1,5,0,5
BRDA:1,5,1,5
BRDA:1,6,0,0
BRDA:1,6,1,0
BRF:14
BRH:8
end_of_record
TN:
SF:/Users/andeladeveloper/Desktop/headlines/src/js/utils/HeadlineAPI.js
FN:1,(anonymous_0)
FN:1,defineProperties
FN:1,(anonymous_2)
FN:1,_interopRequireDefault
FN:1,_classCallCheck
FNF:5
FNH:4
FNDA:4,(anonymous_0)
FNDA:4,defineProperties
FNDA:4,(anonymous_2)
FNDA:4,_interopRequireDefault
FNDA:0,_classCallCheck
DA:1,8
DA:3,4
DA:4,4
LF:3
LH:3
BRDA:1,0,0,8
BRDA:1,0,1,8
BRDA:1,1,0,8
BRDA:1,1,1,0
BRDA:1,2,0,0
BRDA:1,2,1,4
BRDA:1,3,0,4
BRDA:1,3,1,0
BRDA:1,4,0,0
BRDA:1,4,1,4
BRDA:1,5,0,4
BRDA:1,5,1,4
BRDA:1,6,0,0
BRDA:1,6,1,0
BRF:14
BRH:8
end_of_record
