TN:
SF:/Users/andeladeveloper/Desktop/headlines/src/js/actions/HeadlineAction.js
FN:1,(anonymous_0)
FN:1,defineProperties
FN:1,(anonymous_2)
FN:4,_interopRequireDefault
FN:4,_classCallCheck
FN:10,(anonymous_5)
FN:10,HeadlineActions
FN:18,getSources
FN:20,(anonymous_8)
FN:34,searchSources
FN:50,getArticles
FN:52,(anonymous_11)
FN:67,showFullArticle
FN:69,(anonymous_13)
FNF:14
FNH:9
FNDA:5,(anonymous_0)
FNDA:5,defineProperties
FNDA:5,(anonymous_2)
FNDA:20,_interopRequireDefault
FNDA:0,_classCallCheck
FNDA:5,(anonymous_5)
FNDA:0,HeadlineActions
FNDA:2,getSources
FNDA:2,(anonymous_8)
FNDA:0,searchSources
FNDA:3,getArticles
FNDA:3,(anonymous_11)
FNDA:0,showFullArticle
FNDA:0,(anonymous_13)
DA:1,20
DA:4,20
DA:10,5
DA:20,2
DA:52,3
DA:69,0
DA:75,5
LF:7
LH:6
BRDA:1,0,0,20
BRDA:1,0,1,20
BRDA:1,1,0,20
BRDA:1,1,1,0
BRDA:1,2,0,0
BRDA:1,2,1,5
BRDA:1,3,0,5
BRDA:1,3,1,0
BRDA:4,4,0,19
BRDA:4,4,1,1
BRDA:4,5,0,20
BRDA:4,5,1,20
BRDA:4,6,0,0
BRDA:4,6,1,0
BRF:14
BRH:9
end_of_record
TN:
SF:/Users/andeladeveloper/Desktop/headlines/src/js/components/App.jsx
FN:1,(anonymous_0)
FN:1,defineProperties
FN:1,(anonymous_2)
FN:9,_interopRequireDefault
FN:9,_classCallCheck
FN:9,_possibleConstructorReturn
FN:9,_inherits
FN:17,(anonymous_7)
FN:18,App
FN:27,componentWillMount
FN:32,componentWillUnmount
FN:42,getSources
FN:53,changePage
FN:58,render
FN:109,onSelect
FNF:15
FNH:12
FNDA:1,(anonymous_0)
FNDA:1,defineProperties
FNDA:1,(anonymous_2)
FNDA:7,_interopRequireDefault
FNDA:1,_classCallCheck
FNDA:1,_possibleConstructorReturn
FNDA:1,_inherits
FNDA:1,(anonymous_7)
FNDA:1,App
FNDA:1,componentWillMount
FNDA:0,componentWillUnmount
FNDA:1,getSources
FNDA:0,changePage
FNDA:2,render
FNDA:0,onSelect
DA:1,5
DA:9,7
DA:17,1
DA:18,1
DA:27,1
DA:44,1
DA:55,0
DA:61,2
DA:62,2
DA:63,2
DA:68,0
DA:69,0
DA:70,0
DA:71,0
DA:73,0
DA:76,0
DA:82,0
DA:87,0
DA:118,1
LF:19
LH:10
BRDA:1,0,0,5
BRDA:1,0,1,5
BRDA:1,1,0,5
BRDA:1,1,1,0
BRDA:1,2,0,1
BRDA:1,2,1,0
BRDA:1,3,0,0
BRDA:1,3,1,1
BRDA:9,4,0,6
BRDA:9,4,1,1
BRDA:9,5,0,7
BRDA:9,5,1,7
BRDA:9,6,0,0
BRDA:9,6,1,1
BRDA:9,7,0,0
BRDA:9,7,1,1
BRDA:9,8,0,0
BRDA:9,8,1,1
BRDA:9,9,0,1
BRDA:9,9,1,0
BRDA:9,9,2,0
BRDA:9,10,0,0
BRDA:9,10,1,1
BRDA:9,11,0,1
BRDA:9,11,1,0
BRDA:9,12,0,1
BRDA:9,12,1,1
BRDA:9,13,0,1
BRDA:9,13,1,0
BRDA:9,14,0,1
BRDA:9,14,1,0
BRDA:18,15,0,1
BRDA:18,15,1,0
BRDA:62,16,0,2
BRDA:62,16,1,0
BRDA:97,17,0,0
BRDA:101,18,0,0
BRDA:101,18,1,0
BRDA:104,19,0,0
BRF:39
BRH:21
end_of_record
TN:
SF:/Users/andeladeveloper/Desktop/headlines/src/js/components/articles/ArticleDetailsPage.jsx
FN:1,(anonymous_0)
FN:1,defineProperties
FN:1,(anonymous_2)
FN:7,_interopRequireDefault
FN:7,_classCallCheck
FN:7,_possibleConstructorReturn
FN:7,_inherits
FN:14,(anonymous_7)
FN:15,ArticleDetailsPage
FN:23,componentDidMount
FN:33,getFullArticle
FN:38,render
FNF:12
FNH:10
FNDA:1,(anonymous_0)
FNDA:1,defineProperties
FNDA:1,(anonymous_2)
FNDA:6,_interopRequireDefault
FNDA:1,_classCallCheck
FNDA:1,_possibleConstructorReturn
FNDA:1,_inherits
FNDA:1,(anonymous_7)
FNDA:1,ArticleDetailsPage
FNDA:0,componentDidMount
FNDA:0,getFullArticle
FNDA:1,render
DA:1,3
DA:7,6
DA:14,1
DA:15,1
DA:23,1
DA:35,0
DA:41,1
DA:42,1
DA:43,1
DA:48,0
DA:74,1
LF:11
LH:9
BRDA:1,0,0,3
BRDA:1,0,1,3
BRDA:1,1,0,3
BRDA:1,1,1,0
BRDA:1,2,0,1
BRDA:1,2,1,0
BRDA:1,3,0,0
BRDA:1,3,1,1
BRDA:7,4,0,4
BRDA:7,4,1,2
BRDA:7,5,0,6
BRDA:7,5,1,6
BRDA:7,6,0,0
BRDA:7,6,1,1
BRDA:7,7,0,0
BRDA:7,7,1,1
BRDA:7,8,0,0
BRDA:7,8,1,1
BRDA:7,9,0,1
BRDA:7,9,1,0
BRDA:7,9,2,0
BRDA:7,10,0,0
BRDA:7,10,1,1
BRDA:7,11,0,1
BRDA:7,11,1,0
BRDA:7,12,0,1
BRDA:7,12,1,1
BRDA:7,13,0,1
BRDA:7,13,1,0
BRDA:7,14,0,1
BRDA:7,14,1,0
BRDA:15,15,0,1
BRDA:15,15,1,0
BRDA:42,16,0,1
BRDA:42,16,1,0
BRF:35
BRH:21
end_of_record
TN:
SF:/Users/andeladeveloper/Desktop/headlines/src/js/components/articles/ArticlesPage.jsx
FN:1,(anonymous_0)
FN:1,defineProperties
FN:1,(anonymous_2)
FN:10,_interopRequireDefault
FN:10,_classCallCheck
FN:10,_possibleConstructorReturn
FN:10,_inherits
FN:19,(anonymous_7)
FN:20,ArticlePage
FN:29,componentWillMount
FN:38,(anonymous_10)
FN:42,componentWillUnmount
FN:52,getArticles
FN:57,render
FN:90,(anonymous_14)
FNF:15
FNH:13
FNDA:1,(anonymous_0)
FNDA:1,defineProperties
FNDA:1,(anonymous_2)
FNDA:8,_interopRequireDefault
FNDA:1,_classCallCheck
FNDA:1,_possibleConstructorReturn
FNDA:1,_inherits
FNDA:1,(anonymous_7)
FNDA:1,ArticlePage
FNDA:1,componentWillMount
FNDA:1,(anonymous_10)
FNDA:0,componentWillUnmount
FNDA:1,getArticles
FNDA:2,render
FNDA:0,(anonymous_14)
DA:1,4
DA:10,8
DA:19,1
DA:20,1
DA:29,1
DA:32,1
DA:33,1
DA:34,1
DA:35,1
DA:54,1
DA:60,2
DA:61,2
DA:62,2
DA:67,0
DA:91,0
DA:101,1
DA:104,1
LF:17
LH:15
BRDA:1,0,0,4
BRDA:1,0,1,4
BRDA:1,1,0,4
BRDA:1,1,1,0
BRDA:1,2,0,1
BRDA:1,2,1,0
BRDA:1,3,0,0
BRDA:1,3,1,1
BRDA:10,4,0,6
BRDA:10,4,1,2
BRDA:10,5,0,8
BRDA:10,5,1,8
BRDA:10,6,0,0
BRDA:10,6,1,1
BRDA:10,7,0,0
BRDA:10,7,1,1
BRDA:10,8,0,0
BRDA:10,8,1,1
BRDA:10,9,0,1
BRDA:10,9,1,0
BRDA:10,9,2,0
BRDA:10,10,0,0
BRDA:10,10,1,1
BRDA:10,11,0,1
BRDA:10,11,1,0
BRDA:10,12,0,1
BRDA:10,12,1,1
BRDA:10,13,0,1
BRDA:10,13,1,0
BRDA:10,14,0,1
BRDA:10,14,1,0
BRDA:20,15,0,1
BRDA:20,15,1,0
BRDA:61,16,0,2
BRDA:61,16,1,0
BRDA:70,17,0,0
BRDA:78,18,0,0
BRDA:89,19,0,0
BRDA:89,19,1,0
BRF:39
BRH:21
end_of_record
TN:
SF:/Users/andeladeveloper/Desktop/headlines/src/js/components/favourites/FavouritesPage.jsx
FN:4,_interopRequireDefault
FN:11,FavouritesPage
FN:33,(anonymous_2)
FNF:3
FNH:3
FNDA:4,_interopRequireDefault
FNDA:1,FavouritesPage
FNDA:1,(anonymous_2)
DA:1,1
DA:4,4
DA:12,1
DA:13,1
DA:14,1
DA:15,1
DA:34,1
LF:7
LH:7
BRDA:4,0,0,3
BRDA:4,0,1,1
BRDA:4,1,0,4
BRDA:4,1,1,4
BRDA:26,2,0,1
BRF:5
BRH:5
end_of_record
TN:
SF:/Users/andeladeveloper/Desktop/headlines/src/js/components/login/LogInPage.jsx
FN:1,(anonymous_0)
FN:1,defineProperties
FN:1,(anonymous_2)
FN:5,_classCallCheck
FN:5,_possibleConstructorReturn
FN:5,_inherits
FN:14,(anonymous_6)
FN:15,LogInPage
FN:25,responseGoogle
FN:35,render
FNF:10
FNH:5
FNDA:1,(anonymous_0)
FNDA:1,defineProperties
FNDA:1,(anonymous_2)
FNDA:0,_classCallCheck
FNDA:0,_possibleConstructorReturn
FNDA:1,_inherits
FNDA:1,(anonymous_6)
FNDA:0,LogInPage
FNDA:0,responseGoogle
FNDA:0,render
DA:1,2
DA:5,1
DA:14,1
DA:15,0
DA:25,1
DA:27,0
DA:28,0
DA:29,0
DA:30,0
DA:31,0
DA:32,0
DA:33,0
DA:34,0
DA:38,0
DA:39,0
DA:63,1
DA:66,1
LF:17
LH:6
BRDA:1,0,0,2
BRDA:1,0,1,2
BRDA:1,1,0,2
BRDA:1,1,1,0
BRDA:1,2,0,1
BRDA:1,2,1,0
BRDA:1,3,0,0
BRDA:1,3,1,1
BRDA:5,4,0,0
BRDA:5,4,1,0
BRDA:5,5,0,0
BRDA:5,5,1,0
BRDA:5,6,0,0
BRDA:5,6,1,0
BRDA:5,7,0,0
BRDA:5,7,1,0
BRDA:5,7,2,0
BRDA:5,8,0,0
BRDA:5,8,1,1
BRDA:5,9,0,1
BRDA:5,9,1,0
BRDA:5,10,0,1
BRDA:5,10,1,1
BRDA:5,11,0,1
BRDA:5,11,1,0
BRDA:5,12,0,1
BRDA:5,12,1,0
BRDA:15,13,0,0
BRDA:15,13,1,0
BRF:29
BRH:11
end_of_record
TN:
SF:/Users/andeladeveloper/Desktop/headlines/src/js/components/partials/in/Article.jsx
FN:1,(anonymous_0)
FN:1,(anonymous_1)
FN:1,(anonymous_2)
FN:1,(anonymous_3)
FN:1,defineProperties
FN:1,(anonymous_5)
FN:9,_interopRequireDefault
FN:9,_classCallCheck
FN:9,_possibleConstructorReturn
FN:9,_inherits
FN:11,(anonymous_10)
FN:12,Article
FN:33,showFullArticle
FN:44,preventSavedDuplicates
FN:49,(anonymous_14)
FN:63,addToCollections
FN:85,render
FN:158,ref
FN:164,onClick
FN:177,(anonymous_19)
FNF:20
FNH:6
FNDA:0,(anonymous_0)
FNDA:0,(anonymous_1)
FNDA:0,(anonymous_2)
FNDA:1,(anonymous_3)
FNDA:1,defineProperties
FNDA:1,(anonymous_5)
FNDA:4,_interopRequireDefault
FNDA:0,_classCallCheck
FNDA:0,_possibleConstructorReturn
FNDA:1,_inherits
FNDA:1,(anonymous_10)
FNDA:0,Article
FNDA:0,showFullArticle
FNDA:0,preventSavedDuplicates
FNDA:0,(anonymous_14)
FNDA:0,addToCollections
FNDA:0,render
FNDA:0,ref
FNDA:0,onClick
FNDA:0,(anonymous_19)
DA:1,4
DA:9,4
DA:11,1
DA:12,0
DA:33,1
DA:36,0
DA:46,0
DA:48,0
DA:49,0
DA:50,0
DA:51,0
DA:54,0
DA:65,0
DA:66,0
DA:67,0
DA:68,0
DA:69,0
DA:70,0
DA:71,0
DA:72,0
DA:74,0
DA:75,0
DA:77,0
DA:78,0
DA:81,0
DA:88,0
DA:96,0
DA:97,0
DA:98,0
DA:99,0
DA:100,0
DA:190,1
DA:193,1
LF:33
LH:6
BRDA:1,0,0,1
BRDA:1,0,1,0
BRDA:1,1,0,0
BRDA:1,1,1,0
BRDA:1,2,0,1
BRDA:1,2,1,0
BRDA:1,3,0,1
BRDA:1,3,1,1
BRDA:1,4,0,0
BRDA:1,4,1,0
BRDA:1,5,0,0
BRDA:1,5,1,0
BRDA:1,5,2,0
BRDA:1,5,3,0
BRDA:1,6,0,4
BRDA:1,6,1,4
BRDA:1,7,0,4
BRDA:1,7,1,0
BRDA:1,8,0,1
BRDA:1,8,1,0
BRDA:1,9,0,0
BRDA:1,9,1,1
BRDA:9,10,0,2
BRDA:9,10,1,2
BRDA:9,11,0,4
BRDA:9,11,1,4
BRDA:9,12,0,0
BRDA:9,12,1,0
BRDA:9,13,0,0
BRDA:9,13,1,0
BRDA:9,14,0,0
BRDA:9,14,1,0
BRDA:9,15,0,0
BRDA:9,15,1,0
BRDA:9,15,2,0
BRDA:9,16,0,0
BRDA:9,16,1,1
BRDA:9,17,0,1
BRDA:9,17,1,0
BRDA:9,18,0,1
BRDA:9,18,1,1
BRDA:9,19,0,1
BRDA:9,19,1,0
BRDA:9,20,0,1
BRDA:9,20,1,0
BRDA:12,21,0,0
BRDA:12,21,1,0
BRDA:50,22,0,0
BRDA:50,22,1,0
BRDA:70,23,0,0
BRDA:70,23,1,0
BRDA:74,24,0,0
BRDA:74,24,1,0
BRDA:173,25,0,0
BRDA:173,25,1,0
BRDA:177,26,0,0
BRDA:177,26,1,0
BRF:57
BRH:19
end_of_record
TN:
SF:/Users/andeladeveloper/Desktop/headlines/src/js/components/partials/in/Favourite.jsx
FN:3,_interopRequireDefault
FN:9,goToArticle
FN:18,Favourite
FNF:3
FNH:1
FNDA:2,_interopRequireDefault
FNDA:0,goToArticle
FNDA:0,Favourite
DA:1,1
DA:3,2
DA:10,0
DA:19,0
DA:43,1
LF:5
LH:3
BRDA:3,0,0,0
BRDA:3,0,1,2
BRDA:3,1,0,2
BRDA:3,1,1,2
BRF:4
BRH:3
end_of_record
TN:
SF:/Users/andeladeveloper/Desktop/headlines/src/js/components/partials/in/Footer.jsx
FN:1,_interopRequireDefault
FN:3,Footer
FNF:2
FNH:2
FNDA:4,_interopRequireDefault
FNDA:1,Footer
DA:1,4
DA:3,4
DA:4,1
LF:3
LH:3
BRDA:1,0,0,0
BRDA:1,0,1,4
BRDA:1,1,0,4
BRDA:1,1,1,4
BRF:4
BRH:3
end_of_record
TN:
SF:/Users/andeladeveloper/Desktop/headlines/src/js/components/partials/in/Nav.jsx
FN:1,(anonymous_0)
FN:1,defineProperties
FN:1,(anonymous_2)
FN:5,_interopRequireDefault
FN:5,_classCallCheck
FN:5,_possibleConstructorReturn
FN:5,_inherits
FN:13,(anonymous_7)
FN:15,Nav
FN:31,searchSources
FN:39,retrieveAllSources
FN:48,onChange
FN:60,onKeyDown
FN:74,logout
FN:78,render
FNF:15
FNH:6
FNDA:2,(anonymous_0)
FNDA:2,defineProperties
FNDA:2,(anonymous_2)
FNDA:8,_interopRequireDefault
FNDA:0,_classCallCheck
FNDA:0,_possibleConstructorReturn
FNDA:2,_inherits
FNDA:2,(anonymous_7)
FNDA:0,Nav
FNDA:0,searchSources
FNDA:0,retrieveAllSources
FNDA:0,onChange
FNDA:0,onKeyDown
FNDA:0,logout
FNDA:0,render
DA:1,12
DA:5,8
DA:13,2
DA:15,0
DA:31,2
DA:50,0
DA:62,0
DA:63,0
DA:64,0
DA:65,0
DA:76,0
DA:77,0
DA:82,0
DA:117,2
DA:120,2
LF:15
LH:6
BRDA:1,0,0,12
BRDA:1,0,1,12
BRDA:1,1,0,12
BRDA:1,1,1,0
BRDA:1,2,0,2
BRDA:1,2,1,0
BRDA:1,3,0,0
BRDA:1,3,1,2
BRDA:5,4,0,4
BRDA:5,4,1,4
BRDA:5,5,0,8
BRDA:5,5,1,8
BRDA:5,6,0,0
BRDA:5,6,1,0
BRDA:5,7,0,0
BRDA:5,7,1,0
BRDA:5,8,0,0
BRDA:5,8,1,0
BRDA:5,9,0,0
BRDA:5,9,1,0
BRDA:5,9,2,0
BRDA:5,10,0,0
BRDA:5,10,1,2
BRDA:5,11,0,2
BRDA:5,11,1,0
BRDA:5,12,0,2
BRDA:5,12,1,2
BRDA:5,13,0,2
BRDA:5,13,1,0
BRDA:5,14,0,2
BRDA:5,14,1,0
BRDA:15,15,0,0
BRDA:15,15,1,0
BRDA:63,16,0,0
BRDA:63,16,1,0
BRF:35
BRH:15
end_of_record
TN:
SF:/Users/andeladeveloper/Desktop/headlines/src/js/components/partials/in/NavBar.jsx
FN:1,(anonymous_0)
FN:1,defineProperties
FN:1,(anonymous_2)
FN:4,_interopRequireDefault
FN:4,_classCallCheck
FN:4,_possibleConstructorReturn
FN:4,_inherits
FN:11,(anonymous_7)
FN:13,NavBar
FN:24,logout
FN:28,render
FNF:11
FNH:6
FNDA:2,(anonymous_0)
FNDA:2,defineProperties
FNDA:2,(anonymous_2)
FNDA:6,_interopRequireDefault
FNDA:0,_classCallCheck
FNDA:0,_possibleConstructorReturn
FNDA:2,_inherits
FNDA:2,(anonymous_7)
FNDA:0,NavBar
FNDA:0,logout
FNDA:0,render
DA:1,4
DA:4,6
DA:11,2
DA:13,0
DA:24,2
DA:26,0
DA:27,0
DA:32,0
DA:53,2
DA:56,2
LF:10
LH:6
BRDA:1,0,0,4
BRDA:1,0,1,4
BRDA:1,1,0,4
BRDA:1,1,1,0
BRDA:1,2,0,2
BRDA:1,2,1,0
BRDA:1,3,0,0
BRDA:1,3,1,2
BRDA:4,4,0,2
BRDA:4,4,1,4
BRDA:4,5,0,6
BRDA:4,5,1,6
BRDA:4,6,0,0
BRDA:4,6,1,0
BRDA:4,7,0,0
BRDA:4,7,1,0
BRDA:4,8,0,0
BRDA:4,8,1,0
BRDA:4,9,0,0
BRDA:4,9,1,0
BRDA:4,9,2,0
BRDA:4,10,0,0
BRDA:4,10,1,2
BRDA:4,11,0,2
BRDA:4,11,1,0
BRDA:4,12,0,2
BRDA:4,12,1,2
BRDA:4,13,0,2
BRDA:4,13,1,0
BRDA:4,14,0,2
BRDA:4,14,1,0
BRDA:13,15,0,0
BRDA:13,15,1,0
BRF:33
BRH:15
end_of_record
TN:
SF:/Users/andeladeveloper/Desktop/headlines/src/js/components/partials/in/SideBar.jsx
FN:12,SideBar
FNF:1
FNH:0
FNDA:0,SideBar
DA:1,5
DA:13,0
DA:14,0
DA:15,0
DA:17,0
DA:23,0
LF:6
LH:1
BRF:0
BRH:0
end_of_record
TN:
SF:/Users/andeladeveloper/Desktop/headlines/src/js/components/partials/in/Source.jsx
FN:1,(anonymous_0)
FN:1,defineProperties
FN:1,(anonymous_2)
FN:7,_interopRequireDefault
FN:7,_classCallCheck
FN:7,_possibleConstructorReturn
FN:7,_inherits
FN:14,(anonymous_7)
FN:15,Source
FN:22,componentWillMount
FN:35,showArticles
FN:45,onChange
FN:50,render
FN:55,(anonymous_13)
FN:85,onClick
FN:97,onChange
FNF:16
FNH:6
FNDA:2,(anonymous_0)
FNDA:2,defineProperties
FNDA:2,(anonymous_2)
FNDA:10,_interopRequireDefault
FNDA:0,_classCallCheck
FNDA:0,_possibleConstructorReturn
FNDA:2,_inherits
FNDA:2,(anonymous_7)
FNDA:0,Source
FNDA:0,componentWillMount
FNDA:0,showArticles
FNDA:0,onChange
FNDA:0,render
FNDA:0,(anonymous_13)
FNDA:0,onClick
FNDA:0,onChange
DA:1,8
DA:7,10
DA:14,2
DA:15,0
DA:22,2
DA:25,0
DA:38,0
DA:47,0
DA:53,0
DA:54,0
DA:55,0
DA:56,0
DA:58,0
DA:105,2
DA:108,2
LF:15
LH:6
BRDA:1,0,0,8
BRDA:1,0,1,8
BRDA:1,1,0,8
BRDA:1,1,1,0
BRDA:1,2,0,2
BRDA:1,2,1,0
BRDA:1,3,0,0
BRDA:1,3,1,2
BRDA:7,4,0,2
BRDA:7,4,1,8
BRDA:7,5,0,10
BRDA:7,5,1,10
BRDA:7,6,0,0
BRDA:7,6,1,0
BRDA:7,7,0,0
BRDA:7,7,1,0
BRDA:7,8,0,0
BRDA:7,8,1,0
BRDA:7,9,0,0
BRDA:7,9,1,0
BRDA:7,9,2,0
BRDA:7,10,0,0
BRDA:7,10,1,2
BRDA:7,11,0,2
BRDA:7,11,1,0
BRDA:7,12,0,2
BRDA:7,12,1,2
BRDA:7,13,0,2
BRDA:7,13,1,0
BRDA:7,14,0,2
BRDA:7,14,1,0
BRDA:15,15,0,0
BRDA:15,15,1,0
BRF:33
BRH:15
end_of_record
TN:
SF:/Users/andeladeveloper/Desktop/headlines/src/js/components/partials/in/Sources.jsx
FN:1,(anonymous_0)
FN:1,defineProperties
FN:1,(anonymous_2)
FN:3,_interopRequireDefault
FN:3,_classCallCheck
FN:3,_possibleConstructorReturn
FN:3,_inherits
FN:10,(anonymous_7)
FN:10,Sources
FN:10,render
FN:16,(anonymous_10)
FNF:11
FNH:11
FNDA:2,(anonymous_0)
FNDA:2,defineProperties
FNDA:2,(anonymous_2)
FNDA:6,_interopRequireDefault
FNDA:1,_classCallCheck
FNDA:1,_possibleConstructorReturn
FNDA:2,_inherits
FNDA:2,(anonymous_7)
FNDA:1,Sources
FNDA:1,render
FNDA:4,(anonymous_10)
DA:1,2
DA:3,6
DA:10,2
DA:12,1
DA:13,1
DA:17,4
DA:22,2
DA:25,2
LF:8
LH:8
BRDA:1,0,0,2
BRDA:1,0,1,2
BRDA:1,1,0,2
BRDA:1,1,1,0
BRDA:1,2,0,2
BRDA:1,2,1,0
BRDA:1,3,0,0
BRDA:1,3,1,2
BRDA:3,4,0,2
BRDA:3,4,1,4
BRDA:3,5,0,6
BRDA:3,5,1,6
BRDA:3,6,0,0
BRDA:3,6,1,1
BRDA:3,7,0,0
BRDA:3,7,1,1
BRDA:3,8,0,0
BRDA:3,8,1,1
BRDA:3,9,0,1
BRDA:3,9,1,0
BRDA:3,9,2,0
BRDA:3,10,0,0
BRDA:3,10,1,2
BRDA:3,11,0,2
BRDA:3,11,1,0
BRDA:3,12,0,2
BRDA:3,12,1,2
BRDA:3,13,0,2
BRDA:3,13,1,0
BRDA:3,14,0,2
BRDA:3,14,1,0
BRDA:10,15,0,1
BRDA:10,15,1,0
BRF:33
BRH:20
end_of_record
TN:
SF:/Users/andeladeveloper/Desktop/headlines/src/js/components/partials/in/Spinner.jsx
FN:1,_interopRequireDefault
FN:8,Spinner
FNF:2
FNH:2
FNDA:3,_interopRequireDefault
FNDA:1,Spinner
DA:1,3
DA:8,3
DA:9,1
LF:3
LH:3
BRDA:1,0,0,0
BRDA:1,0,1,3
BRDA:1,1,0,3
BRDA:1,1,1,3
BRF:4
BRH:3
end_of_record
TN:
SF:/Users/andeladeveloper/Desktop/headlines/src/js/constants/HeadlineActionTypes.js
FNF:0
FNH:0
DA:1,8
LF:1
LH:1
BRF:0
BRH:0
end_of_record
TN:
SF:/Users/andeladeveloper/Desktop/headlines/src/js/dispatcher/HeadlineDispatcher.js
FNF:0
FNH:0
DA:1,8
LF:1
LH:1
BRF:0
BRH:0
end_of_record
TN:
SF:/Users/andeladeveloper/Desktop/headlines/src/js/stores/HeadlineArticleStore.js
FN:1,(anonymous_0)
FN:1,defineProperties
FN:1,(anonymous_2)
FN:3,_interopRequireDefault
FN:3,_classCallCheck
FN:3,_possibleConstructorReturn
FN:3,_inherits
FN:10,(anonymous_7)
FN:16,HeadlineArticleStore
FN:25,getAllArticles
FN:35,handleActions
FNF:11
FNH:11
FNDA:2,(anonymous_0)
FNDA:2,defineProperties
FNDA:2,(anonymous_2)
FNDA:4,_interopRequireDefault
FNDA:2,_classCallCheck
FNDA:2,_possibleConstructorReturn
FNDA:2,_inherits
FNDA:2,(anonymous_7)
FNDA:2,HeadlineArticleStore
FNDA:3,getAllArticles
FNDA:2,handleActions
DA:1,4
DA:3,4
DA:10,2
DA:16,2
DA:25,2
DA:27,3
DA:37,2
DA:38,2
DA:39,2
DA:41,2
DA:44,2
LF:11
LH:11
BRDA:1,0,0,4
BRDA:1,0,1,4
BRDA:1,1,0,4
BRDA:1,1,1,0
BRDA:1,2,0,2
BRDA:1,2,1,0
BRDA:1,3,0,0
BRDA:1,3,1,2
BRDA:3,4,0,4
BRDA:3,4,1,0
BRDA:3,5,0,4
BRDA:3,5,1,4
BRDA:3,6,0,0
BRDA:3,6,1,2
BRDA:3,7,0,0
BRDA:3,7,1,2
BRDA:3,8,0,0
BRDA:3,8,1,2
BRDA:3,9,0,2
BRDA:3,9,1,0
BRDA:3,9,2,0
BRDA:3,10,0,0
BRDA:3,10,1,2
BRDA:3,11,0,2
BRDA:3,11,1,0
BRDA:3,12,0,2
BRDA:3,12,1,2
BRDA:3,13,0,2
BRDA:3,13,1,0
BRDA:3,14,0,2
BRDA:3,14,1,0
BRDA:16,15,0,2
BRDA:16,15,1,0
BRDA:37,16,0,2
BRDA:37,16,1,0
BRF:35
BRH:20
end_of_record
TN:
SF:/Users/andeladeveloper/Desktop/headlines/src/js/stores/HeadlineScrapeStore.js
FN:1,(anonymous_0)
FN:1,defineProperties
FN:1,(anonymous_2)
FN:3,_interopRequireDefault
FN:3,_classCallCheck
FN:3,_possibleConstructorReturn
FN:3,_inherits
FN:10,(anonymous_7)
FN:10,HeadlineScrapeStore
FN:10,construtor
FN:19,getFullArticle
FN:28,handleActions
FNF:12
FNH:11
FNDA:2,(anonymous_0)
FNDA:2,defineProperties
FNDA:2,(anonymous_2)
FNDA:4,_interopRequireDefault
FNDA:2,_classCallCheck
FNDA:2,_possibleConstructorReturn
FNDA:2,_inherits
FNDA:2,(anonymous_7)
FNDA:2,HeadlineScrapeStore
FNDA:0,construtor
FNDA:2,getFullArticle
FNDA:2,handleActions
DA:1,6
DA:3,4
DA:10,2
DA:12,0
DA:21,2
DA:30,2
DA:31,1
DA:32,1
DA:34,2
DA:37,2
LF:10
LH:9
BRDA:1,0,0,6
BRDA:1,0,1,6
BRDA:1,1,0,6
BRDA:1,1,1,0
BRDA:1,2,0,2
BRDA:1,2,1,0
BRDA:1,3,0,0
BRDA:1,3,1,2
BRDA:3,4,0,4
BRDA:3,4,1,0
BRDA:3,5,0,4
BRDA:3,5,1,4
BRDA:3,6,0,0
BRDA:3,6,1,2
BRDA:3,7,0,0
BRDA:3,7,1,2
BRDA:3,8,0,0
BRDA:3,8,1,2
BRDA:3,9,0,2
BRDA:3,9,1,0
BRDA:3,9,2,0
BRDA:3,10,0,0
BRDA:3,10,1,2
BRDA:3,11,0,2
BRDA:3,11,1,0
BRDA:3,12,0,2
BRDA:3,12,1,2
BRDA:3,13,0,2
BRDA:3,13,1,0
BRDA:3,14,0,2
BRDA:3,14,1,0
BRDA:10,15,0,2
BRDA:10,15,1,0
BRDA:30,16,0,1
BRDA:30,16,1,1
BRF:35
BRH:21
end_of_record
TN:
SF:/Users/andeladeveloper/Desktop/headlines/src/js/stores/HeadlineSourceStore.js
FN:1,(anonymous_0)
FN:1,defineProperties
FN:1,(anonymous_2)
FN:3,_interopRequireDefault
FN:3,_classCallCheck
FN:3,_possibleConstructorReturn
FN:3,_inherits
FN:10,(anonymous_7)
FN:15,HeadlineSourceStore
FN:25,getAllSources
FN:35,getFilteredSource
FN:41,(anonymous_11)
FN:55,handleActions
FNF:13
FNH:13
FNDA:2,(anonymous_0)
FNDA:2,defineProperties
FNDA:2,(anonymous_2)
FNDA:4,_interopRequireDefault
FNDA:2,_classCallCheck
FNDA:2,_possibleConstructorReturn
FNDA:2,_inherits
FNDA:2,(anonymous_7)
FNDA:2,HeadlineSourceStore
FNDA:5,getAllSources
FNDA:3,getFilteredSource
FNDA:4,(anonymous_11)
FNDA:4,handleActions
DA:1,6
DA:3,4
DA:10,2
DA:15,2
DA:25,2
DA:27,5
DA:37,3
DA:38,3
DA:39,2
DA:41,1
DA:42,4
DA:47,1
DA:57,4
DA:59,4
DA:60,4
DA:61,4
DA:63,0
DA:64,0
DA:65,0
DA:68,2
DA:71,2
LF:21
LH:18
BRDA:1,0,0,6
BRDA:1,0,1,6
BRDA:1,1,0,6
BRDA:1,1,1,0
BRDA:1,2,0,2
BRDA:1,2,1,0
BRDA:1,3,0,0
BRDA:1,3,1,2
BRDA:3,4,0,4
BRDA:3,4,1,0
BRDA:3,5,0,4
BRDA:3,5,1,4
BRDA:3,6,0,0
BRDA:3,6,1,2
BRDA:3,7,0,0
BRDA:3,7,1,2
BRDA:3,8,0,0
BRDA:3,8,1,2
BRDA:3,9,0,2
BRDA:3,9,1,0
BRDA:3,9,2,0
BRDA:3,10,0,0
BRDA:3,10,1,2
BRDA:3,11,0,2
BRDA:3,11,1,0
BRDA:3,12,0,2
BRDA:3,12,1,2
BRDA:3,13,0,2
BRDA:3,13,1,0
BRDA:3,14,0,2
BRDA:3,14,1,0
BRDA:15,15,0,2
BRDA:15,15,1,0
BRDA:38,16,0,2
BRDA:38,16,1,1
BRDA:57,17,0,4
BRDA:57,17,1,0
BRDA:57,17,2,0
BRF:38
BRH:22
end_of_record
TN:
SF:/Users/andeladeveloper/Desktop/headlines/src/js/utils/ArticleScraperAPI.js
FN:1,(anonymous_0)
FN:1,defineProperties
FN:1,(anonymous_2)
FN:1,_interopRequireDefault
FN:1,_classCallCheck
FNF:5
FNH:4
FNDA:5,(anonymous_0)
FNDA:5,defineProperties
FNDA:5,(anonymous_2)
FNDA:5,_interopRequireDefault
FNDA:0,_classCallCheck
DA:1,5
DA:3,5
LF:2
LH:2
BRDA:1,0,0,5
BRDA:1,0,1,5
BRDA:1,1,0,5
BRDA:1,1,1,0
BRDA:1,2,0,0
BRDA:1,2,1,5
BRDA:1,3,0,5
BRDA:1,3,1,0
BRDA:1,4,0,0
BRDA:1,4,1,5
BRDA:1,5,0,5
BRDA:1,5,1,5
BRDA:1,6,0,0
BRDA:1,6,1,0
BRF:14
BRH:8
end_of_record
TN:
SF:/Users/andeladeveloper/Desktop/headlines/src/js/utils/HeadlineAPI.js
FN:1,(anonymous_0)
FN:1,defineProperties
FN:1,(anonymous_2)
FN:1,_interopRequireDefault
FN:1,_classCallCheck
FNF:5
FNH:4
FNDA:4,(anonymous_0)
FNDA:4,defineProperties
FNDA:4,(anonymous_2)
FNDA:4,_interopRequireDefault
FNDA:0,_classCallCheck
DA:1,8
DA:3,4
DA:4,4
LF:3
LH:3
BRDA:1,0,0,8
BRDA:1,0,1,8
BRDA:1,1,0,8
BRDA:1,1,1,0
BRDA:1,2,0,0
BRDA:1,2,1,4
BRDA:1,3,0,4
BRDA:1,3,1,0
BRDA:1,4,0,0
BRDA:1,4,1,4
BRDA:1,5,0,4
BRDA:1,5,1,4
BRDA:1,6,0,0
BRDA:1,6,1,0
BRF:14
BRH:8
end_of_record
